#
# There is insufficient memory for the Java Runtime Environment to continue.
# Native memory allocation (malloc) failed to allocate 934736 bytes for Chunk::new
# Possible reasons:
#   The system is out of physical RAM or swap space
#   The process is running with CompressedOops enabled, and the Java Heap may be blocking the growth of the native heap
# Possible solutions:
#   Reduce memory load on the system
#   Increase physical memory or swap space
#   Check if swap backing store is full
#   Decrease Java heap size (-Xmx/-Xms)
#   Decrease number of Java threads
#   Decrease Java thread stack sizes (-Xss)
#   Set larger code cache with -XX:ReservedCodeCacheSize=
#   JVM is running with Unscaled Compressed Oops mode in which the Java heap is
#     placed in the first 4GB address space. The Java Heap base address is the
#     maximum limit for the native heap growth. Please use -XX:HeapBaseMinAddress
#     to set the Java Heap base and to place the Java Heap above 4GB virtual address.
# This output file may be truncated or incomplete.
#
#  Out of Memory Error (./src/hotspot/share/memory/arena.cpp:197), pid=6820, tid=25004
#
# JRE version: OpenJDK Runtime Environment (11.0.13) (build 11.0.13+0-b1751.21-8125866)
# Java VM: OpenJDK 64-Bit Server VM (11.0.13+0-b1751.21-8125866, mixed mode, tiered, compressed oops, g1 gc, windows-amd64)
# No core dump will be written. Minidumps are not enabled by default on client versions of Windows
#

---------------  S U M M A R Y ------------

Command Line: --add-opens=java.base/java.util=ALL-UNNAMED --add-opens=java.base/java.lang=ALL-UNNAMED --add-opens=java.base/java.lang.invoke=ALL-UNNAMED --add-opens=java.prefs/java.util.prefs=ALL-UNNAMED -Xmx1536m -Dfile.encoding=windows-1252 -Duser.country=IN -Duser.language=en -Duser.variant org.gradle.launcher.daemon.bootstrap.GradleDaemon 5.4.1

Host: 11th Gen Intel(R) Core(TM) i3-1115G4 @ 3.00GHz, 4 cores, 7G,  Windows 11 , 64 bit Build 22621 (10.0.22621.2506)
Time: Tue Nov 28 13:39:37 2023 India Standard Time elapsed time: 151.366730 seconds (0d 0h 2m 31s)

---------------  T H R E A D  ---------------

Current thread (0x000001f8d0dfe000):  JavaThread "C2 CompilerThread0" daemon [_thread_in_native, id=25004, stack(0x00000016cbd00000,0x00000016cbe00000)]


Current CompileTask:
C2: 151368 7649       4       sun.reflect.generics.parser.SignatureParser::parsePackageNameAndSimpleClassTypeSignature (119 bytes)

Stack: [0x00000016cbd00000,0x00000016cbe00000]
Native frames: (J=compiled Java code, j=interpreted, Vv=VM code, C=native code)
V  [jvm.dll+0x6100fa]
V  [jvm.dll+0x747090]
V  [jvm.dll+0x7486ad]
V  [jvm.dll+0x748d83]
V  [jvm.dll+0x24ab48]
V  [jvm.dll+0xc04dc]
V  [jvm.dll+0xc0a0c]
V  [jvm.dll+0x2bfab4]
V  [jvm.dll+0x524238]
V  [jvm.dll+0x20b193]
V  [jvm.dll+0x204ca0]
V  [jvm.dll+0x2023c2]
V  [jvm.dll+0x188e01]
V  [jvm.dll+0x21106b]
V  [jvm.dll+0x20f8c1]
V  [jvm.dll+0x70de0f]
V  [jvm.dll+0x706a75]
V  [jvm.dll+0x60ed66]
C  [ucrtbase.dll+0x29363]
C  [KERNEL32.DLL+0x1257d]
C  [ntdll.dll+0x5aa58]


---------------  P R O C E S S  ---------------

Threads class SMR info:
_java_thread_list=0x000001f8d70cc600, length=35, elements={
0x000001f8b7b56000, 0x000001f8d0469000, 0x000001f8d046a000, 0x000001f8d0df5800,
0x000001f8d0df8800, 0x000001f8d0df9800, 0x000001f8d0dfe000, 0x000001f8d0e01800,
0x000001f8d0493000, 0x000001f8d0f39800, 0x000001f8d23ff000, 0x000001f8d2286800,
0x000001f8d262c800, 0x000001f8d1d5d000, 0x000001f8d1d58000, 0x000001f8d1d5d800,
0x000001f8d1d5c000, 0x000001f8d50db000, 0x000001f8d50d9800, 0x000001f8d50da800,
0x000001f8d50dc000, 0x000001f8d50d8800, 0x000001f8d50dc800, 0x000001f8d50dd800,
0x000001f8d50d8000, 0x000001f8d50e1000, 0x000001f8d50e1800, 0x000001f8d50e2800,
0x000001f8d50e0000, 0x000001f8d50e3800, 0x000001f8d50e4000, 0x000001f8d50de800,
0x000001f8d50e5000, 0x000001f8d50df000, 0x000001f8d50e5800
}

Java Threads: ( => current thread )
  0x000001f8b7b56000 JavaThread "main" [_thread_blocked, id=30420, stack(0x00000016cb100000,0x00000016cb200000)]
  0x000001f8d0469000 JavaThread "Reference Handler" daemon [_thread_blocked, id=8664, stack(0x00000016cb800000,0x00000016cb900000)]
  0x000001f8d046a000 JavaThread "Finalizer" daemon [_thread_blocked, id=26552, stack(0x00000016cb900000,0x00000016cba00000)]
  0x000001f8d0df5800 JavaThread "Signal Dispatcher" daemon [_thread_blocked, id=9332, stack(0x00000016cba00000,0x00000016cbb00000)]
  0x000001f8d0df8800 JavaThread "Attach Listener" daemon [_thread_blocked, id=28788, stack(0x00000016cbb00000,0x00000016cbc00000)]
  0x000001f8d0df9800 JavaThread "Service Thread" daemon [_thread_blocked, id=18844, stack(0x00000016cbc00000,0x00000016cbd00000)]
=>0x000001f8d0dfe000 JavaThread "C2 CompilerThread0" daemon [_thread_in_native, id=25004, stack(0x00000016cbd00000,0x00000016cbe00000)]
  0x000001f8d0e01800 JavaThread "C1 CompilerThread0" daemon [_thread_blocked, id=28068, stack(0x00000016cbe00000,0x00000016cbf00000)]
  0x000001f8d0493000 JavaThread "Sweeper thread" daemon [_thread_blocked, id=6516, stack(0x00000016cbf00000,0x00000016cc000000)]
  0x000001f8d0f39800 JavaThread "Common-Cleaner" daemon [_thread_blocked, id=29684, stack(0x00000016cc000000,0x00000016cc100000)]
  0x000001f8d23ff000 JavaThread "Daemon health stats" [_thread_blocked, id=22100, stack(0x00000016cc300000,0x00000016cc400000)]
  0x000001f8d2286800 JavaThread "Incoming local TCP Connector on port 62831" [_thread_in_native, id=30324, stack(0x00000016cc400000,0x00000016cc500000)]
  0x000001f8d262c800 JavaThread "Daemon periodic checks" [_thread_blocked, id=24104, stack(0x00000016cc500000,0x00000016cc600000)]
  0x000001f8d1d5d000 JavaThread "Cache worker for file hash cache (C:\Users\Mazenet-Mounika\.gradle\caches\5.4.1\fileHashes)" [_thread_blocked, id=30380, stack(0x00000016ccd00000,0x00000016cce00000)]
  0x000001f8d1d58000 JavaThread "File lock request listener" [_thread_in_native, id=28040, stack(0x00000016cce00000,0x00000016ccf00000)]
  0x000001f8d1d5d800 JavaThread "Cache worker for journal cache (C:\Users\Mazenet-Mounika\.gradle\caches\journal-1)" [_thread_blocked, id=13532, stack(0x00000016ccf00000,0x00000016cd000000)]
  0x000001f8d1d5c000 JavaThread "Cache worker for execution history cache (C:\Users\Mazenet-Mounika\.gradle\caches\5.4.1\executionHistory)" [_thread_blocked, id=23488, stack(0x00000016cd500000,0x00000016cd600000)]
  0x000001f8d50db000 JavaThread "Memory manager" [_thread_blocked, id=11188, stack(0x00000016cdc00000,0x00000016cdd00000)]
  0x000001f8d50d9800 JavaThread "Daemon Thread 2" [_thread_blocked, id=29472, stack(0x00000016cae00000,0x00000016caf00000)]
  0x000001f8d50da800 JavaThread "Handler for socket connection from /127.0.0.1:62831 to /127.0.0.1:62973" [_thread_in_native, id=12924, stack(0x00000016caf00000,0x00000016cb000000)]
  0x000001f8d50dc000 JavaThread "Cancel handler" [_thread_blocked, id=20864, stack(0x00000016cb000000,0x00000016cb100000)]
  0x000001f8d50d8800 JavaThread "Daemon worker Thread 2" [_thread_in_vm, id=6356, stack(0x00000016cc600000,0x00000016cc700000)]
  0x000001f8d50dc800 JavaThread "Asynchronous log dispatcher for DefaultDaemonConnection: socket connection from /127.0.0.1:62831 to /127.0.0.1:62973" [_thread_blocked, id=28320, stack(0x00000016cc700000,0x00000016cc800000)]
  0x000001f8d50dd800 JavaThread "Stdin handler" [_thread_blocked, id=12168, stack(0x00000016cc800000,0x00000016cc900000)]
  0x000001f8d50d8000 JavaThread "Thread-31" [_thread_blocked, id=5224, stack(0x00000016cc900000,0x00000016cca00000)]
  0x000001f8d50e1000 JavaThread "Cache worker for file hash cache (C:\Users\Mazenet-Mounika\Documents\Sivasarvana\Catalyst_chit_Employee_app\.gradle\5.4.1\fileHashes)" [_thread_blocked, id=30564, stack(0x00000016cca00000,0x00000016ccb00000)]
  0x000001f8d50e1800 JavaThread "Cache worker for cache directory md-supplier (C:\Users\Mazenet-Mounika\.gradle\caches\5.4.1\md-supplier)" [_thread_blocked, id=27908, stack(0x00000016ccb00000,0x00000016ccc00000)]
  0x000001f8d50e2800 JavaThread "Cache worker for cache directory md-rule (C:\Users\Mazenet-Mounika\.gradle\caches\5.4.1\md-rule)" [_thread_blocked, id=29012, stack(0x00000016ccc00000,0x00000016ccd00000)]
  0x000001f8d50e0000 JavaThread "Build operations" [_thread_blocked, id=2444, stack(0x00000016cd200000,0x00000016cd300000)]
  0x000001f8d50e3800 JavaThread "Build operations Thread 2" [_thread_blocked, id=29952, stack(0x00000016cd300000,0x00000016cd400000)]
  0x000001f8d50e4000 JavaThread "Build operations Thread 3" [_thread_blocked, id=21368, stack(0x00000016cd400000,0x00000016cd500000)]
  0x000001f8d50de800 JavaThread "Build operations Thread 4" [_thread_blocked, id=29832, stack(0x00000016cd600000,0x00000016cd700000)]
  0x000001f8d50e5000 JavaThread "Cache worker for Build Output Cleanup Cache (C:\Users\Mazenet-Mounika\Documents\Sivasarvana\Catalyst_chit_Employee_app\.gradle\buildOutputCleanup)" [_thread_blocked, id=29436, stack(0x00000016cd700000,0x00000016cd800000)]
  0x000001f8d50df000 JavaThread "Cache worker for file content cache (C:\Users\Mazenet-Mounika\.gradle\caches\5.4.1\fileContent)" [_thread_blocked, id=22824, stack(0x00000016cd800000,0x00000016cd900000)]
  0x000001f8d50e5800 JavaThread "Cache worker for file content cache (C:\Users\Mazenet-Mounika\Documents\Sivasarvana\Catalyst_chit_Employee_app\.gradle\5.4.1\fileContent)" [_thread_blocked, id=10812, stack(0x00000016cd900000,0x00000016cda00000)]

Other Threads:
  0x000001f8d0444000 VMThread "VM Thread" [stack: 0x00000016cb700000,0x00000016cb800000] [id=29784]
  0x000001f8d0f69000 WatcherThread [stack: 0x00000016cc100000,0x00000016cc200000] [id=25632]
  0x000001f8b7b70000 GCTaskThread "GC Thread#0" [stack: 0x00000016cb200000,0x00000016cb300000] [id=20760]
  0x000001f8d1712800 GCTaskThread "GC Thread#1" [stack: 0x00000016cc200000,0x00000016cc300000] [id=29480]
  0x000001f8d1839800 GCTaskThread "GC Thread#2" [stack: 0x00000016cd000000,0x00000016cd100000] [id=27904]
  0x000001f8d17fc800 GCTaskThread "GC Thread#3" [stack: 0x00000016cd100000,0x00000016cd200000] [id=13652]
  0x000001f8b7b97000 ConcurrentGCThread "G1 Main Marker" [stack: 0x00000016cb300000,0x00000016cb400000] [id=8152]
  0x000001f8b7b98800 ConcurrentGCThread "G1 Conc#0" [stack: 0x00000016cb400000,0x00000016cb500000] [id=27052]
  0x000001f8b7c16000 ConcurrentGCThread "G1 Refine#0" [stack: 0x00000016cb500000,0x00000016cb600000] [id=28236]
  0x000001f8d5acc800 ConcurrentGCThread "G1 Refine#1" [stack: 0x00000016cda00000,0x00000016cdb00000] [id=20368]
  0x000001f8b7c17000 ConcurrentGCThread "G1 Young RemSet Sampling" [stack: 0x00000016cb600000,0x00000016cb700000] [id=29948]

Threads with active compile tasks:
C2 CompilerThread0 151462 7649       4       sun.reflect.generics.parser.SignatureParser::parsePackageNameAndSimpleClassTypeSignature (119 bytes)

VM state:not at safepoint (normal execution)

VM Mutex/Monitor currently owned by a thread: None

Heap address: 0x00000000a0000000, size: 1536 MB, Compressed Oops mode: 32-bit
Narrow klass base: 0x0000000000000000, Narrow klass shift: 3
Compressed class space size: 1073741824 Address: 0x0000000100000000

Heap:
 garbage-first heap   total 152576K, used 90396K [0x00000000a0000000, 0x0000000100000000)
  region size 1024K, 39 young (39936K), 4 survivors (4096K)
 Metaspace       used 74041K, capacity 75521K, committed 75776K, reserved 1116160K
  class space    used 9153K, capacity 9665K, committed 9728K, reserved 1048576K
Heap Regions: E=young(eden), S=young(survivor), O=old, HS=humongous(starts), HC=humongous(continues), CS=collection set, F=free, A=archive, TAMS=top-at-mark-start (previous, next)
|   0|0x00000000a0000000, 0x00000000a0100000, 0x00000000a0100000|100%| O|  |TAMS 0x00000000a0100000, 0x00000000a0000000| Untracked 
|   1|0x00000000a0100000, 0x00000000a0200000, 0x00000000a0200000|100%| O|  |TAMS 0x00000000a0200000, 0x00000000a0100000| Untracked 
|   2|0x00000000a0200000, 0x00000000a0300000, 0x00000000a0300000|100%|HS|  |TAMS 0x00000000a0300000, 0x00000000a0200000| Complete 
|   3|0x00000000a0300000, 0x00000000a0400000, 0x00000000a0400000|100%|HS|  |TAMS 0x00000000a0400000, 0x00000000a0300000| Complete 
|   4|0x00000000a0400000, 0x00000000a0500000, 0x00000000a0500000|100%|HC|  |TAMS 0x00000000a0500000, 0x00000000a0400000| Complete 
|   5|0x00000000a0500000, 0x00000000a0600000, 0x00000000a0600000|100%| O|  |TAMS 0x00000000a0600000, 0x00000000a0500000| Untracked 
|   6|0x00000000a0600000, 0x00000000a0700000, 0x00000000a0700000|100%| O|  |TAMS 0x00000000a0700000, 0x00000000a0600000| Untracked 
|   7|0x00000000a0700000, 0x00000000a0800000, 0x00000000a0800000|100%| O|  |TAMS 0x00000000a0800000, 0x00000000a0700000| Untracked 
|   8|0x00000000a0800000, 0x00000000a0900000, 0x00000000a0900000|100%| O|  |TAMS 0x00000000a0900000, 0x00000000a0800000| Untracked 
|   9|0x00000000a0900000, 0x00000000a0a00000, 0x00000000a0a00000|100%| O|  |TAMS 0x00000000a0a00000, 0x00000000a0900000| Untracked 
|  10|0x00000000a0a00000, 0x00000000a0b00000, 0x00000000a0b00000|100%| O|  |TAMS 0x00000000a0b00000, 0x00000000a0a00000| Untracked 
|  11|0x00000000a0b00000, 0x00000000a0c00000, 0x00000000a0c00000|100%| O|  |TAMS 0x00000000a0c00000, 0x00000000a0b00000| Untracked 
|  12|0x00000000a0c00000, 0x00000000a0d00000, 0x00000000a0d00000|100%| O|  |TAMS 0x00000000a0d00000, 0x00000000a0c00000| Untracked 
|  13|0x00000000a0d00000, 0x00000000a0e00000, 0x00000000a0e00000|100%| O|  |TAMS 0x00000000a0e00000, 0x00000000a0d00000| Untracked 
|  14|0x00000000a0e00000, 0x00000000a0f00000, 0x00000000a0f00000|100%| O|  |TAMS 0x00000000a0f00000, 0x00000000a0e00000| Untracked 
|  15|0x00000000a0f00000, 0x00000000a1000000, 0x00000000a1000000|100%| O|  |TAMS 0x00000000a1000000, 0x00000000a0f00000| Untracked 
|  16|0x00000000a1000000, 0x00000000a1100000, 0x00000000a1100000|100%| O|  |TAMS 0x00000000a1100000, 0x00000000a1000000| Untracked 
|  17|0x00000000a1100000, 0x00000000a1200000, 0x00000000a1200000|100%| O|  |TAMS 0x00000000a1200000, 0x00000000a1100000| Untracked 
|  18|0x00000000a1200000, 0x00000000a1300000, 0x00000000a1300000|100%| O|  |TAMS 0x00000000a1300000, 0x00000000a1200000| Untracked 
|  19|0x00000000a1300000, 0x00000000a1400000, 0x00000000a1400000|100%|HS|  |TAMS 0x00000000a1400000, 0x00000000a1300000| Complete 
|  20|0x00000000a1400000, 0x00000000a1500000, 0x00000000a1500000|100%|HC|  |TAMS 0x00000000a1500000, 0x00000000a1400000| Complete 
|  21|0x00000000a1500000, 0x00000000a1600000, 0x00000000a1600000|100%|HS|  |TAMS 0x00000000a1600000, 0x00000000a1500000| Complete 
|  22|0x00000000a1600000, 0x00000000a1700000, 0x00000000a1700000|100%|HC|  |TAMS 0x00000000a1700000, 0x00000000a1600000| Complete 
|  23|0x00000000a1700000, 0x00000000a1800000, 0x00000000a1800000|100%| O|  |TAMS 0x00000000a1800000, 0x00000000a1700000| Untracked 
|  24|0x00000000a1800000, 0x00000000a1900000, 0x00000000a1900000|100%| O|  |TAMS 0x00000000a1900000, 0x00000000a1800000| Untracked 
|  25|0x00000000a1900000, 0x00000000a1a00000, 0x00000000a1a00000|100%| O|  |TAMS 0x00000000a1a00000, 0x00000000a1900000| Untracked 
|  26|0x00000000a1a00000, 0x00000000a1b00000, 0x00000000a1b00000|100%| O|  |TAMS 0x00000000a1b00000, 0x00000000a1a00000| Untracked 
|  27|0x00000000a1b00000, 0x00000000a1c00000, 0x00000000a1c00000|100%| O|  |TAMS 0x00000000a1c00000, 0x00000000a1b00000| Untracked 
|  28|0x00000000a1c00000, 0x00000000a1d00000, 0x00000000a1d00000|100%| O|  |TAMS 0x00000000a1d00000, 0x00000000a1c00000| Untracked 
|  29|0x00000000a1d00000, 0x00000000a1e00000, 0x00000000a1e00000|100%| O|  |TAMS 0x00000000a1e00000, 0x00000000a1d00000| Untracked 
|  30|0x00000000a1e00000, 0x00000000a1f00000, 0x00000000a1f00000|100%| O|  |TAMS 0x00000000a1f00000, 0x00000000a1e00000| Untracked 
|  31|0x00000000a1f00000, 0x00000000a2000000, 0x00000000a2000000|100%| O|  |TAMS 0x00000000a2000000, 0x00000000a1f00000| Untracked 
|  32|0x00000000a2000000, 0x00000000a2100000, 0x00000000a2100000|100%| O|  |TAMS 0x00000000a2100000, 0x00000000a2000000| Untracked 
|  33|0x00000000a2100000, 0x00000000a2200000, 0x00000000a2200000|100%| O|  |TAMS 0x00000000a2200000, 0x00000000a2100000| Untracked 
|  34|0x00000000a2200000, 0x00000000a2300000, 0x00000000a2300000|100%| O|  |TAMS 0x00000000a2300000, 0x00000000a2200000| Untracked 
|  35|0x00000000a2300000, 0x00000000a2400000, 0x00000000a2400000|100%| O|  |TAMS 0x00000000a2400000, 0x00000000a2300000| Untracked 
|  36|0x00000000a2400000, 0x00000000a2500000, 0x00000000a2500000|100%| O|  |TAMS 0x00000000a2500000, 0x00000000a2400000| Untracked 
|  37|0x00000000a2500000, 0x00000000a2600000, 0x00000000a2600000|100%| O|  |TAMS 0x00000000a2600000, 0x00000000a2500000| Untracked 
|  38|0x00000000a2600000, 0x00000000a2700000, 0x00000000a2700000|100%| O|  |TAMS 0x00000000a2700000, 0x00000000a2600000| Untracked 
|  39|0x00000000a2700000, 0x00000000a2800000, 0x00000000a2800000|100%| O|  |TAMS 0x00000000a2800000, 0x00000000a2700000| Untracked 
|  40|0x00000000a2800000, 0x00000000a2900000, 0x00000000a2900000|100%| O|  |TAMS 0x00000000a2900000, 0x00000000a2800000| Untracked 
|  41|0x00000000a2900000, 0x00000000a2a00000, 0x00000000a2a00000|100%| O|  |TAMS 0x00000000a2a00000, 0x00000000a2900000| Untracked 
|  42|0x00000000a2a00000, 0x00000000a2b00000, 0x00000000a2b00000|100%| O|  |TAMS 0x00000000a2a95200, 0x00000000a2a00000| Untracked 
|  43|0x00000000a2b00000, 0x00000000a2c00000, 0x00000000a2c00000|100%| O|  |TAMS 0x00000000a2b00000, 0x00000000a2b00000| Untracked 
|  44|0x00000000a2c00000, 0x00000000a2d00000, 0x00000000a2d00000|100%| O|  |TAMS 0x00000000a2c00000, 0x00000000a2c00000| Untracked 
|  45|0x00000000a2d00000, 0x00000000a2e00000, 0x00000000a2e00000|100%| O|  |TAMS 0x00000000a2d00000, 0x00000000a2d00000| Untracked 
|  46|0x00000000a2e00000, 0x00000000a2f00000, 0x00000000a2f00000|100%| O|  |TAMS 0x00000000a2e00000, 0x00000000a2e00000| Untracked 
|  47|0x00000000a2f00000, 0x00000000a3000000, 0x00000000a3000000|100%| O|  |TAMS 0x00000000a2f00000, 0x00000000a2f00000| Untracked 
|  48|0x00000000a3000000, 0x00000000a3100000, 0x00000000a3100000|100%| O|  |TAMS 0x00000000a3000000, 0x00000000a3000000| Untracked 
|  49|0x00000000a3100000, 0x00000000a3200000, 0x00000000a3200000|100%| O|  |TAMS 0x00000000a3100000, 0x00000000a3100000| Untracked 
|  50|0x00000000a3200000, 0x00000000a3300000, 0x00000000a3300000|100%| O|  |TAMS 0x00000000a3200000, 0x00000000a3200000| Untracked 
|  51|0x00000000a3300000, 0x00000000a3300000, 0x00000000a3400000|  0%| F|  |TAMS 0x00000000a3300000, 0x00000000a3300000| Untracked 
|  52|0x00000000a3400000, 0x00000000a3400000, 0x00000000a3500000|  0%| F|  |TAMS 0x00000000a3400000, 0x00000000a3400000| Untracked 
|  53|0x00000000a3500000, 0x00000000a3500000, 0x00000000a3600000|  0%| F|  |TAMS 0x00000000a3500000, 0x00000000a3500000| Untracked 
|  54|0x00000000a3600000, 0x00000000a3600000, 0x00000000a3700000|  0%| F|  |TAMS 0x00000000a3600000, 0x00000000a3600000| Untracked 
|  55|0x00000000a3700000, 0x00000000a3700000, 0x00000000a3800000|  0%| F|  |TAMS 0x00000000a3700000, 0x00000000a3700000| Untracked 
|  56|0x00000000a3800000, 0x00000000a3800000, 0x00000000a3900000|  0%| F|  |TAMS 0x00000000a3800000, 0x00000000a3800000| Untracked 
|  57|0x00000000a3900000, 0x00000000a3900000, 0x00000000a3a00000|  0%| F|  |TAMS 0x00000000a3900000, 0x00000000a3900000| Untracked 
|  58|0x00000000a3a00000, 0x00000000a3a00000, 0x00000000a3b00000|  0%| F|  |TAMS 0x00000000a3a00000, 0x00000000a3a00000| Untracked 
|  59|0x00000000a3b00000, 0x00000000a3b00000, 0x00000000a3c00000|  0%| F|  |TAMS 0x00000000a3b00000, 0x00000000a3b00000| Untracked 
|  60|0x00000000a3c00000, 0x00000000a3c00000, 0x00000000a3d00000|  0%| F|  |TAMS 0x00000000a3c00000, 0x00000000a3c00000| Untracked 
|  61|0x00000000a3d00000, 0x00000000a3d00000, 0x00000000a3e00000|  0%| F|  |TAMS 0x00000000a3d00000, 0x00000000a3d00000| Untracked 
|  62|0x00000000a3e00000, 0x00000000a3e00000, 0x00000000a3f00000|  0%| F|  |TAMS 0x00000000a3e00000, 0x00000000a3e00000| Untracked 
|  63|0x00000000a3f00000, 0x00000000a3f00000, 0x00000000a4000000|  0%| F|  |TAMS 0x00000000a3f00000, 0x00000000a3f00000| Untracked 
|  64|0x00000000a4000000, 0x00000000a4000000, 0x00000000a4100000|  0%| F|  |TAMS 0x00000000a4000000, 0x00000000a4000000| Untracked 
|  65|0x00000000a4100000, 0x00000000a4100000, 0x00000000a4200000|  0%| F|  |TAMS 0x00000000a4100000, 0x00000000a4100000| Untracked 
|  66|0x00000000a4200000, 0x00000000a4200000, 0x00000000a4300000|  0%| F|  |TAMS 0x00000000a4200000, 0x00000000a4200000| Untracked 
|  67|0x00000000a4300000, 0x00000000a4300000, 0x00000000a4400000|  0%| F|  |TAMS 0x00000000a4300000, 0x00000000a4300000| Untracked 
|  68|0x00000000a4400000, 0x00000000a4400000, 0x00000000a4500000|  0%| F|  |TAMS 0x00000000a4400000, 0x00000000a4400000| Untracked 
|  69|0x00000000a4500000, 0x00000000a4500000, 0x00000000a4600000|  0%| F|  |TAMS 0x00000000a4500000, 0x00000000a4500000| Untracked 
|  70|0x00000000a4600000, 0x00000000a4600000, 0x00000000a4700000|  0%| F|  |TAMS 0x00000000a4600000, 0x00000000a4600000| Untracked 
|  71|0x00000000a4700000, 0x00000000a4700000, 0x00000000a4800000|  0%| F|  |TAMS 0x00000000a4700000, 0x00000000a4700000| Untracked 
|  72|0x00000000a4800000, 0x00000000a4800000, 0x00000000a4900000|  0%| F|  |TAMS 0x00000000a4800000, 0x00000000a4800000| Untracked 
|  73|0x00000000a4900000, 0x00000000a4900000, 0x00000000a4a00000|  0%| F|  |TAMS 0x00000000a4900000, 0x00000000a4900000| Untracked 
|  74|0x00000000a4a00000, 0x00000000a4a00000, 0x00000000a4b00000|  0%| F|  |TAMS 0x00000000a4a00000, 0x00000000a4a00000| Untracked 
|  75|0x00000000a4b00000, 0x00000000a4b00000, 0x00000000a4c00000|  0%| F|  |TAMS 0x00000000a4b00000, 0x00000000a4b00000| Untracked 
|  76|0x00000000a4c00000, 0x00000000a4c00000, 0x00000000a4d00000|  0%| F|  |TAMS 0x00000000a4c00000, 0x00000000a4c00000| Untracked 
|  77|0x00000000a4d00000, 0x00000000a4d00000, 0x00000000a4e00000|  0%| F|  |TAMS 0x00000000a4d00000, 0x00000000a4d00000| Untracked 
|  78|0x00000000a4e00000, 0x00000000a4e00000, 0x00000000a4f00000|  0%| F|  |TAMS 0x00000000a4e00000, 0x00000000a4e00000| Untracked 
|  79|0x00000000a4f00000, 0x00000000a4f00000, 0x00000000a5000000|  0%| F|  |TAMS 0x00000000a4f00000, 0x00000000a4f00000| Untracked 
|  80|0x00000000a5000000, 0x00000000a5000000, 0x00000000a5100000|  0%| F|  |TAMS 0x00000000a5000000, 0x00000000a5000000| Untracked 
|  81|0x00000000a5100000, 0x00000000a5100000, 0x00000000a5200000|  0%| F|  |TAMS 0x00000000a5100000, 0x00000000a5100000| Untracked 
|  82|0x00000000a5200000, 0x00000000a5200000, 0x00000000a5300000|  0%| F|  |TAMS 0x00000000a5200000, 0x00000000a5200000| Untracked 
|  83|0x00000000a5300000, 0x00000000a5300000, 0x00000000a5400000|  0%| F|  |TAMS 0x00000000a5300000, 0x00000000a5300000| Untracked 
|  84|0x00000000a5400000, 0x00000000a5400000, 0x00000000a5500000|  0%| F|  |TAMS 0x00000000a5400000, 0x00000000a5400000| Untracked 
|  85|0x00000000a5500000, 0x00000000a5500000, 0x00000000a5600000|  0%| F|  |TAMS 0x00000000a5500000, 0x00000000a5500000| Untracked 
|  86|0x00000000a5600000, 0x00000000a5600000, 0x00000000a5700000|  0%| F|  |TAMS 0x00000000a5600000, 0x00000000a5600000| Untracked 
|  87|0x00000000a5700000, 0x00000000a5700000, 0x00000000a5800000|  0%| F|  |TAMS 0x00000000a5700000, 0x00000000a5700000| Untracked 
|  88|0x00000000a5800000, 0x00000000a5800000, 0x00000000a5900000|  0%| F|  |TAMS 0x00000000a5800000, 0x00000000a5800000| Untracked 
|  89|0x00000000a5900000, 0x00000000a5900000, 0x00000000a5a00000|  0%| F|  |TAMS 0x00000000a5900000, 0x00000000a5900000| Untracked 
|  90|0x00000000a5a00000, 0x00000000a5a00000, 0x00000000a5b00000|  0%| F|  |TAMS 0x00000000a5a00000, 0x00000000a5a00000| Untracked 
|  91|0x00000000a5b00000, 0x00000000a5b00000, 0x00000000a5c00000|  0%| F|  |TAMS 0x00000000a5b00000, 0x00000000a5b00000| Untracked 
|  92|0x00000000a5c00000, 0x00000000a5c00000, 0x00000000a5d00000|  0%| F|  |TAMS 0x00000000a5c00000, 0x00000000a5c00000| Untracked 
|  93|0x00000000a5d00000, 0x00000000a5d00000, 0x00000000a5e00000|  0%| F|  |TAMS 0x00000000a5d00000, 0x00000000a5d00000| Untracked 
|  94|0x00000000a5e00000, 0x00000000a5e00000, 0x00000000a5f00000|  0%| F|  |TAMS 0x00000000a5e00000, 0x00000000a5e00000| Untracked 
|  95|0x00000000a5f00000, 0x00000000a5f00000, 0x00000000a6000000|  0%| F|  |TAMS 0x00000000a5f00000, 0x00000000a5f00000| Untracked 
|  96|0x00000000a6000000, 0x00000000a6000000, 0x00000000a6100000|  0%| F|  |TAMS 0x00000000a6000000, 0x00000000a6000000| Untracked 
|  97|0x00000000a6100000, 0x00000000a6100000, 0x00000000a6200000|  0%| F|  |TAMS 0x00000000a6100000, 0x00000000a6100000| Untracked 
|  98|0x00000000a6200000, 0x00000000a6200000, 0x00000000a6300000|  0%| F|  |TAMS 0x00000000a6200000, 0x00000000a6200000| Untracked 
|  99|0x00000000a6300000, 0x00000000a6300000, 0x00000000a6400000|  0%| F|  |TAMS 0x00000000a6300000, 0x00000000a6300000| Untracked 
| 100|0x00000000a6400000, 0x00000000a6400000, 0x00000000a6500000|  0%| F|  |TAMS 0x00000000a6400000, 0x00000000a6400000| Untracked 
| 101|0x00000000a6500000, 0x00000000a6500000, 0x00000000a6600000|  0%| F|  |TAMS 0x00000000a6500000, 0x00000000a6500000| Untracked 
| 102|0x00000000a6600000, 0x00000000a6600000, 0x00000000a6700000|  0%| F|  |TAMS 0x00000000a6600000, 0x00000000a6600000| Untracked 
| 103|0x00000000a6700000, 0x00000000a6700000, 0x00000000a6800000|  0%| F|  |TAMS 0x00000000a6700000, 0x00000000a6700000| Untracked 
| 104|0x00000000a6800000, 0x00000000a6800000, 0x00000000a6900000|  0%| F|  |TAMS 0x00000000a6800000, 0x00000000a6800000| Untracked 
| 105|0x00000000a6900000, 0x00000000a6900000, 0x00000000a6a00000|  0%| F|  |TAMS 0x00000000a6900000, 0x00000000a6900000| Untracked 
| 106|0x00000000a6a00000, 0x00000000a6a00000, 0x00000000a6b00000|  0%| F|  |TAMS 0x00000000a6a00000, 0x00000000a6a00000| Untracked 
| 107|0x00000000a6b00000, 0x00000000a6b00000, 0x00000000a6c00000|  0%| F|  |TAMS 0x00000000a6b00000, 0x00000000a6b00000| Untracked 
| 108|0x00000000a6c00000, 0x00000000a6c00000, 0x00000000a6d00000|  0%| F|  |TAMS 0x00000000a6c00000, 0x00000000a6c00000| Untracked 
| 109|0x00000000a6d00000, 0x00000000a6d00000, 0x00000000a6e00000|  0%| F|  |TAMS 0x00000000a6d00000, 0x00000000a6d00000| Untracked 
| 110|0x00000000a6e00000, 0x00000000a6ebc960, 0x00000000a6f00000| 73%| E|  |TAMS 0x00000000a6e00000, 0x00000000a6e00000| Complete 
| 111|0x00000000a6f00000, 0x00000000a7000000, 0x00000000a7000000|100%| E|CS|TAMS 0x00000000a6f00000, 0x00000000a6f00000| Complete 
| 112|0x00000000a7000000, 0x00000000a7100000, 0x00000000a7100000|100%| E|CS|TAMS 0x00000000a7000000, 0x00000000a7000000| Complete 
| 113|0x00000000a7100000, 0x00000000a7200000, 0x00000000a7200000|100%| E|CS|TAMS 0x00000000a7100000, 0x00000000a7100000| Complete 
| 114|0x00000000a7200000, 0x00000000a7300000, 0x00000000a7300000|100%| E|CS|TAMS 0x00000000a7200000, 0x00000000a7200000| Complete 
| 115|0x00000000a7300000, 0x00000000a7400000, 0x00000000a7400000|100%| E|CS|TAMS 0x00000000a7300000, 0x00000000a7300000| Complete 
| 116|0x00000000a7400000, 0x00000000a7500000, 0x00000000a7500000|100%| E|CS|TAMS 0x00000000a7400000, 0x00000000a7400000| Complete 
| 117|0x00000000a7500000, 0x00000000a7600000, 0x00000000a7600000|100%| E|CS|TAMS 0x00000000a7500000, 0x00000000a7500000| Complete 
| 118|0x00000000a7600000, 0x00000000a7700000, 0x00000000a7700000|100%| E|CS|TAMS 0x00000000a7600000, 0x00000000a7600000| Complete 
| 119|0x00000000a7700000, 0x00000000a7800000, 0x00000000a7800000|100%| E|CS|TAMS 0x00000000a7700000, 0x00000000a7700000| Complete 
| 120|0x00000000a7800000, 0x00000000a7900000, 0x00000000a7900000|100%| E|CS|TAMS 0x00000000a7800000, 0x00000000a7800000| Complete 
| 121|0x00000000a7900000, 0x00000000a7a00000, 0x00000000a7a00000|100%| E|CS|TAMS 0x00000000a7900000, 0x00000000a7900000| Complete 
| 122|0x00000000a7a00000, 0x00000000a7b00000, 0x00000000a7b00000|100%| E|CS|TAMS 0x00000000a7a00000, 0x00000000a7a00000| Complete 
| 123|0x00000000a7b00000, 0x00000000a7c00000, 0x00000000a7c00000|100%| E|CS|TAMS 0x00000000a7b00000, 0x00000000a7b00000| Complete 
| 124|0x00000000a7c00000, 0x00000000a7c473c0, 0x00000000a7d00000| 27%| S|CS|TAMS 0x00000000a7c00000, 0x00000000a7c00000| Complete 
| 125|0x00000000a7d00000, 0x00000000a7e00000, 0x00000000a7e00000|100%| S|CS|TAMS 0x00000000a7d00000, 0x00000000a7d00000| Complete 
| 126|0x00000000a7e00000, 0x00000000a7f00000, 0x00000000a7f00000|100%| S|CS|TAMS 0x00000000a7e00000, 0x00000000a7e00000| Complete 
| 127|0x00000000a7f00000, 0x00000000a8000000, 0x00000000a8000000|100%| S|CS|TAMS 0x00000000a7f00000, 0x00000000a7f00000| Complete 
| 128|0x00000000a8000000, 0x00000000a8100000, 0x00000000a8100000|100%| E|CS|TAMS 0x00000000a8000000, 0x00000000a8000000| Complete 
| 129|0x00000000a8100000, 0x00000000a8200000, 0x00000000a8200000|100%| E|CS|TAMS 0x00000000a8100000, 0x00000000a8100000| Complete 
| 130|0x00000000a8200000, 0x00000000a8300000, 0x00000000a8300000|100%| E|CS|TAMS 0x00000000a8200000, 0x00000000a8200000| Complete 
| 131|0x00000000a8300000, 0x00000000a8400000, 0x00000000a8400000|100%| E|CS|TAMS 0x00000000a8300000, 0x00000000a8300000| Complete 
| 132|0x00000000a8400000, 0x00000000a8500000, 0x00000000a8500000|100%| E|CS|TAMS 0x00000000a8400000, 0x00000000a8400000| Complete 
| 133|0x00000000a8500000, 0x00000000a8600000, 0x00000000a8600000|100%| E|CS|TAMS 0x00000000a8500000, 0x00000000a8500000| Complete 
| 134|0x00000000a8600000, 0x00000000a8700000, 0x00000000a8700000|100%| E|CS|TAMS 0x00000000a8600000, 0x00000000a8600000| Complete 
| 135|0x00000000a8700000, 0x00000000a8800000, 0x00000000a8800000|100%| E|CS|TAMS 0x00000000a8700000, 0x00000000a8700000| Complete 
| 136|0x00000000a8800000, 0x00000000a8900000, 0x00000000a8900000|100%| E|CS|TAMS 0x00000000a8800000, 0x00000000a8800000| Complete 
| 137|0x00000000a8900000, 0x00000000a8a00000, 0x00000000a8a00000|100%| E|CS|TAMS 0x00000000a8900000, 0x00000000a8900000| Complete 
| 138|0x00000000a8a00000, 0x00000000a8b00000, 0x00000000a8b00000|100%| E|CS|TAMS 0x00000000a8a00000, 0x00000000a8a00000| Complete 
| 139|0x00000000a8b00000, 0x00000000a8c00000, 0x00000000a8c00000|100%| E|CS|TAMS 0x00000000a8b00000, 0x00000000a8b00000| Complete 
| 140|0x00000000a8c00000, 0x00000000a8d00000, 0x00000000a8d00000|100%| E|CS|TAMS 0x00000000a8c00000, 0x00000000a8c00000| Complete 
| 141|0x00000000a8d00000, 0x00000000a8e00000, 0x00000000a8e00000|100%| E|CS|TAMS 0x00000000a8d00000, 0x00000000a8d00000| Complete 
| 142|0x00000000a8e00000, 0x00000000a8f00000, 0x00000000a8f00000|100%| E|CS|TAMS 0x00000000a8e00000, 0x00000000a8e00000| Complete 
| 143|0x00000000a8f00000, 0x00000000a9000000, 0x00000000a9000000|100%| E|CS|TAMS 0x00000000a8f00000, 0x00000000a8f00000| Complete 
| 144|0x00000000a9000000, 0x00000000a9100000, 0x00000000a9100000|100%| E|CS|TAMS 0x00000000a9000000, 0x00000000a9000000| Complete 
| 145|0x00000000a9100000, 0x00000000a9200000, 0x00000000a9200000|100%| E|CS|TAMS 0x00000000a9100000, 0x00000000a9100000| Complete 
| 146|0x00000000a9200000, 0x00000000a9300000, 0x00000000a9300000|100%| E|CS|TAMS 0x00000000a9200000, 0x00000000a9200000| Complete 
| 147|0x00000000a9300000, 0x00000000a9400000, 0x00000000a9400000|100%| E|CS|TAMS 0x00000000a9300000, 0x00000000a9300000| Complete 
| 148|0x00000000a9400000, 0x00000000a9500000, 0x00000000a9500000|100%| E|CS|TAMS 0x00000000a9400000, 0x00000000a9400000| Complete 

Card table byte_map: [0x000001f8ca970000,0x000001f8cac70000] _byte_map_base: 0x000001f8ca470000

Marking Bits (Prev, Next): (CMBitMap*) 0x000001f8b7b901e8, (CMBitMap*) 0x000001f8b7b90220
 Prev Bits: [0x000001f8caf70000, 0x000001f8cc770000)
 Next Bits: [0x000001f8cc770000, 0x000001f8cdf70000)

Polling page: 0x000001f8b5b40000

Metaspace:

Usage:
  Non-class:     64.31 MB capacity,    63.37 MB ( 99%) used,   824.95 KB (  1%) free+waste,   142.69 KB ( <1%) overhead. 
      Class:      9.44 MB capacity,     8.94 MB ( 95%) used,   447.93 KB (  5%) free+waste,    63.69 KB ( <1%) overhead. 
       Both:     73.75 MB capacity,    72.31 MB ( 98%) used,     1.24 MB (  2%) free+waste,   206.38 KB ( <1%) overhead. 

Virtual space:
  Non-class space:       66.00 MB reserved,      64.50 MB ( 98%) committed 
      Class space:        1.00 GB reserved,       9.50 MB ( <1%) committed 
             Both:        1.06 GB reserved,      74.00 MB (  7%) committed 

Chunk freelists:
   Non-Class:  0 bytes
       Class:  0 bytes
        Both:  0 bytes

MaxMetaspaceSize: 17179869184.00 GB
CompressedClassSpaceSize: 1.00 GB
Initial GC threshold: 20.80 MB
Current GC threshold: 107.29 MB
CDS: off

CodeHeap 'non-profiled nmethods': size=120064Kb used=3994Kb max_used=3994Kb free=116069Kb
 bounds [0x000001f8c3130000, 0x000001f8c3520000, 0x000001f8ca670000]
CodeHeap 'profiled nmethods': size=120000Kb used=16460Kb max_used=16460Kb free=103540Kb
 bounds [0x000001f8bbc00000, 0x000001f8bcc20000, 0x000001f8c3130000]
CodeHeap 'non-nmethods': size=5696Kb used=2341Kb max_used=2379Kb free=3354Kb
 bounds [0x000001f8bb670000, 0x000001f8bb8e0000, 0x000001f8bbc00000]
 total_blobs=8496 nmethods=7655 adapters=753
 compilation: enabled
              stopped_count=0, restarted_count=0
 full_count=0

Compilation events (20 events):
Event: 151.243 Thread 0x000001f8d0e01800 nmethod 7681 0x000001f8bcbf5890 code [0x000001f8bcbf5a40, 0x000001f8bcbf5ba8]
Event: 151.248 Thread 0x000001f8d0e01800 7682       3       org.gradle.internal.classloader.ConfigurableClassLoaderHierarchyHasher$Visitor::addToHash (86 bytes)
Event: 151.249 Thread 0x000001f8d0e01800 nmethod 7682 0x000001f8bcbf5c90 code [0x000001f8bcbf6000, 0x000001f8bcbf78f8]
Event: 151.273 Thread 0x000001f8d0e01800 7683       3       com.google.common.collect.ImmutableList::asImmutableList (60 bytes)
Event: 151.273 Thread 0x000001f8d0e01800 nmethod 7683 0x000001f8bcbf8190 code [0x000001f8bcbf8400, 0x000001f8bcbf8dd8]
Event: 151.274 Thread 0x000001f8d0e01800 7684       1       org.gradle.api.internal.tasks.properties.AbstractPropertyNode::getPropertyName (5 bytes)
Event: 151.274 Thread 0x000001f8d0e01800 nmethod 7684 0x000001f8c3515810 code [0x000001f8c35159c0, 0x000001f8c3515a78]
Event: 151.274 Thread 0x000001f8d0e01800 7685       1       org.gradle.api.internal.tasks.properties.PropertyVisitor$Adapter::visitOutputFilePropertiesOnly (2 bytes)
Event: 151.275 Thread 0x000001f8d0e01800 nmethod 7685 0x000001f8c3515b10 code [0x000001f8c3515cc0, 0x000001f8c3515d78]
Event: 151.276 Thread 0x000001f8d0e01800 7686       1       org.gradle.internal.graph.CachingDirectedGraphWalker$NodeDetails::access$400 (5 bytes)
Event: 151.276 Thread 0x000001f8d0e01800 nmethod 7686 0x000001f8c3515e10 code [0x000001f8c3515fc0, 0x000001f8c3516058]
Event: 151.276 Thread 0x000001f8d0e01800 7687       3       java.util.ArrayDeque::toArray (99 bytes)
Event: 151.277 Thread 0x000001f8d0e01800 nmethod 7687 0x000001f8bcbf9190 code [0x000001f8bcbf93a0, 0x000001f8bcbf9978]
Event: 151.278 Thread 0x000001f8d0e01800 7688       3       com.google.common.collect.CollectPreconditions::checkNonnegative (37 bytes)
Event: 151.279 Thread 0x000001f8d0e01800 nmethod 7688 0x000001f8bcbf9b10 code [0x000001f8bcbf9d80, 0x000001f8bcbfa688]
Event: 151.279 Thread 0x000001f8d0e01800 7689       3       java.lang.invoke.LambdaForm$DMH/0x0000000100596840::invokeStatic (30 bytes)
Event: 151.280 Thread 0x000001f8d0e01800 nmethod 7689 0x000001f8bcbfaa10 code [0x000001f8bcbfac20, 0x000001f8bcbfb288]
Event: 151.280 Thread 0x000001f8d0e01800 7690       3       java.lang.invoke.AbstractValidatingLambdaMetafactory::validateMetafactoryArgs (607 bytes)
Event: 151.287 Thread 0x000001f8d0e01800 nmethod 7690 0x000001f8bcbfb410 code [0x000001f8bcbfbf60, 0x000001f8bcc03918]
Event: 151.287 Thread 0x000001f8d0e01800 7691   !   3       java.lang.invoke.InnerClassLambdaMetafactory::buildCallSite (168 bytes)

GC Heap History (20 events):
Event: 7.636 GC heap before
{Heap before GC invocations=6 (full 0):
 garbage-first heap   total 126976K, used 59579K [0x00000000a0000000, 0x0000000100000000)
  region size 1024K, 48 young (49152K), 4 survivors (4096K)
 Metaspace       used 30026K, capacity 30545K, committed 30592K, reserved 1075200K
  class space    used 3765K, capacity 3955K, committed 3968K, reserved 1048576K
}
Event: 7.648 GC heap after
{Heap after GC invocations=7 (full 0):
 garbage-first heap   total 126976K, used 18732K [0x00000000a0000000, 0x0000000100000000)
  region size 1024K, 4 young (4096K), 4 survivors (4096K)
 Metaspace       used 30026K, capacity 30545K, committed 30592K, reserved 1075200K
  class space    used 3765K, capacity 3955K, committed 3968K, reserved 1048576K
}
Event: 8.197 GC heap before
{Heap before GC invocations=7 (full 0):
 garbage-first heap   total 126976K, used 59692K [0x00000000a0000000, 0x0000000100000000)
  region size 1024K, 43 young (44032K), 4 survivors (4096K)
 Metaspace       used 35252K, capacity 35789K, committed 35840K, reserved 1081344K
  class space    used 4343K, capacity 4590K, committed 4608K, reserved 1048576K
}
Event: 8.207 GC heap after
{Heap after GC invocations=8 (full 0):
 garbage-first heap   total 126976K, used 21499K [0x00000000a0000000, 0x0000000100000000)
  region size 1024K, 6 young (6144K), 6 survivors (6144K)
 Metaspace       used 35252K, capacity 35789K, committed 35840K, reserved 1081344K
  class space    used 4343K, capacity 4590K, committed 4608K, reserved 1048576K
}
Event: 8.777 GC heap before
{Heap before GC invocations=9 (full 0):
 garbage-first heap   total 126976K, used 70651K [0x00000000a0000000, 0x0000000100000000)
  region size 1024K, 54 young (55296K), 6 survivors (6144K)
 Metaspace       used 38978K, capacity 39606K, committed 39808K, reserved 1083392K
  class space    used 4932K, capacity 5137K, committed 5248K, reserved 1048576K
}
Event: 8.790 GC heap after
{Heap after GC invocations=10 (full 0):
 garbage-first heap   total 126976K, used 23260K [0x00000000a0000000, 0x0000000100000000)
  region size 1024K, 5 young (5120K), 5 survivors (5120K)
 Metaspace       used 38978K, capacity 39606K, committed 39808K, reserved 1083392K
  class space    used 4932K, capacity 5137K, committed 5248K, reserved 1048576K
}
Event: 10.339 GC heap before
{Heap before GC invocations=10 (full 0):
 garbage-first heap   total 126976K, used 77532K [0x00000000a0000000, 0x0000000100000000)
  region size 1024K, 55 young (56320K), 5 survivors (5120K)
 Metaspace       used 43616K, capacity 44504K, committed 44672K, reserved 1087488K
  class space    used 5492K, capacity 5742K, committed 5760K, reserved 1048576K
}
Event: 10.351 GC heap after
{Heap after GC invocations=11 (full 0):
 garbage-first heap   total 126976K, used 35968K [0x00000000a0000000, 0x0000000100000000)
  region size 1024K, 7 young (7168K), 7 survivors (7168K)
 Metaspace       used 43616K, capacity 44504K, committed 44672K, reserved 1087488K
  class space    used 5492K, capacity 5742K, committed 5760K, reserved 1048576K
}
Event: 11.157 GC heap before
{Heap before GC invocations=11 (full 0):
 garbage-first heap   total 126976K, used 84096K [0x00000000a0000000, 0x0000000100000000)
  region size 1024K, 54 young (55296K), 7 survivors (7168K)
 Metaspace       used 50324K, capacity 51290K, committed 51456K, reserved 1093632K
  class space    used 6276K, capacity 6554K, committed 6656K, reserved 1048576K
}
Event: 11.170 GC heap after
{Heap after GC invocations=12 (full 0):
 garbage-first heap   total 126976K, used 40330K [0x00000000a0000000, 0x0000000100000000)
  region size 1024K, 4 young (4096K), 4 survivors (4096K)
 Metaspace       used 50324K, capacity 51290K, committed 51456K, reserved 1093632K
  class space    used 6276K, capacity 6554K, committed 6656K, reserved 1048576K
}
Event: 11.892 GC heap before
{Heap before GC invocations=12 (full 0):
 garbage-first heap   total 126976K, used 87434K [0x00000000a0000000, 0x0000000100000000)
  region size 1024K, 50 young (51200K), 4 survivors (4096K)
 Metaspace       used 54361K, capacity 55389K, committed 55552K, reserved 1097728K
  class space    used 6776K, capacity 7102K, committed 7168K, reserved 1048576K
}
Event: 11.903 GC heap after
{Heap after GC invocations=13 (full 0):
 garbage-first heap   total 126976K, used 43742K [0x00000000a0000000, 0x0000000100000000)
  region size 1024K, 7 young (7168K), 7 survivors (7168K)
 Metaspace       used 54361K, capacity 55389K, committed 55552K, reserved 1097728K
  class space    used 6776K, capacity 7102K, committed 7168K, reserved 1048576K
}
Event: 13.204 GC heap before
{Heap before GC invocations=13 (full 0):
 garbage-first heap   total 126976K, used 81630K [0x00000000a0000000, 0x0000000100000000)
  region size 1024K, 46 young (47104K), 7 survivors (7168K)
 Metaspace       used 58973K, capacity 60093K, committed 60160K, reserved 1101824K
  class space    used 7374K, capacity 7759K, committed 7808K, reserved 1048576K
}
Event: 13.227 GC heap after
{Heap after GC invocations=14 (full 0):
 garbage-first heap   total 126976K, used 46676K [0x00000000a0000000, 0x0000000100000000)
  region size 1024K, 3 young (3072K), 3 survivors (3072K)
 Metaspace       used 58973K, capacity 60093K, committed 60160K, reserved 1101824K
  class space    used 7374K, capacity 7759K, committed 7808K, reserved 1048576K
}
Event: 14.139 GC heap before
{Heap before GC invocations=15 (full 0):
 garbage-first heap   total 126976K, used 91732K [0x00000000a0000000, 0x0000000100000000)
  region size 1024K, 47 young (48128K), 3 survivors (3072K)
 Metaspace       used 64116K, capacity 65417K, committed 65664K, reserved 1105920K
  class space    used 8031K, capacity 8480K, committed 8576K, reserved 1048576K
}
Event: 14.151 GC heap after
{Heap after GC invocations=16 (full 0):
 garbage-first heap   total 126976K, used 49547K [0x00000000a0000000, 0x0000000100000000)
  region size 1024K, 6 young (6144K), 6 survivors (6144K)
 Metaspace       used 64116K, capacity 65417K, committed 65664K, reserved 1105920K
  class space    used 8031K, capacity 8480K, committed 8576K, reserved 1048576K
}
Event: 141.897 GC heap before
{Heap before GC invocations=17 (full 0):
 garbage-first heap   total 126976K, used 93579K [0x00000000a0000000, 0x0000000100000000)
  region size 1024K, 50 young (51200K), 6 survivors (6144K)
 Metaspace       used 69714K, capacity 71169K, committed 71296K, reserved 1112064K
  class space    used 8551K, capacity 9027K, committed 9088K, reserved 1048576K
}
Event: 142.490 GC heap after
{Heap after GC invocations=18 (full 0):
 garbage-first heap   total 152576K, used 52478K [0x00000000a0000000, 0x0000000100000000)
  region size 1024K, 7 young (7168K), 7 survivors (7168K)
 Metaspace       used 69714K, capacity 71169K, committed 71296K, reserved 1112064K
  class space    used 8551K, capacity 9027K, committed 9088K, reserved 1048576K
}
Event: 147.687 GC heap before
{Heap before GC invocations=18 (full 0):
 garbage-first heap   total 152576K, used 72958K [0x00000000a0000000, 0x0000000100000000)
  region size 1024K, 28 young (28672K), 7 survivors (7168K)
 Metaspace       used 70582K, capacity 71983K, committed 72064K, reserved 1112064K
  class space    used 8637K, capacity 9073K, committed 9088K, reserved 1048576K
}
Event: 147.702 GC heap after
{Heap after GC invocations=19 (full 0):
 garbage-first heap   total 152576K, used 55580K [0x00000000a0000000, 0x0000000100000000)
  region size 1024K, 4 young (4096K), 4 survivors (4096K)
 Metaspace       used 70582K, capacity 71983K, committed 72064K, reserved 1112064K
  class space    used 8637K, capacity 9073K, committed 9088K, reserved 1048576K
}

Deoptimization events (20 events):
Event: 150.571 Thread 0x000001f8d50d8800 Uncommon trap: trap_request=0xffffff4d fr.pc=0x000001f8c3358bc4 relative=0x00000000000000a4
Event: 150.571 Thread 0x000001f8d50d8800 Uncommon trap: reason=unstable_if action=reinterpret pc=0x000001f8c3358bc4 method=java.lang.CharacterDataLatin1.digit(II)I @ 12 c2
Event: 150.571 Thread 0x000001f8d50d8800 DEOPT PACKING pc=0x000001f8c3358bc4 sp=0x00000016cc6fa960
Event: 150.571 Thread 0x000001f8d50d8800 DEOPT UNPACKING pc=0x000001f8bb6785af sp=0x00000016cc6fa8d8 mode 2
Event: 150.779 Thread 0x000001f8d50d8800 DEOPT PACKING pc=0x000001f8bc79c53d sp=0x00000016cc6fad30
Event: 150.779 Thread 0x000001f8d50d8800 DEOPT UNPACKING pc=0x000001f8bb6b9d0e sp=0x00000016cc6fa1e8 mode 0
Event: 150.816 Thread 0x000001f8d50d8800 Uncommon trap: trap_request=0xffffff4d fr.pc=0x000001f8c342b5bc relative=0x000000000000009c
Event: 150.816 Thread 0x000001f8d50d8800 Uncommon trap: reason=unstable_if action=reinterpret pc=0x000001f8c342b5bc method=java.nio.Buffer.position(I)Ljava/nio/Buffer; @ 37 c2
Event: 150.816 Thread 0x000001f8d50d8800 DEOPT PACKING pc=0x000001f8c342b5bc sp=0x00000016cc6f9250
Event: 150.816 Thread 0x000001f8d50d8800 DEOPT UNPACKING pc=0x000001f8bb6785af sp=0x00000016cc6f9190 mode 2
Event: 150.825 Thread 0x000001f8d50d8800 Uncommon trap: trap_request=0xfffffff6 fr.pc=0x000001f8c32fe734 relative=0x0000000000001d94
Event: 150.825 Thread 0x000001f8d50d8800 Uncommon trap: reason=null_check action=maybe_recompile pc=0x000001f8c32fe734 method=java.net.URL.<init>(Ljava/net/URL;Ljava/lang/String;Ljava/net/URLStreamHandler;)V @ 50 c2
Event: 150.825 Thread 0x000001f8d50d8800 DEOPT PACKING pc=0x000001f8c32fe734 sp=0x00000016cc6fa500
Event: 150.825 Thread 0x000001f8d50d8800 DEOPT UNPACKING pc=0x000001f8bb6785af sp=0x00000016cc6fa4b0 mode 2
Event: 150.836 Thread 0x000001f8d50d8800 Uncommon trap: trap_request=0xfffffff6 fr.pc=0x000001f8c32fe734 relative=0x0000000000001d94
Event: 150.836 Thread 0x000001f8d50d8800 Uncommon trap: reason=null_check action=maybe_recompile pc=0x000001f8c32fe734 method=java.net.URL.<init>(Ljava/net/URL;Ljava/lang/String;Ljava/net/URLStreamHandler;)V @ 50 c2
Event: 150.836 Thread 0x000001f8d50d8800 DEOPT PACKING pc=0x000001f8c32fe734 sp=0x00000016cc6fa500
Event: 150.836 Thread 0x000001f8d50d8800 DEOPT UNPACKING pc=0x000001f8bb6785af sp=0x00000016cc6fa4b0 mode 2
Event: 151.062 Thread 0x000001f8d50d8800 DEOPT PACKING pc=0x000001f8bbdbde5a sp=0x00000016cc6fa4a0
Event: 151.062 Thread 0x000001f8d50d8800 DEOPT UNPACKING pc=0x000001f8bb6b9d0e sp=0x00000016cc6f9938 mode 0

Classes redefined (0 events):
No events

Internal exceptions (20 events):
Event: 14.262 Thread 0x000001f8d1003000 Exception <a 'java/lang/ClassNotFoundException'{0x00000000a78f4620}: com/android/build/gradle/internal/api/LibraryVariantOutputImplBeanInfo> (0x00000000a78f4620) thrown at [./src/hotspot/share/classfile/systemDictionary.cpp, line 231]
Event: 14.263 Thread 0x000001f8d1003000 Exception <a 'java/lang/ClassNotFoundException'{0x00000000a7706480}: com/android/build/gradle/internal/api/LibraryVariantOutputImplCustomizer> (0x00000000a7706480) thrown at [./src/hotspot/share/classfile/systemDictionary.cpp, line 231]
Event: 14.263 Thread 0x000001f8d1003000 Exception <a 'java/lang/ClassNotFoundException'{0x00000000a7721d10}: com/android/build/gradle/internal/api/LibraryVariantOutputImpl_DecoratedCustomizer> (0x00000000a7721d10) thrown at [./src/hotspot/share/classfile/systemDictionary.cpp, line 231]
Event: 14.401 Thread 0x000001f8d10c8800 Exception <a 'java/lang/NoSuchMethodError'{0x00000000a6f35978}: <clinit>> (0x00000000a6f35978) thrown at [./src/hotspot/share/prims/jni.cpp, line 1366]
Event: 14.402 Thread 0x000001f8d10c8800 Exception <a 'java/lang/NoSuchMethodError'{0x00000000a6f37200}: <clinit>> (0x00000000a6f37200) thrown at [./src/hotspot/share/prims/jni.cpp, line 1366]
Event: 14.403 Thread 0x000001f8d10c8800 Exception <a 'java/lang/NoSuchMethodError'{0x00000000a6f66ec8}: <clinit>> (0x00000000a6f66ec8) thrown at [./src/hotspot/share/prims/jni.cpp, line 1366]
Event: 14.404 Thread 0x000001f8d10c8800 Exception <a 'java/lang/NoSuchMethodError'{0x00000000a6f78350}: <clinit>> (0x00000000a6f78350) thrown at [./src/hotspot/share/prims/jni.cpp, line 1366]
Event: 14.405 Thread 0x000001f8d10c8800 Exception <a 'java/lang/NoSuchMethodError'{0x00000000a6f806d8}: <clinit>> (0x00000000a6f806d8) thrown at [./src/hotspot/share/prims/jni.cpp, line 1366]
Event: 14.479 Thread 0x000001f8d10c8800 Exception <a 'java/lang/NoSuchMethodError'{0x00000000a6dc4b68}: <clinit>> (0x00000000a6dc4b68) thrown at [./src/hotspot/share/prims/jni.cpp, line 1366]
Event: 14.483 Thread 0x000001f8d10c8800 Exception <a 'java/lang/NoSuchMethodError'{0x00000000a6ddd098}: <clinit>> (0x00000000a6ddd098) thrown at [./src/hotspot/share/prims/jni.cpp, line 1366]
Event: 14.483 Thread 0x000001f8d10c8800 Exception <a 'java/lang/NoSuchMethodError'{0x00000000a6dde590}: <clinit>> (0x00000000a6dde590) thrown at [./src/hotspot/share/prims/jni.cpp, line 1366]
Event: 14.483 Thread 0x000001f8d10c8800 Exception <a 'java/lang/NoSuchMethodError'{0x00000000a6ddfb00}: <clinit>> (0x00000000a6ddfb00) thrown at [./src/hotspot/share/prims/jni.cpp, line 1366]
Event: 14.487 Thread 0x000001f8d10c8800 Exception <a 'java/lang/NoSuchMethodError'{0x00000000a6dfe840}: <clinit>> (0x00000000a6dfe840) thrown at [./src/hotspot/share/prims/jni.cpp, line 1366]
Event: 14.488 Thread 0x000001f8d10c8800 Exception <a 'java/lang/NoSuchMethodError'{0x00000000a6c07888}: <clinit>> (0x00000000a6c07888) thrown at [./src/hotspot/share/prims/jni.cpp, line 1366]
Event: 19.936 Thread 0x000001f8d1003000 Exception <a 'sun/nio/fs/WindowsException'{0x00000000a68e7aa0}> (0x00000000a68e7aa0) thrown at [./src/hotspot/share/prims/jni.cpp, line 616]
Event: 19.955 Thread 0x000001f8d1003000 Exception <a 'sun/nio/fs/WindowsException'{0x00000000a67b5388}> (0x00000000a67b5388) thrown at [./src/hotspot/share/prims/jni.cpp, line 616]
Event: 148.824 Thread 0x000001f8d50d8800 Exception <a 'java/lang/NullPointerException'{0x00000000a8eabaa8}> (0x00000000a8eabaa8) thrown at [./src/hotspot/share/interpreter/linkResolver.cpp, line 1440]
Event: 149.731 Thread 0x000001f8d50d8800 Exception <a 'java/lang/NoSuchMethodError'{0x00000000a7827298}: 'int java.lang.invoke.DirectMethodHandle$Holder.invokeStatic(java.lang.Object, java.lang.Object, int, java.lang.Object)'> (0x00000000a7827298) thrown at [./src/hotspot/share/interpreter/linkResolver.cpp, line 773]
Event: 150.825 Thread 0x000001f8d50d8800 Implicit null exception at 0x000001f8c32fc9f5 to 0x000001f8c32fe720
Event: 150.834 Thread 0x000001f8d50d8800 Implicit null exception at 0x000001f8c32fc9f5 to 0x000001f8c32fe720

Events (20 events):
Event: 151.208 loading class com/android/ide/common/resources/DataMerger
Event: 151.208 loading class com/android/ide/common/resources/DataMerger done
Event: 151.212 loading class com/android/ide/common/resources/MergedResourceWriter
Event: 151.212 loading class com/android/ide/common/resources/MergedResourceWriter done
Event: 151.215 loading class com/android/ide/common/resources/MergeWriter
Event: 151.215 loading class com/android/ide/common/resources/MergeWriter done
Event: 151.242 loading class com/android/build/gradle/internal/variant/BaseVariantData
Event: 151.242 loading class com/android/build/gradle/internal/variant/BaseVariantData done
Event: 151.242 loading class com/android/build/gradle/internal/variant/BaseVariantData
Event: 151.242 loading class com/android/build/gradle/internal/variant/BaseVariantData done
Event: 151.251 loading class com/android/build/gradle/internal/variant/BaseVariantData
Event: 151.251 loading class com/android/build/gradle/internal/variant/BaseVariantData done
Event: 151.251 loading class com/android/build/gradle/internal/variant/BaseVariantData
Event: 151.251 loading class com/android/build/gradle/internal/variant/BaseVariantData done
Event: 151.271 loading class com/android/build/gradle/internal/core/GradleVariantConfiguration
Event: 151.271 loading class com/android/build/gradle/internal/core/GradleVariantConfiguration done
Event: 151.277 loading class com/android/builder/model/SourceProvider
Event: 151.277 loading class com/android/builder/model/SourceProvider done
Event: 151.279 loading class com/android/builder/model/SourceProvider
Event: 151.279 loading class com/android/builder/model/SourceProvider done


Dynamic libraries:
0x00007ff7fa940000 - 0x00007ff7fa94a000 	C:\Program Files\Android\Android Studio\jre\bin\java.exe
0x00007ffb08670000 - 0x00007ffb08887000 	C:\WINDOWS\SYSTEM32\ntdll.dll
0x00007ffb06d80000 - 0x00007ffb06e44000 	C:\WINDOWS\System32\KERNEL32.DLL
0x00007ffb05f70000 - 0x00007ffb06315000 	C:\WINDOWS\System32\KERNELBASE.dll
0x00007ffb05c30000 - 0x00007ffb05d41000 	C:\WINDOWS\System32\ucrtbase.dll
0x00007ffae8de0000 - 0x00007ffae8df9000 	C:\Program Files\Android\Android Studio\jre\bin\jli.dll
0x00007ffae8e00000 - 0x00007ffae8e17000 	C:\Program Files\Android\Android Studio\jre\bin\VCRUNTIME140.dll
0x00007ffb070c0000 - 0x00007ffb0726e000 	C:\WINDOWS\System32\USER32.dll
0x00007ffb05f40000 - 0x00007ffb05f66000 	C:\WINDOWS\System32\win32u.dll
0x00007ffb07c40000 - 0x00007ffb07c69000 	C:\WINDOWS\System32\GDI32.dll
0x00007ffb059e0000 - 0x00007ffb05af9000 	C:\WINDOWS\System32\gdi32full.dll
0x00007ffb06320000 - 0x00007ffb063ba000 	C:\WINDOWS\System32\msvcp_win.dll
0x00007ffb04b50000 - 0x00007ffb04de3000 	C:\WINDOWS\WinSxS\amd64_microsoft.windows.common-controls_6595b64144ccf1df_6.0.22621.2506_none_270c5ae97388e100\COMCTL32.dll
0x00007ffb06e60000 - 0x00007ffb06f07000 	C:\WINDOWS\System32\msvcrt.dll
0x00007ffb07fe0000 - 0x00007ffb08011000 	C:\WINDOWS\System32\IMM32.DLL
0x00007ffabfe70000 - 0x00007ffabff0d000 	C:\Program Files\Android\Android Studio\jre\bin\msvcp140.dll
0x00007ffa682d0000 - 0x00007ffa68dd2000 	C:\Program Files\Android\Android Studio\jre\bin\server\jvm.dll
0x00007ffb07b80000 - 0x00007ffb07c31000 	C:\WINDOWS\System32\ADVAPI32.dll
0x00007ffb063c0000 - 0x00007ffb06466000 	C:\WINDOWS\System32\sechost.dll
0x00007ffb06470000 - 0x00007ffb06587000 	C:\WINDOWS\System32\RPCRT4.dll
0x00007ffb06d10000 - 0x00007ffb06d18000 	C:\WINDOWS\System32\PSAPI.DLL
0x00007ffaf8e30000 - 0x00007ffaf8e64000 	C:\WINDOWS\SYSTEM32\WINMM.dll
0x00007ffb03c40000 - 0x00007ffb03c4a000 	C:\WINDOWS\SYSTEM32\VERSION.dll
0x00007ffaebd00000 - 0x00007ffaebd09000 	C:\WINDOWS\SYSTEM32\WSOCK32.dll
0x00007ffb08020000 - 0x00007ffb08091000 	C:\WINDOWS\System32\WS2_32.dll
0x00007ffb03b30000 - 0x00007ffb03b48000 	C:\WINDOWS\SYSTEM32\kernel.appcore.dll
0x00007ffae3310000 - 0x00007ffae3321000 	C:\Program Files\Android\Android Studio\jre\bin\verify.dll
0x00007ffb05220000 - 0x00007ffb05453000 	C:\WINDOWS\SYSTEM32\DBGHELP.DLL
0x00007ffb080a0000 - 0x00007ffb08429000 	C:\WINDOWS\System32\combase.dll
0x00007ffb06a90000 - 0x00007ffb06b67000 	C:\WINDOWS\System32\OLEAUT32.dll
0x00007ffb05020000 - 0x00007ffb05052000 	C:\WINDOWS\SYSTEM32\dbgcore.DLL
0x00007ffb05d50000 - 0x00007ffb05dca000 	C:\WINDOWS\System32\bcryptPrimitives.dll
0x00007ffad4c20000 - 0x00007ffad4c49000 	C:\Program Files\Android\Android Studio\jre\bin\java.dll
0x00007ffae8390000 - 0x00007ffae839b000 	C:\Program Files\Android\Android Studio\jre\bin\jimage.dll
0x00007ffad4120000 - 0x00007ffad4138000 	C:\Program Files\Android\Android Studio\jre\bin\zip.dll
0x00007ffb07320000 - 0x00007ffb07b79000 	C:\WINDOWS\System32\SHELL32.dll
0x00007ffb029e0000 - 0x00007ffb032d4000 	C:\WINDOWS\SYSTEM32\windows.storage.dll
0x00007ffb028a0000 - 0x00007ffb029de000 	C:\WINDOWS\SYSTEM32\wintypes.dll
0x00007ffb06c10000 - 0x00007ffb06d03000 	C:\WINDOWS\System32\SHCORE.dll
0x00007ffb06d20000 - 0x00007ffb06d7e000 	C:\WINDOWS\System32\shlwapi.dll
0x00007ffb05910000 - 0x00007ffb05936000 	C:\WINDOWS\SYSTEM32\profapi.dll
0x00007ffad2ca0000 - 0x00007ffad2cba000 	C:\Program Files\Android\Android Studio\jre\bin\net.dll
0x00007ffafacd0000 - 0x00007ffafae07000 	C:\WINDOWS\SYSTEM32\WINHTTP.dll
0x00007ffb03f90000 - 0x00007ffb03ff9000 	C:\WINDOWS\system32\mswsock.dll
0x00007ffad2c80000 - 0x00007ffad2c94000 	C:\Program Files\Android\Android Studio\jre\bin\nio.dll
0x00007ffb01ae0000 - 0x00007ffb01b06000 	C:\Users\Mazenet-Mounika\.gradle\native\29\windows-amd64\native-platform.dll
0x00007ffae3300000 - 0x00007ffae330a000 	C:\Program Files\Android\Android Studio\jre\bin\management.dll
0x00007ffae2e00000 - 0x00007ffae2e0d000 	C:\Program Files\Android\Android Studio\jre\bin\management_ext.dll
0x00007ffb05200000 - 0x00007ffb0521b000 	C:\WINDOWS\SYSTEM32\CRYPTSP.dll
0x00007ffb03a90000 - 0x00007ffb03ac5000 	C:\WINDOWS\system32\rsaenh.dll
0x00007ffb04080000 - 0x00007ffb040ac000 	C:\WINDOWS\SYSTEM32\USERENV.dll
0x00007ffb05530000 - 0x00007ffb05558000 	C:\WINDOWS\SYSTEM32\bcrypt.dll
0x00007ffb04310000 - 0x00007ffb0431c000 	C:\WINDOWS\SYSTEM32\CRYPTBASE.dll
0x00007ffb035b0000 - 0x00007ffb035dd000 	C:\WINDOWS\SYSTEM32\IPHLPAPI.DLL
0x00007ffb070b0000 - 0x00007ffb070b9000 	C:\WINDOWS\System32\NSI.dll
0x00007ffaf8930000 - 0x00007ffaf8949000 	C:\WINDOWS\SYSTEM32\dhcpcsvc6.DLL
0x00007ffaf8910000 - 0x00007ffaf892f000 	C:\WINDOWS\SYSTEM32\dhcpcsvc.DLL
0x00007ffb035e0000 - 0x00007ffb036d9000 	C:\WINDOWS\SYSTEM32\DNSAPI.dll

dbghelp: loaded successfully - version: 4.0.5 - missing functions: none
symbol engine: initialized successfully - sym options: 0x614 - pdb path: .;C:\Program Files\Android\Android Studio\jre\bin;C:\WINDOWS\SYSTEM32;C:\WINDOWS\WinSxS\amd64_microsoft.windows.common-controls_6595b64144ccf1df_6.0.22621.2506_none_270c5ae97388e100;C:\Program Files\Android\Android Studio\jre\bin\server;C:\Users\Mazenet-Mounika\.gradle\native\29\windows-amd64

VM Arguments:
jvm_args: --add-opens=java.base/java.util=ALL-UNNAMED --add-opens=java.base/java.lang=ALL-UNNAMED --add-opens=java.base/java.lang.invoke=ALL-UNNAMED --add-opens=java.prefs/java.util.prefs=ALL-UNNAMED -Xmx1536m -Dfile.encoding=windows-1252 -Duser.country=IN -Duser.language=en -Duser.variant 
java_command: org.gradle.launcher.daemon.bootstrap.GradleDaemon 5.4.1
java_class_path (initial): C:\Users\Mazenet-Mounika\.gradle\wrapper\dists\gradle-5.4.1-all\3221gyojl5jsh0helicew7rwx\gradle-5.4.1\lib\gradle-launcher-5.4.1.jar
Launcher Type: SUN_STANDARD

[Global flags]
     intx CICompilerCount                          = 3                                         {product} {ergonomic}
     uint ConcGCThreads                            = 1                                         {product} {ergonomic}
     uint G1ConcRefinementThreads                  = 4                                         {product} {ergonomic}
   size_t G1HeapRegionSize                         = 1048576                                   {product} {ergonomic}
    uintx GCDrainStackTargetSize                   = 64                                        {product} {ergonomic}
   size_t InitialHeapSize                          = 130023424                                 {product} {ergonomic}
   size_t MarkStackSize                            = 4194304                                   {product} {ergonomic}
   size_t MaxHeapSize                              = 1610612736                                {product} {command line}
   size_t MaxNewSize                               = 965738496                                 {product} {ergonomic}
   size_t MinHeapDeltaBytes                        = 1048576                                   {product} {ergonomic}
    uintx NonNMethodCodeHeapSize                   = 5830732                                {pd product} {ergonomic}
    uintx NonProfiledCodeHeapSize                  = 122913754                              {pd product} {ergonomic}
    uintx ProfiledCodeHeapSize                     = 122913754                              {pd product} {ergonomic}
    uintx ReservedCodeCacheSize                    = 251658240                              {pd product} {ergonomic}
     bool SegmentedCodeCache                       = true                                      {product} {ergonomic}
     bool UseCompressedClassPointers               = true                                 {lp64_product} {ergonomic}
     bool UseCompressedOops                        = true                                 {lp64_product} {ergonomic}
     bool UseG1GC                                  = true                                      {product} {ergonomic}
     bool UseLargePagesIndividualAllocation        = false                                  {pd product} {ergonomic}

Logging:
Log output configuration:
 #0: stdout all=warning uptime,level,tags
 #1: stderr all=off uptime,level,tags

Environment Variables:
PATH=C:\Program Files\Common Files\Oracle\Java\javapath;C:\WINDOWS\system32;C:\WINDOWS;C:\WINDOWS\System32\Wbem;C:\WINDOWS\System32\WindowsPowerShell\v1.0\;C:\WINDOWS\System32\OpenSSH\;C:\Program Files\Java\jdk-18.0.2.1\bin;C:\Program Files\Git\cmd;C:\Program Files\Git\bin;C:\srcs\flutter\bin;C:\Users\Mazenet-Mounika\AppData\Local\Microsoft\WindowsApps;C:\Users\Mazenet-Mounika\AppData\Local\GitHubDesktop\bin;C:\Users\Mazenet-Mounika\AppData\Local\Programs\Git\cmd;flutter\bin;
USERNAME=Mazenet-Mounika
OS=Windows_NT
PROCESSOR_IDENTIFIER=Intel64 Family 6 Model 140 Stepping 1, GenuineIntel



---------------  S Y S T E M  ---------------

OS: Windows 11 , 64 bit Build 22621 (10.0.22621.2506)
OS uptime: 3 days 0:38 hours

CPU:total 4 (initial active 4) (2 cores per cpu, 2 threads per core) family 6 model 140 stepping 1 microcode 0xaa, cmov, cx8, fxsr, mmx, sse, sse2, sse3, ssse3, sse4.1, sse4.2, popcnt, avx, avx2, aes, clmul, erms, 3dnowpref, lzcnt, ht, tsc, tscinvbit, bmi1, bmi2, adx, evex, sha, fma

Memory: 4k page, system-wide physical 7834M (115M free)
TotalPageFile size 25536M (AvailPageFile size 79M)
current process WorkingSet (physical memory assigned to process): 189M, peak: 283M
current process commit charge ("private bytes"): 370M, peak: 371M

vm_info: OpenJDK 64-Bit Server VM (11.0.13+0-b1751.21-8125866) for windows-amd64 JRE (11.0.13+0-b1751.21-8125866), built on Feb  2 2022 03:00:22 by "builder" with MS VC++ 14.0 (VS2015)

END.
