#
# There is insufficient memory for the Java Runtime Environment to continue.
# Native memory allocation (malloc) failed to allocate 927856 bytes for Chunk::new
# Possible reasons:
#   The system is out of physical RAM or swap space
#   The process is running with CompressedOops enabled, and the Java Heap may be blocking the growth of the native heap
# Possible solutions:
#   Reduce memory load on the system
#   Increase physical memory or swap space
#   Check if swap backing store is full
#   Decrease Java heap size (-Xmx/-Xms)
#   Decrease number of Java threads
#   Decrease Java thread stack sizes (-Xss)
#   Set larger code cache with -XX:ReservedCodeCacheSize=
#   JVM is running with Unscaled Compressed Oops mode in which the Java heap is
#     placed in the first 4GB address space. The Java Heap base address is the
#     maximum limit for the native heap growth. Please use -XX:HeapBaseMinAddress
#     to set the Java Heap base and to place the Java Heap above 4GB virtual address.
# This output file may be truncated or incomplete.
#
#  Out of Memory Error (./src/hotspot/share/memory/arena.cpp:197), pid=6716, tid=24584
#
# JRE version: OpenJDK Runtime Environment (11.0.13) (build 11.0.13+0-b1751.21-8125866)
# Java VM: OpenJDK 64-Bit Server VM (11.0.13+0-b1751.21-8125866, mixed mode, tiered, compressed oops, g1 gc, windows-amd64)
# No core dump will be written. Minidumps are not enabled by default on client versions of Windows
#

---------------  S U M M A R Y ------------

Command Line: -Djava.awt.headless=true -Djava.rmi.server.hostname=127.0.0.1 -Xmx1536m -Dkotlin.environment.keepalive org.jetbrains.kotlin.daemon.KotlinCompileDaemon --daemon-runFilesPath C:\Users\Mazenet-Mounika\AppData\Local\kotlin\daemon --daemon-autoshutdownIdleSeconds=7200 --daemon-compilerClasspath C:\Users\Mazenet-Mounika\.gradle\caches\modules-2\files-2.1\org.jetbrains.kotlin\kotlin-compiler-embeddable\1.3.21\677cc9553b8964c895abc76da9b6a0faea8f671d\kotlin-compiler-embeddable-1.3.21.jar;C:\Users\Mazenet-Mounika\.gradle\caches\modules-2\files-2.1\org.jetbrains.kotlin\kotlin-reflect\1.3.21\d0d5ff2ac2ebd8a42697af41e20fc225a23c5d3b\kotlin-reflect-1.3.21.jar;C:\Users\Mazenet-Mounika\.gradle\caches\modules-2\files-2.1\org.jetbrains.kotlin\kotlin-stdlib\1.3.21\4bcc2012b84840e19e1e28074284cac908be0295\kotlin-stdlib-1.3.21.jar;C:\Users\Mazenet-Mounika\.gradle\caches\modules-2\files-2.1\org.jetbrains.kotlin\kotlin-script-runtime\1.3.21\29363d474ee6fda354900636320a177c7286def9\kotlin-script-runtime-1.3.21.jar;C:\Users\Mazenet-Mounika\.gradle\caches\modules-2\files-2.1\org.jetbrains.intellij.deps\trove4j\1.0.20181211\216c2e14b070f334479d800987affe4054cd563f\trove4j-1.0.20181211.jar;C:\Users\Mazenet-Mounika\.gradle\caches\modules-2\files-2.1\org.jetbrains.kotlin\kotlin-stdlib-common\1.3.21\f30e4a9897913e53d778f564110bafa1fef46643\kotlin-stdlib-common-1.3.21.jar;C:\Users\Mazenet-Mounika\.gradle\caches\modules-2\files-2.1\org.jetbrains\annotations\13.0\919f0dfe192fb4e063e7dacadee7f8bb9a2672a9\annotations-13.0.jar

Host: 11th Gen Intel(R) Core(TM) i3-1115G4 @ 3.00GHz, 4 cores, 7G,  Windows 11 , 64 bit Build 22621 (10.0.22621.2506)
Time: Tue Nov 28 13:43:21 2023 India Standard Time elapsed time: 1297.395779 seconds (0d 0h 21m 37s)

---------------  T H R E A D  ---------------

Current thread (0x0000025459b3b800):  JavaThread "C2 CompilerThread0" daemon [_thread_in_native, id=24584, stack(0x000000cc37200000,0x000000cc37300000)]


Current CompileTask:
C2:1297396 19239       4       org.jetbrains.kotlin.resolve.calls.callResolverUtil.CallResolverUtilKt::getErasedReceiverType (498 bytes)

Stack: [0x000000cc37200000,0x000000cc37300000]
Native frames: (J=compiled Java code, j=interpreted, Vv=VM code, C=native code)
V  [jvm.dll+0x6100fa]
V  [jvm.dll+0x747090]
V  [jvm.dll+0x7486ad]
V  [jvm.dll+0x748d83]
V  [jvm.dll+0x24ab48]
V  [jvm.dll+0xc04dc]
V  [jvm.dll+0xc0a0c]
V  [jvm.dll+0x35eb5b]
V  [jvm.dll+0x19d7bc]
V  [jvm.dll+0x2033be]
V  [jvm.dll+0x202437]
V  [jvm.dll+0x188e01]
V  [jvm.dll+0x21106b]
V  [jvm.dll+0x20f8c1]
V  [jvm.dll+0x70de0f]
V  [jvm.dll+0x706a75]
V  [jvm.dll+0x60ed66]
C  [ucrtbase.dll+0x29363]
C  [KERNEL32.DLL+0x1257d]
C  [ntdll.dll+0x5aa58]


---------------  P R O C E S S  ---------------

Threads class SMR info:
_java_thread_list=0x00000254600584d0, length=21, elements={
0x0000025459b19000, 0x0000025459b1a000, 0x0000025459b35800, 0x0000025459b38000,
0x0000025459b3a000, 0x0000025459b3b800, 0x0000025459b3e800, 0x0000025459b5b000,
0x000002545a5f9000, 0x000002545ab0c800, 0x000002545ab0a000, 0x000002545ab88800,
0x000002545ab2f800, 0x000002543f2c9800, 0x000002545ab4c000, 0x000002545dfaf000,
0x000002545dfb0000, 0x000002545dfab000, 0x000002545dfac000, 0x000002545f56c800,
0x000002545f56f000
}

Java Threads: ( => current thread )
  0x0000025459b19000 JavaThread "Reference Handler" daemon [_thread_blocked, id=2936, stack(0x000000cc36d00000,0x000000cc36e00000)]
  0x0000025459b1a000 JavaThread "Finalizer" daemon [_thread_blocked, id=27940, stack(0x000000cc36e00000,0x000000cc36f00000)]
  0x0000025459b35800 JavaThread "Signal Dispatcher" daemon [_thread_blocked, id=19868, stack(0x000000cc36f00000,0x000000cc37000000)]
  0x0000025459b38000 JavaThread "Attach Listener" daemon [_thread_blocked, id=17952, stack(0x000000cc37000000,0x000000cc37100000)]
  0x0000025459b3a000 JavaThread "Service Thread" daemon [_thread_blocked, id=27356, stack(0x000000cc37100000,0x000000cc37200000)]
=>0x0000025459b3b800 JavaThread "C2 CompilerThread0" daemon [_thread_in_native, id=24584, stack(0x000000cc37200000,0x000000cc37300000)]
  0x0000025459b3e800 JavaThread "C1 CompilerThread0" daemon [_thread_blocked, id=27260, stack(0x000000cc37300000,0x000000cc37400000)]
  0x0000025459b5b000 JavaThread "Sweeper thread" daemon [_thread_blocked, id=27696, stack(0x000000cc37400000,0x000000cc37500000)]
  0x000002545a5f9000 JavaThread "Common-Cleaner" daemon [_thread_blocked, id=26572, stack(0x000000cc37600000,0x000000cc37700000)]
  0x000002545ab0c800 JavaThread "RMI TCP Accept-17090" daemon [_thread_in_native, id=28740, stack(0x000000cc37700000,0x000000cc37800000)]
  0x000002545ab0a000 JavaThread "Timer-0" daemon [_thread_blocked, id=4356, stack(0x000000cc37800000,0x000000cc37900000)]
  0x000002545ab88800 JavaThread "RMI Reaper" [_thread_blocked, id=6868, stack(0x000000cc37a00000,0x000000cc37b00000)]
  0x000002545ab2f800 JavaThread "RMI GC Daemon" daemon [_thread_blocked, id=26676, stack(0x000000cc37b00000,0x000000cc37c00000)]
  0x000002543f2c9800 JavaThread "DestroyJavaVM" [_thread_blocked, id=30404, stack(0x000000cc36600000,0x000000cc36700000)]
  0x000002545ab4c000 JavaThread "RMI Scheduler(0)" daemon [_thread_blocked, id=30276, stack(0x000000cc38000000,0x000000cc38100000)]
  0x000002545dfaf000 JavaThread "RMI RenewClean-[127.0.0.1:60898,org.jetbrains.kotlin.daemon.common.LoopbackNetworkInterface$ClientLoopbackSocketFactory@6d589b34]" daemon [_thread_blocked, id=8860, stack(0x000000cc38500000,0x000000cc38600000)]
  0x000002545dfb0000 JavaThread "RMI TCP Connection(idle)" daemon [_thread_blocked, id=1336, stack(0x000000cc36300000,0x000000cc36400000)]
  0x000002545dfab000 JavaThread "RMI TCP Connection(idle)" daemon [_thread_blocked, id=3088, stack(0x000000cc36400000,0x000000cc36500000)]
  0x000002545dfac000 JavaThread "RMI TCP Connection(idle)" daemon [_thread_blocked, id=18980, stack(0x000000cc37f00000,0x000000cc38000000)]
  0x000002545f56c800 JavaThread "RMI TCP Connection(11)-127.0.0.1" daemon [_thread_in_Java, id=14880, stack(0x000000cc38400000,0x000000cc38500000)]
  0x000002545f56f000 JavaThread "RMI RenewClean-[127.0.0.1:63228,org.jetbrains.kotlin.daemon.common.LoopbackNetworkInterface$ClientLoopbackSocketFactory@78c937bd]" daemon [_thread_blocked, id=20884, stack(0x000000cc38600000,0x000000cc38700000)]

Other Threads:
  0x0000025459af3000 VMThread "VM Thread" [stack: 0x000000cc36c00000,0x000000cc36d00000] [id=30708]
  0x000002545a5f7000 WatcherThread [stack: 0x000000cc37500000,0x000000cc37600000] [id=25732]
  0x000002543f2e3000 GCTaskThread "GC Thread#0" [stack: 0x000000cc36700000,0x000000cc36800000] [id=27836]
  0x000002545ab38000 GCTaskThread "GC Thread#1" [stack: 0x000000cc37c00000,0x000000cc37d00000] [id=28336]
  0x000002545ab39000 GCTaskThread "GC Thread#2" [stack: 0x000000cc37d00000,0x000000cc37e00000] [id=30704]
  0x000002545ab30000 GCTaskThread "GC Thread#3" [stack: 0x000000cc37e00000,0x000000cc37f00000] [id=4120]
  0x000002543f309800 ConcurrentGCThread "G1 Main Marker" [stack: 0x000000cc36800000,0x000000cc36900000] [id=9288]
  0x000002543f30b000 ConcurrentGCThread "G1 Conc#0" [stack: 0x000000cc36900000,0x000000cc36a00000] [id=17492]
  0x000002543f389000 ConcurrentGCThread "G1 Refine#0" [stack: 0x000000cc36a00000,0x000000cc36b00000] [id=11272]
  0x000002545c2c6000 ConcurrentGCThread "G1 Refine#1" [stack: 0x000000cc37900000,0x000000cc37a00000] [id=17380]
  0x000002545a675800 ConcurrentGCThread "G1 Refine#2" [stack: 0x000000cc38300000,0x000000cc38400000] [id=17824]
  0x000002545e3e5800 ConcurrentGCThread "G1 Refine#3" [stack: 0x000000cc38200000,0x000000cc38300000] [id=29880]
  0x000002543f38a000 ConcurrentGCThread "G1 Young RemSet Sampling" [stack: 0x000000cc36b00000,0x000000cc36c00000] [id=1160]

Threads with active compile tasks:
C2 CompilerThread01297467 19239       4       org.jetbrains.kotlin.resolve.calls.callResolverUtil.CallResolverUtilKt::getErasedReceiverType (498 bytes)

VM state:not at safepoint (normal execution)

VM Mutex/Monitor currently owned by a thread: None

Heap address: 0x00000000a0000000, size: 1536 MB, Compressed Oops mode: 32-bit
Narrow klass base: 0x0000000000000000, Narrow klass shift: 3
Compressed class space size: 1073741824 Address: 0x0000000100000000

Heap:
 garbage-first heap   total 266240K, used 164566K [0x00000000a0000000, 0x0000000100000000)
  region size 1024K, 12 young (12288K), 7 survivors (7168K)
 Metaspace       used 80928K, capacity 82527K, committed 82768K, reserved 1122304K
  class space    used 9087K, capacity 9696K, committed 9728K, reserved 1048576K
Heap Regions: E=young(eden), S=young(survivor), O=old, HS=humongous(starts), HC=humongous(continues), CS=collection set, F=free, A=archive, TAMS=top-at-mark-start (previous, next)
|   0|0x00000000a0000000, 0x00000000a0100000, 0x00000000a0100000|100%|HS|  |TAMS 0x00000000a0100000, 0x00000000a0100000| Complete 
|   1|0x00000000a0100000, 0x00000000a0200000, 0x00000000a0200000|100%|HC|  |TAMS 0x00000000a0200000, 0x00000000a0200000| Complete 
|   2|0x00000000a0200000, 0x00000000a0300000, 0x00000000a0300000|100%| O|  |TAMS 0x00000000a0300000, 0x00000000a0300000| Untracked 
|   3|0x00000000a0300000, 0x00000000a0400000, 0x00000000a0400000|100%| O|  |TAMS 0x00000000a0400000, 0x00000000a0400000| Untracked 
|   4|0x00000000a0400000, 0x00000000a0500000, 0x00000000a0500000|100%| O|  |TAMS 0x00000000a0500000, 0x00000000a0500000| Untracked 
|   5|0x00000000a0500000, 0x00000000a0600000, 0x00000000a0600000|100%| O|  |TAMS 0x00000000a0600000, 0x00000000a0600000| Untracked 
|   6|0x00000000a0600000, 0x00000000a0700000, 0x00000000a0700000|100%| O|  |TAMS 0x00000000a0700000, 0x00000000a0700000| Untracked 
|   7|0x00000000a0700000, 0x00000000a0800000, 0x00000000a0800000|100%| O|  |TAMS 0x00000000a0800000, 0x00000000a0800000| Untracked 
|   8|0x00000000a0800000, 0x00000000a0900000, 0x00000000a0900000|100%| O|  |TAMS 0x00000000a0900000, 0x00000000a0900000| Untracked 
|   9|0x00000000a0900000, 0x00000000a0a00000, 0x00000000a0a00000|100%| O|  |TAMS 0x00000000a0a00000, 0x00000000a0a00000| Untracked 
|  10|0x00000000a0a00000, 0x00000000a0b00000, 0x00000000a0b00000|100%| O|  |TAMS 0x00000000a0b00000, 0x00000000a0b00000| Untracked 
|  11|0x00000000a0b00000, 0x00000000a0c00000, 0x00000000a0c00000|100%| O|  |TAMS 0x00000000a0c00000, 0x00000000a0c00000| Untracked 
|  12|0x00000000a0c00000, 0x00000000a0d00000, 0x00000000a0d00000|100%| O|  |TAMS 0x00000000a0d00000, 0x00000000a0d00000| Untracked 
|  13|0x00000000a0d00000, 0x00000000a0e00000, 0x00000000a0e00000|100%|HS|  |TAMS 0x00000000a0e00000, 0x00000000a0e00000| Complete 
|  14|0x00000000a0e00000, 0x00000000a0f00000, 0x00000000a0f00000|100%|HC|  |TAMS 0x00000000a0f00000, 0x00000000a0f00000| Complete 
|  15|0x00000000a0f00000, 0x00000000a1000000, 0x00000000a1000000|100%| O|  |TAMS 0x00000000a1000000, 0x00000000a1000000| Untracked 
|  16|0x00000000a1000000, 0x00000000a1100000, 0x00000000a1100000|100%| O|  |TAMS 0x00000000a1100000, 0x00000000a1100000| Untracked 
|  17|0x00000000a1100000, 0x00000000a1200000, 0x00000000a1200000|100%| O|  |TAMS 0x00000000a1200000, 0x00000000a1200000| Untracked 
|  18|0x00000000a1200000, 0x00000000a1300000, 0x00000000a1300000|100%| O|  |TAMS 0x00000000a1300000, 0x00000000a1300000| Untracked 
|  19|0x00000000a1300000, 0x00000000a1400000, 0x00000000a1400000|100%| O|  |TAMS 0x00000000a1400000, 0x00000000a1400000| Untracked 
|  20|0x00000000a1400000, 0x00000000a1500000, 0x00000000a1500000|100%| O|  |TAMS 0x00000000a1500000, 0x00000000a1500000| Untracked 
|  21|0x00000000a1500000, 0x00000000a1600000, 0x00000000a1600000|100%| O|  |TAMS 0x00000000a1600000, 0x00000000a1600000| Untracked 
|  22|0x00000000a1600000, 0x00000000a1700000, 0x00000000a1700000|100%| O|  |TAMS 0x00000000a1700000, 0x00000000a1700000| Untracked 
|  23|0x00000000a1700000, 0x00000000a1800000, 0x00000000a1800000|100%| O|  |TAMS 0x00000000a1800000, 0x00000000a1800000| Untracked 
|  24|0x00000000a1800000, 0x00000000a1900000, 0x00000000a1900000|100%| O|  |TAMS 0x00000000a1900000, 0x00000000a1900000| Untracked 
|  25|0x00000000a1900000, 0x00000000a1a00000, 0x00000000a1a00000|100%| O|  |TAMS 0x00000000a1a00000, 0x00000000a1a00000| Untracked 
|  26|0x00000000a1a00000, 0x00000000a1b00000, 0x00000000a1b00000|100%| O|  |TAMS 0x00000000a1b00000, 0x00000000a1b00000| Untracked 
|  27|0x00000000a1b00000, 0x00000000a1c00000, 0x00000000a1c00000|100%| O|  |TAMS 0x00000000a1c00000, 0x00000000a1c00000| Untracked 
|  28|0x00000000a1c00000, 0x00000000a1d00000, 0x00000000a1d00000|100%| O|  |TAMS 0x00000000a1d00000, 0x00000000a1d00000| Untracked 
|  29|0x00000000a1d00000, 0x00000000a1e00000, 0x00000000a1e00000|100%| O|  |TAMS 0x00000000a1e00000, 0x00000000a1e00000| Untracked 
|  30|0x00000000a1e00000, 0x00000000a1f00000, 0x00000000a1f00000|100%| O|  |TAMS 0x00000000a1f00000, 0x00000000a1f00000| Untracked 
|  31|0x00000000a1f00000, 0x00000000a2000000, 0x00000000a2000000|100%| O|  |TAMS 0x00000000a2000000, 0x00000000a2000000| Untracked 
|  32|0x00000000a2000000, 0x00000000a2100000, 0x00000000a2100000|100%| O|  |TAMS 0x00000000a2100000, 0x00000000a2100000| Untracked 
|  33|0x00000000a2100000, 0x00000000a2200000, 0x00000000a2200000|100%| O|  |TAMS 0x00000000a2200000, 0x00000000a2200000| Untracked 
|  34|0x00000000a2200000, 0x00000000a2300000, 0x00000000a2300000|100%| O|  |TAMS 0x00000000a2300000, 0x00000000a2300000| Untracked 
|  35|0x00000000a2300000, 0x00000000a2400000, 0x00000000a2400000|100%| O|  |TAMS 0x00000000a2400000, 0x00000000a2400000| Untracked 
|  36|0x00000000a2400000, 0x00000000a2500000, 0x00000000a2500000|100%| O|  |TAMS 0x00000000a2500000, 0x00000000a2500000| Untracked 
|  37|0x00000000a2500000, 0x00000000a2600000, 0x00000000a2600000|100%| O|  |TAMS 0x00000000a2600000, 0x00000000a2600000| Untracked 
|  38|0x00000000a2600000, 0x00000000a2700000, 0x00000000a2700000|100%| O|  |TAMS 0x00000000a2700000, 0x00000000a2700000| Untracked 
|  39|0x00000000a2700000, 0x00000000a2800000, 0x00000000a2800000|100%| O|  |TAMS 0x00000000a2800000, 0x00000000a2800000| Untracked 
|  40|0x00000000a2800000, 0x00000000a2900000, 0x00000000a2900000|100%| O|  |TAMS 0x00000000a2900000, 0x00000000a2900000| Untracked 
|  41|0x00000000a2900000, 0x00000000a2a00000, 0x00000000a2a00000|100%| O|  |TAMS 0x00000000a2a00000, 0x00000000a2a00000| Untracked 
|  42|0x00000000a2a00000, 0x00000000a2b00000, 0x00000000a2b00000|100%| O|  |TAMS 0x00000000a2b00000, 0x00000000a2b00000| Untracked 
|  43|0x00000000a2b00000, 0x00000000a2c00000, 0x00000000a2c00000|100%| O|  |TAMS 0x00000000a2c00000, 0x00000000a2c00000| Untracked 
|  44|0x00000000a2c00000, 0x00000000a2d00000, 0x00000000a2d00000|100%| O|  |TAMS 0x00000000a2d00000, 0x00000000a2d00000| Untracked 
|  45|0x00000000a2d00000, 0x00000000a2e00000, 0x00000000a2e00000|100%| O|  |TAMS 0x00000000a2e00000, 0x00000000a2e00000| Untracked 
|  46|0x00000000a2e00000, 0x00000000a2f00000, 0x00000000a2f00000|100%| O|  |TAMS 0x00000000a2f00000, 0x00000000a2f00000| Untracked 
|  47|0x00000000a2f00000, 0x00000000a3000000, 0x00000000a3000000|100%| O|  |TAMS 0x00000000a3000000, 0x00000000a3000000| Untracked 
|  48|0x00000000a3000000, 0x00000000a3100000, 0x00000000a3100000|100%| O|  |TAMS 0x00000000a3100000, 0x00000000a3100000| Untracked 
|  49|0x00000000a3100000, 0x00000000a3200000, 0x00000000a3200000|100%| O|  |TAMS 0x00000000a3200000, 0x00000000a3200000| Untracked 
|  50|0x00000000a3200000, 0x00000000a3300000, 0x00000000a3300000|100%| O|  |TAMS 0x00000000a3300000, 0x00000000a3300000| Untracked 
|  51|0x00000000a3300000, 0x00000000a3400000, 0x00000000a3400000|100%| O|  |TAMS 0x00000000a3400000, 0x00000000a3400000| Untracked 
|  52|0x00000000a3400000, 0x00000000a3500000, 0x00000000a3500000|100%| O|  |TAMS 0x00000000a3500000, 0x00000000a3500000| Untracked 
|  53|0x00000000a3500000, 0x00000000a3600000, 0x00000000a3600000|100%| O|  |TAMS 0x00000000a3600000, 0x00000000a3600000| Untracked 
|  54|0x00000000a3600000, 0x00000000a3700000, 0x00000000a3700000|100%| O|  |TAMS 0x00000000a3700000, 0x00000000a3700000| Untracked 
|  55|0x00000000a3700000, 0x00000000a3800000, 0x00000000a3800000|100%| O|  |TAMS 0x00000000a3800000, 0x00000000a3800000| Untracked 
|  56|0x00000000a3800000, 0x00000000a3900000, 0x00000000a3900000|100%| O|  |TAMS 0x00000000a3900000, 0x00000000a3900000| Untracked 
|  57|0x00000000a3900000, 0x00000000a3a00000, 0x00000000a3a00000|100%| O|  |TAMS 0x00000000a3a00000, 0x00000000a3a00000| Untracked 
|  58|0x00000000a3a00000, 0x00000000a3b00000, 0x00000000a3b00000|100%| O|  |TAMS 0x00000000a3b00000, 0x00000000a3b00000| Untracked 
|  59|0x00000000a3b00000, 0x00000000a3c00000, 0x00000000a3c00000|100%| O|  |TAMS 0x00000000a3c00000, 0x00000000a3c00000| Untracked 
|  60|0x00000000a3c00000, 0x00000000a3d00000, 0x00000000a3d00000|100%| O|  |TAMS 0x00000000a3d00000, 0x00000000a3d00000| Untracked 
|  61|0x00000000a3d00000, 0x00000000a3e00000, 0x00000000a3e00000|100%| O|  |TAMS 0x00000000a3e00000, 0x00000000a3e00000| Untracked 
|  62|0x00000000a3e00000, 0x00000000a3f00000, 0x00000000a3f00000|100%| O|  |TAMS 0x00000000a3f00000, 0x00000000a3f00000| Untracked 
|  63|0x00000000a3f00000, 0x00000000a4000000, 0x00000000a4000000|100%| O|  |TAMS 0x00000000a4000000, 0x00000000a4000000| Untracked 
|  64|0x00000000a4000000, 0x00000000a4100000, 0x00000000a4100000|100%| O|  |TAMS 0x00000000a4100000, 0x00000000a4100000| Untracked 
|  65|0x00000000a4100000, 0x00000000a4200000, 0x00000000a4200000|100%| O|  |TAMS 0x00000000a4200000, 0x00000000a4200000| Untracked 
|  66|0x00000000a4200000, 0x00000000a4300000, 0x00000000a4300000|100%| O|  |TAMS 0x00000000a4300000, 0x00000000a4300000| Untracked 
|  67|0x00000000a4300000, 0x00000000a4400000, 0x00000000a4400000|100%| O|  |TAMS 0x00000000a4400000, 0x00000000a4400000| Untracked 
|  68|0x00000000a4400000, 0x00000000a4500000, 0x00000000a4500000|100%| O|  |TAMS 0x00000000a4500000, 0x00000000a4500000| Untracked 
|  69|0x00000000a4500000, 0x00000000a4600000, 0x00000000a4600000|100%| O|  |TAMS 0x00000000a4600000, 0x00000000a4600000| Untracked 
|  70|0x00000000a4600000, 0x00000000a4700000, 0x00000000a4700000|100%| O|  |TAMS 0x00000000a4700000, 0x00000000a4700000| Untracked 
|  71|0x00000000a4700000, 0x00000000a4800000, 0x00000000a4800000|100%| O|  |TAMS 0x00000000a4800000, 0x00000000a4800000| Untracked 
|  72|0x00000000a4800000, 0x00000000a4900000, 0x00000000a4900000|100%| O|  |TAMS 0x00000000a4900000, 0x00000000a4900000| Untracked 
|  73|0x00000000a4900000, 0x00000000a4a00000, 0x00000000a4a00000|100%| O|  |TAMS 0x00000000a4a00000, 0x00000000a4a00000| Untracked 
|  74|0x00000000a4a00000, 0x00000000a4b00000, 0x00000000a4b00000|100%| O|  |TAMS 0x00000000a4b00000, 0x00000000a4b00000| Untracked 
|  75|0x00000000a4b00000, 0x00000000a4c00000, 0x00000000a4c00000|100%| O|  |TAMS 0x00000000a4c00000, 0x00000000a4c00000| Untracked 
|  76|0x00000000a4c00000, 0x00000000a4d00000, 0x00000000a4d00000|100%| O|  |TAMS 0x00000000a4d00000, 0x00000000a4d00000| Untracked 
|  77|0x00000000a4d00000, 0x00000000a4e00000, 0x00000000a4e00000|100%| O|  |TAMS 0x00000000a4e00000, 0x00000000a4e00000| Untracked 
|  78|0x00000000a4e00000, 0x00000000a4f00000, 0x00000000a4f00000|100%| O|  |TAMS 0x00000000a4f00000, 0x00000000a4f00000| Untracked 
|  79|0x00000000a4f00000, 0x00000000a5000000, 0x00000000a5000000|100%| O|  |TAMS 0x00000000a5000000, 0x00000000a5000000| Untracked 
|  80|0x00000000a5000000, 0x00000000a5100000, 0x00000000a5100000|100%| O|  |TAMS 0x00000000a5100000, 0x00000000a5100000| Untracked 
|  81|0x00000000a5100000, 0x00000000a5200000, 0x00000000a5200000|100%| O|  |TAMS 0x00000000a5200000, 0x00000000a5200000| Untracked 
|  82|0x00000000a5200000, 0x00000000a5300000, 0x00000000a5300000|100%| O|  |TAMS 0x00000000a5300000, 0x00000000a5300000| Untracked 
|  83|0x00000000a5300000, 0x00000000a5400000, 0x00000000a5400000|100%| O|  |TAMS 0x00000000a5400000, 0x00000000a5400000| Untracked 
|  84|0x00000000a5400000, 0x00000000a5500000, 0x00000000a5500000|100%| O|  |TAMS 0x00000000a5500000, 0x00000000a5500000| Untracked 
|  85|0x00000000a5500000, 0x00000000a5600000, 0x00000000a5600000|100%| O|  |TAMS 0x00000000a5600000, 0x00000000a5600000| Untracked 
|  86|0x00000000a5600000, 0x00000000a5700000, 0x00000000a5700000|100%| O|  |TAMS 0x00000000a5700000, 0x00000000a5700000| Untracked 
|  87|0x00000000a5700000, 0x00000000a5800000, 0x00000000a5800000|100%| O|  |TAMS 0x00000000a5800000, 0x00000000a5800000| Untracked 
|  88|0x00000000a5800000, 0x00000000a5900000, 0x00000000a5900000|100%| O|  |TAMS 0x00000000a5900000, 0x00000000a5900000| Untracked 
|  89|0x00000000a5900000, 0x00000000a5a00000, 0x00000000a5a00000|100%| O|  |TAMS 0x00000000a5a00000, 0x00000000a5a00000| Untracked 
|  90|0x00000000a5a00000, 0x00000000a5b00000, 0x00000000a5b00000|100%| O|  |TAMS 0x00000000a5b00000, 0x00000000a5b00000| Untracked 
|  91|0x00000000a5b00000, 0x00000000a5c00000, 0x00000000a5c00000|100%| O|  |TAMS 0x00000000a5c00000, 0x00000000a5c00000| Untracked 
|  92|0x00000000a5c00000, 0x00000000a5d00000, 0x00000000a5d00000|100%|HS|  |TAMS 0x00000000a5d00000, 0x00000000a5d00000| Complete 
|  93|0x00000000a5d00000, 0x00000000a5e00000, 0x00000000a5e00000|100%|HC|  |TAMS 0x00000000a5e00000, 0x00000000a5e00000| Complete 
|  94|0x00000000a5e00000, 0x00000000a5f00000, 0x00000000a5f00000|100%|HC|  |TAMS 0x00000000a5f00000, 0x00000000a5f00000| Complete 
|  95|0x00000000a5f00000, 0x00000000a6000000, 0x00000000a6000000|100%| O|  |TAMS 0x00000000a6000000, 0x00000000a6000000| Untracked 
|  96|0x00000000a6000000, 0x00000000a6100000, 0x00000000a6100000|100%| O|  |TAMS 0x00000000a6100000, 0x00000000a6100000| Untracked 
|  97|0x00000000a6100000, 0x00000000a6200000, 0x00000000a6200000|100%| O|  |TAMS 0x00000000a6200000, 0x00000000a6200000| Untracked 
|  98|0x00000000a6200000, 0x00000000a6300000, 0x00000000a6300000|100%| O|  |TAMS 0x00000000a6300000, 0x00000000a6300000| Untracked 
|  99|0x00000000a6300000, 0x00000000a6400000, 0x00000000a6400000|100%| O|  |TAMS 0x00000000a6400000, 0x00000000a6400000| Untracked 
| 100|0x00000000a6400000, 0x00000000a6500000, 0x00000000a6500000|100%| O|  |TAMS 0x00000000a6500000, 0x00000000a6500000| Untracked 
| 101|0x00000000a6500000, 0x00000000a6600000, 0x00000000a6600000|100%| O|  |TAMS 0x00000000a6600000, 0x00000000a6600000| Untracked 
| 102|0x00000000a6600000, 0x00000000a6700000, 0x00000000a6700000|100%| O|  |TAMS 0x00000000a6700000, 0x00000000a6700000| Untracked 
| 103|0x00000000a6700000, 0x00000000a6800000, 0x00000000a6800000|100%| O|  |TAMS 0x00000000a6800000, 0x00000000a6800000| Untracked 
| 104|0x00000000a6800000, 0x00000000a6900000, 0x00000000a6900000|100%| O|  |TAMS 0x00000000a6900000, 0x00000000a6900000| Untracked 
| 105|0x00000000a6900000, 0x00000000a6a00000, 0x00000000a6a00000|100%| O|  |TAMS 0x00000000a6a00000, 0x00000000a6a00000| Untracked 
| 106|0x00000000a6a00000, 0x00000000a6b00000, 0x00000000a6b00000|100%| O|  |TAMS 0x00000000a6b00000, 0x00000000a6b00000| Untracked 
| 107|0x00000000a6b00000, 0x00000000a6c00000, 0x00000000a6c00000|100%| O|  |TAMS 0x00000000a6c00000, 0x00000000a6c00000| Untracked 
| 108|0x00000000a6c00000, 0x00000000a6d00000, 0x00000000a6d00000|100%| O|  |TAMS 0x00000000a6d00000, 0x00000000a6d00000| Untracked 
| 109|0x00000000a6d00000, 0x00000000a6e00000, 0x00000000a6e00000|100%| O|  |TAMS 0x00000000a6e00000, 0x00000000a6e00000| Untracked 
| 110|0x00000000a6e00000, 0x00000000a6f00000, 0x00000000a6f00000|100%| O|  |TAMS 0x00000000a6f00000, 0x00000000a6f00000| Untracked 
| 111|0x00000000a6f00000, 0x00000000a7000000, 0x00000000a7000000|100%| O|  |TAMS 0x00000000a7000000, 0x00000000a7000000| Untracked 
| 112|0x00000000a7000000, 0x00000000a7100000, 0x00000000a7100000|100%| O|  |TAMS 0x00000000a7100000, 0x00000000a7100000| Untracked 
| 113|0x00000000a7100000, 0x00000000a7200000, 0x00000000a7200000|100%| O|  |TAMS 0x00000000a7200000, 0x00000000a7200000| Untracked 
| 114|0x00000000a7200000, 0x00000000a7300000, 0x00000000a7300000|100%| O|  |TAMS 0x00000000a7300000, 0x00000000a7300000| Untracked 
| 115|0x00000000a7300000, 0x00000000a7400000, 0x00000000a7400000|100%| O|  |TAMS 0x00000000a7400000, 0x00000000a7400000| Untracked 
| 116|0x00000000a7400000, 0x00000000a7500000, 0x00000000a7500000|100%| O|  |TAMS 0x00000000a7500000, 0x00000000a7500000| Untracked 
| 117|0x00000000a7500000, 0x00000000a7600000, 0x00000000a7600000|100%| O|  |TAMS 0x00000000a7600000, 0x00000000a7600000| Untracked 
| 118|0x00000000a7600000, 0x00000000a7700000, 0x00000000a7700000|100%| O|  |TAMS 0x00000000a7700000, 0x00000000a7700000| Untracked 
| 119|0x00000000a7700000, 0x00000000a7800000, 0x00000000a7800000|100%|HS|  |TAMS 0x00000000a7800000, 0x00000000a7800000| Complete 
| 120|0x00000000a7800000, 0x00000000a7900000, 0x00000000a7900000|100%|HC|  |TAMS 0x00000000a7900000, 0x00000000a7900000| Complete 
| 121|0x00000000a7900000, 0x00000000a7a00000, 0x00000000a7a00000|100%|HC|  |TAMS 0x00000000a7a00000, 0x00000000a7a00000| Complete 
| 122|0x00000000a7a00000, 0x00000000a7b00000, 0x00000000a7b00000|100%|HC|  |TAMS 0x00000000a7b00000, 0x00000000a7b00000| Complete 
| 123|0x00000000a7b00000, 0x00000000a7c00000, 0x00000000a7c00000|100%|HC|  |TAMS 0x00000000a7c00000, 0x00000000a7c00000| Complete 
| 124|0x00000000a7c00000, 0x00000000a7d00000, 0x00000000a7d00000|100%|HC|  |TAMS 0x00000000a7d00000, 0x00000000a7d00000| Complete 
| 125|0x00000000a7d00000, 0x00000000a7e00000, 0x00000000a7e00000|100%|HC|  |TAMS 0x00000000a7e00000, 0x00000000a7e00000| Complete 
| 126|0x00000000a7e00000, 0x00000000a7f00000, 0x00000000a7f00000|100%|HC|  |TAMS 0x00000000a7f00000, 0x00000000a7f00000| Complete 
| 127|0x00000000a7f00000, 0x00000000a8000000, 0x00000000a8000000|100%|HC|  |TAMS 0x00000000a8000000, 0x00000000a8000000| Complete 
| 128|0x00000000a8000000, 0x00000000a8100000, 0x00000000a8100000|100%| O|  |TAMS 0x00000000a8100000, 0x00000000a8100000| Untracked 
| 129|0x00000000a8100000, 0x00000000a8200000, 0x00000000a8200000|100%| O|  |TAMS 0x00000000a8200000, 0x00000000a8200000| Untracked 
| 130|0x00000000a8200000, 0x00000000a8300000, 0x00000000a8300000|100%| O|  |TAMS 0x00000000a8300000, 0x00000000a8300000| Untracked 
| 131|0x00000000a8300000, 0x00000000a8400000, 0x00000000a8400000|100%| O|  |TAMS 0x00000000a8400000, 0x00000000a8400000| Untracked 
| 132|0x00000000a8400000, 0x00000000a8500000, 0x00000000a8500000|100%| O|  |TAMS 0x00000000a8500000, 0x00000000a8500000| Untracked 
| 133|0x00000000a8500000, 0x00000000a8600000, 0x00000000a8600000|100%| O|  |TAMS 0x00000000a8600000, 0x00000000a8600000| Untracked 
| 134|0x00000000a8600000, 0x00000000a8700000, 0x00000000a8700000|100%| O|  |TAMS 0x00000000a8700000, 0x00000000a8700000| Untracked 
| 135|0x00000000a8700000, 0x00000000a8800000, 0x00000000a8800000|100%| O|  |TAMS 0x00000000a8800000, 0x00000000a8800000| Untracked 
| 136|0x00000000a8800000, 0x00000000a8900000, 0x00000000a8900000|100%| O|  |TAMS 0x00000000a8900000, 0x00000000a8900000| Untracked 
| 137|0x00000000a8900000, 0x00000000a8a00000, 0x00000000a8a00000|100%| O|  |TAMS 0x00000000a8a00000, 0x00000000a8a00000| Untracked 
| 138|0x00000000a8a00000, 0x00000000a8b00000, 0x00000000a8b00000|100%| O|  |TAMS 0x00000000a8b00000, 0x00000000a8b00000| Untracked 
| 139|0x00000000a8b00000, 0x00000000a8c00000, 0x00000000a8c00000|100%| O|  |TAMS 0x00000000a8c00000, 0x00000000a8c00000| Untracked 
| 140|0x00000000a8c00000, 0x00000000a8d00000, 0x00000000a8d00000|100%| O|  |TAMS 0x00000000a8d00000, 0x00000000a8d00000| Untracked 
| 141|0x00000000a8d00000, 0x00000000a8e00000, 0x00000000a8e00000|100%| O|  |TAMS 0x00000000a8e00000, 0x00000000a8e00000| Untracked 
| 142|0x00000000a8e00000, 0x00000000a8f00000, 0x00000000a8f00000|100%| O|  |TAMS 0x00000000a8e3b000, 0x00000000a8f00000| Untracked 
| 143|0x00000000a8f00000, 0x00000000a9000000, 0x00000000a9000000|100%| O|  |TAMS 0x00000000a8f00000, 0x00000000a9000000| Untracked 
| 144|0x00000000a9000000, 0x00000000a9100000, 0x00000000a9100000|100%| O|  |TAMS 0x00000000a9000000, 0x00000000a9100000| Untracked 
| 145|0x00000000a9100000, 0x00000000a9200000, 0x00000000a9200000|100%| O|  |TAMS 0x00000000a9100000, 0x00000000a9200000| Untracked 
| 146|0x00000000a9200000, 0x00000000a9300000, 0x00000000a9300000|100%| O|  |TAMS 0x00000000a9200000, 0x00000000a9300000| Untracked 
| 147|0x00000000a9300000, 0x00000000a9400000, 0x00000000a9400000|100%| O|  |TAMS 0x00000000a9300000, 0x00000000a9400000| Untracked 
| 148|0x00000000a9400000, 0x00000000a9500000, 0x00000000a9500000|100%| O|  |TAMS 0x00000000a9400000, 0x00000000a9500000| Untracked 
| 149|0x00000000a9500000, 0x00000000a9600000, 0x00000000a9600000|100%| O|  |TAMS 0x00000000a9500000, 0x00000000a9600000| Untracked 
| 150|0x00000000a9600000, 0x00000000a9655600, 0x00000000a9700000| 33%| O|  |TAMS 0x00000000a9600000, 0x00000000a9655600| Untracked 
| 151|0x00000000a9700000, 0x00000000a9700000, 0x00000000a9800000|  0%| F|  |TAMS 0x00000000a9700000, 0x00000000a9700000| Untracked 
| 152|0x00000000a9800000, 0x00000000a9800000, 0x00000000a9900000|  0%| F|  |TAMS 0x00000000a9800000, 0x00000000a9800000| Untracked 
| 153|0x00000000a9900000, 0x00000000a9900000, 0x00000000a9a00000|  0%| F|  |TAMS 0x00000000a9900000, 0x00000000a9900000| Untracked 
| 154|0x00000000a9a00000, 0x00000000a9a00000, 0x00000000a9b00000|  0%| F|  |TAMS 0x00000000a9a00000, 0x00000000a9a00000| Untracked 
| 155|0x00000000a9b00000, 0x00000000a9b00000, 0x00000000a9c00000|  0%| F|  |TAMS 0x00000000a9b00000, 0x00000000a9b00000| Untracked 
| 156|0x00000000a9c00000, 0x00000000a9c00000, 0x00000000a9d00000|  0%| F|  |TAMS 0x00000000a9c00000, 0x00000000a9c00000| Untracked 
| 157|0x00000000a9d00000, 0x00000000a9d00000, 0x00000000a9e00000|  0%| F|  |TAMS 0x00000000a9d00000, 0x00000000a9d00000| Untracked 
| 158|0x00000000a9e00000, 0x00000000a9e00000, 0x00000000a9f00000|  0%| F|  |TAMS 0x00000000a9e00000, 0x00000000a9e00000| Untracked 
| 159|0x00000000a9f00000, 0x00000000a9f00000, 0x00000000aa000000|  0%| F|  |TAMS 0x00000000a9f00000, 0x00000000a9f00000| Untracked 
| 160|0x00000000aa000000, 0x00000000aa000000, 0x00000000aa100000|  0%| F|  |TAMS 0x00000000aa000000, 0x00000000aa000000| Untracked 
| 161|0x00000000aa100000, 0x00000000aa100000, 0x00000000aa200000|  0%| F|  |TAMS 0x00000000aa100000, 0x00000000aa100000| Untracked 
| 162|0x00000000aa200000, 0x00000000aa200000, 0x00000000aa300000|  0%| F|  |TAMS 0x00000000aa200000, 0x00000000aa200000| Untracked 
| 163|0x00000000aa300000, 0x00000000aa300000, 0x00000000aa400000|  0%| F|  |TAMS 0x00000000aa300000, 0x00000000aa300000| Untracked 
| 164|0x00000000aa400000, 0x00000000aa400000, 0x00000000aa500000|  0%| F|  |TAMS 0x00000000aa400000, 0x00000000aa400000| Untracked 
| 165|0x00000000aa500000, 0x00000000aa500000, 0x00000000aa600000|  0%| F|  |TAMS 0x00000000aa500000, 0x00000000aa500000| Untracked 
| 166|0x00000000aa600000, 0x00000000aa600000, 0x00000000aa700000|  0%| F|  |TAMS 0x00000000aa600000, 0x00000000aa600000| Untracked 
| 167|0x00000000aa700000, 0x00000000aa700000, 0x00000000aa800000|  0%| F|  |TAMS 0x00000000aa700000, 0x00000000aa700000| Untracked 
| 168|0x00000000aa800000, 0x00000000aa800000, 0x00000000aa900000|  0%| F|  |TAMS 0x00000000aa800000, 0x00000000aa800000| Untracked 
| 169|0x00000000aa900000, 0x00000000aa900000, 0x00000000aaa00000|  0%| F|  |TAMS 0x00000000aa900000, 0x00000000aa900000| Untracked 
| 170|0x00000000aaa00000, 0x00000000aaa00000, 0x00000000aab00000|  0%| F|  |TAMS 0x00000000aaa00000, 0x00000000aaa00000| Untracked 
| 171|0x00000000aab00000, 0x00000000aab00000, 0x00000000aac00000|  0%| F|  |TAMS 0x00000000aab00000, 0x00000000aab00000| Untracked 
| 172|0x00000000aac00000, 0x00000000aac00000, 0x00000000aad00000|  0%| F|  |TAMS 0x00000000aac00000, 0x00000000aac00000| Untracked 
| 173|0x00000000aad00000, 0x00000000aad00000, 0x00000000aae00000|  0%| F|  |TAMS 0x00000000aad00000, 0x00000000aad00000| Untracked 
| 174|0x00000000aae00000, 0x00000000aae00000, 0x00000000aaf00000|  0%| F|  |TAMS 0x00000000aae00000, 0x00000000aae00000| Untracked 
| 175|0x00000000aaf00000, 0x00000000aaf00000, 0x00000000ab000000|  0%| F|  |TAMS 0x00000000aaf00000, 0x00000000aaf00000| Untracked 
| 176|0x00000000ab000000, 0x00000000ab000000, 0x00000000ab100000|  0%| F|  |TAMS 0x00000000ab000000, 0x00000000ab000000| Untracked 
| 177|0x00000000ab100000, 0x00000000ab100000, 0x00000000ab200000|  0%| F|  |TAMS 0x00000000ab100000, 0x00000000ab100000| Untracked 
| 178|0x00000000ab200000, 0x00000000ab200000, 0x00000000ab300000|  0%| F|  |TAMS 0x00000000ab200000, 0x00000000ab200000| Untracked 
| 179|0x00000000ab300000, 0x00000000ab300000, 0x00000000ab400000|  0%| F|  |TAMS 0x00000000ab300000, 0x00000000ab300000| Untracked 
| 180|0x00000000ab400000, 0x00000000ab400000, 0x00000000ab500000|  0%| F|  |TAMS 0x00000000ab400000, 0x00000000ab400000| Untracked 
| 181|0x00000000ab500000, 0x00000000ab500000, 0x00000000ab600000|  0%| F|  |TAMS 0x00000000ab500000, 0x00000000ab500000| Untracked 
| 182|0x00000000ab600000, 0x00000000ab6603c0, 0x00000000ab700000| 37%| S|CS|TAMS 0x00000000ab600000, 0x00000000ab600000| Complete 
| 183|0x00000000ab700000, 0x00000000ab800000, 0x00000000ab800000|100%| S|CS|TAMS 0x00000000ab700000, 0x00000000ab700000| Complete 
| 184|0x00000000ab800000, 0x00000000ab900000, 0x00000000ab900000|100%| S|CS|TAMS 0x00000000ab800000, 0x00000000ab800000| Complete 
| 185|0x00000000ab900000, 0x00000000aba00000, 0x00000000aba00000|100%| S|CS|TAMS 0x00000000ab900000, 0x00000000ab900000| Complete 
| 186|0x00000000aba00000, 0x00000000abb00000, 0x00000000abb00000|100%| S|CS|TAMS 0x00000000aba00000, 0x00000000aba00000| Complete 
| 187|0x00000000abb00000, 0x00000000abc00000, 0x00000000abc00000|100%| S|CS|TAMS 0x00000000abb00000, 0x00000000abb00000| Complete 
| 188|0x00000000abc00000, 0x00000000abc00000, 0x00000000abd00000|  0%| F|  |TAMS 0x00000000abc00000, 0x00000000abc00000| Untracked 
| 189|0x00000000abd00000, 0x00000000abd00000, 0x00000000abe00000|  0%| F|  |TAMS 0x00000000abd00000, 0x00000000abd00000| Untracked 
| 190|0x00000000abe00000, 0x00000000abe00000, 0x00000000abf00000|  0%| F|  |TAMS 0x00000000abe00000, 0x00000000abe00000| Untracked 
| 191|0x00000000abf00000, 0x00000000abf00000, 0x00000000ac000000|  0%| F|  |TAMS 0x00000000abf00000, 0x00000000abf00000| Untracked 
| 192|0x00000000ac000000, 0x00000000ac000000, 0x00000000ac100000|  0%| F|  |TAMS 0x00000000ac000000, 0x00000000ac000000| Untracked 
| 193|0x00000000ac100000, 0x00000000ac200000, 0x00000000ac200000|100%| S|CS|TAMS 0x00000000ac100000, 0x00000000ac100000| Complete 
| 194|0x00000000ac200000, 0x00000000ac200000, 0x00000000ac300000|  0%| F|  |TAMS 0x00000000ac200000, 0x00000000ac200000| Untracked 
| 195|0x00000000ac300000, 0x00000000ac300000, 0x00000000ac400000|  0%| F|  |TAMS 0x00000000ac300000, 0x00000000ac300000| Untracked 
| 196|0x00000000ac400000, 0x00000000ac400000, 0x00000000ac500000|  0%| F|  |TAMS 0x00000000ac400000, 0x00000000ac400000| Untracked 
| 197|0x00000000ac500000, 0x00000000ac500000, 0x00000000ac600000|  0%| F|  |TAMS 0x00000000ac500000, 0x00000000ac500000| Untracked 
| 198|0x00000000ac600000, 0x00000000ac600000, 0x00000000ac700000|  0%| F|  |TAMS 0x00000000ac600000, 0x00000000ac600000| Untracked 
| 199|0x00000000ac700000, 0x00000000ac700000, 0x00000000ac800000|  0%| F|  |TAMS 0x00000000ac700000, 0x00000000ac700000| Untracked 
| 200|0x00000000ac800000, 0x00000000ac800000, 0x00000000ac900000|  0%| F|  |TAMS 0x00000000ac800000, 0x00000000ac800000| Untracked 
| 201|0x00000000ac900000, 0x00000000ac900000, 0x00000000aca00000|  0%| F|  |TAMS 0x00000000ac900000, 0x00000000ac900000| Untracked 
| 202|0x00000000aca00000, 0x00000000aca00000, 0x00000000acb00000|  0%| F|  |TAMS 0x00000000aca00000, 0x00000000aca00000| Untracked 
| 203|0x00000000acb00000, 0x00000000acb00000, 0x00000000acc00000|  0%| F|  |TAMS 0x00000000acb00000, 0x00000000acb00000| Untracked 
| 204|0x00000000acc00000, 0x00000000acc00000, 0x00000000acd00000|  0%| F|  |TAMS 0x00000000acc00000, 0x00000000acc00000| Untracked 
| 205|0x00000000acd00000, 0x00000000acd00000, 0x00000000ace00000|  0%| F|  |TAMS 0x00000000acd00000, 0x00000000acd00000| Untracked 
| 206|0x00000000ace00000, 0x00000000ace00000, 0x00000000acf00000|  0%| F|  |TAMS 0x00000000ace00000, 0x00000000ace00000| Untracked 
| 207|0x00000000acf00000, 0x00000000acf00000, 0x00000000ad000000|  0%| F|  |TAMS 0x00000000acf00000, 0x00000000acf00000| Untracked 
| 208|0x00000000ad000000, 0x00000000ad000000, 0x00000000ad100000|  0%| F|  |TAMS 0x00000000ad000000, 0x00000000ad000000| Untracked 
| 209|0x00000000ad100000, 0x00000000ad100000, 0x00000000ad200000|  0%| F|  |TAMS 0x00000000ad100000, 0x00000000ad100000| Untracked 
| 210|0x00000000ad200000, 0x00000000ad200000, 0x00000000ad300000|  0%| F|  |TAMS 0x00000000ad200000, 0x00000000ad200000| Untracked 
| 211|0x00000000ad300000, 0x00000000ad300000, 0x00000000ad400000|  0%| F|  |TAMS 0x00000000ad300000, 0x00000000ad300000| Untracked 
| 212|0x00000000ad400000, 0x00000000ad400000, 0x00000000ad500000|  0%| F|  |TAMS 0x00000000ad400000, 0x00000000ad400000| Untracked 
| 213|0x00000000ad500000, 0x00000000ad500000, 0x00000000ad600000|  0%| F|  |TAMS 0x00000000ad500000, 0x00000000ad500000| Untracked 
| 214|0x00000000ad600000, 0x00000000ad600000, 0x00000000ad700000|  0%| F|  |TAMS 0x00000000ad600000, 0x00000000ad600000| Untracked 
| 215|0x00000000ad700000, 0x00000000ad700000, 0x00000000ad800000|  0%| F|  |TAMS 0x00000000ad700000, 0x00000000ad700000| Untracked 
| 216|0x00000000ad800000, 0x00000000ad800000, 0x00000000ad900000|  0%| F|  |TAMS 0x00000000ad800000, 0x00000000ad800000| Untracked 
| 217|0x00000000ad900000, 0x00000000ad900000, 0x00000000ada00000|  0%| F|  |TAMS 0x00000000ad900000, 0x00000000ad900000| Untracked 
| 218|0x00000000ada00000, 0x00000000ada00000, 0x00000000adb00000|  0%| F|  |TAMS 0x00000000ada00000, 0x00000000ada00000| Untracked 
| 219|0x00000000adb00000, 0x00000000adb00000, 0x00000000adc00000|  0%| F|  |TAMS 0x00000000adb00000, 0x00000000adb00000| Untracked 
| 220|0x00000000adc00000, 0x00000000adc00000, 0x00000000add00000|  0%| F|  |TAMS 0x00000000adc00000, 0x00000000adc00000| Untracked 
| 221|0x00000000add00000, 0x00000000add00000, 0x00000000ade00000|  0%| F|  |TAMS 0x00000000add00000, 0x00000000add00000| Untracked 
| 222|0x00000000ade00000, 0x00000000ade00000, 0x00000000adf00000|  0%| F|  |TAMS 0x00000000ade00000, 0x00000000ade00000| Untracked 
| 223|0x00000000adf00000, 0x00000000adf00000, 0x00000000ae000000|  0%| F|  |TAMS 0x00000000adf00000, 0x00000000adf00000| Untracked 
| 224|0x00000000ae000000, 0x00000000ae000000, 0x00000000ae100000|  0%| F|  |TAMS 0x00000000ae000000, 0x00000000ae000000| Untracked 
| 225|0x00000000ae100000, 0x00000000ae100000, 0x00000000ae200000|  0%| F|  |TAMS 0x00000000ae100000, 0x00000000ae100000| Untracked 
| 226|0x00000000ae200000, 0x00000000ae200000, 0x00000000ae300000|  0%| F|  |TAMS 0x00000000ae200000, 0x00000000ae200000| Untracked 
| 227|0x00000000ae300000, 0x00000000ae300000, 0x00000000ae400000|  0%| F|  |TAMS 0x00000000ae300000, 0x00000000ae300000| Untracked 
| 228|0x00000000ae400000, 0x00000000ae400000, 0x00000000ae500000|  0%| F|  |TAMS 0x00000000ae400000, 0x00000000ae400000| Untracked 
| 229|0x00000000ae500000, 0x00000000ae500000, 0x00000000ae600000|  0%| F|  |TAMS 0x00000000ae500000, 0x00000000ae500000| Untracked 
| 230|0x00000000ae600000, 0x00000000ae600000, 0x00000000ae700000|  0%| F|  |TAMS 0x00000000ae600000, 0x00000000ae600000| Untracked 
| 231|0x00000000ae700000, 0x00000000ae700000, 0x00000000ae800000|  0%| F|  |TAMS 0x00000000ae700000, 0x00000000ae700000| Untracked 
| 232|0x00000000ae800000, 0x00000000ae800000, 0x00000000ae900000|  0%| F|  |TAMS 0x00000000ae800000, 0x00000000ae800000| Untracked 
| 233|0x00000000ae900000, 0x00000000ae900000, 0x00000000aea00000|  0%| F|  |TAMS 0x00000000ae900000, 0x00000000ae900000| Untracked 
| 234|0x00000000aea00000, 0x00000000aea00000, 0x00000000aeb00000|  0%| F|  |TAMS 0x00000000aea00000, 0x00000000aea00000| Untracked 
| 235|0x00000000aeb00000, 0x00000000aeb00000, 0x00000000aec00000|  0%| F|  |TAMS 0x00000000aeb00000, 0x00000000aeb00000| Untracked 
| 236|0x00000000aec00000, 0x00000000aec00000, 0x00000000aed00000|  0%| F|  |TAMS 0x00000000aec00000, 0x00000000aec00000| Untracked 
| 237|0x00000000aed00000, 0x00000000aed00000, 0x00000000aee00000|  0%| F|  |TAMS 0x00000000aed00000, 0x00000000aed00000| Untracked 
| 238|0x00000000aee00000, 0x00000000aee00000, 0x00000000aef00000|  0%| F|  |TAMS 0x00000000aee00000, 0x00000000aee00000| Untracked 
| 239|0x00000000aef00000, 0x00000000aef00000, 0x00000000af000000|  0%| F|  |TAMS 0x00000000aef00000, 0x00000000aef00000| Untracked 
| 240|0x00000000af000000, 0x00000000af000000, 0x00000000af100000|  0%| F|  |TAMS 0x00000000af000000, 0x00000000af000000| Untracked 
| 241|0x00000000af100000, 0x00000000af100000, 0x00000000af200000|  0%| F|  |TAMS 0x00000000af100000, 0x00000000af100000| Untracked 
| 242|0x00000000af200000, 0x00000000af200000, 0x00000000af300000|  0%| F|  |TAMS 0x00000000af200000, 0x00000000af200000| Untracked 
| 243|0x00000000af300000, 0x00000000af300000, 0x00000000af400000|  0%| F|  |TAMS 0x00000000af300000, 0x00000000af300000| Untracked 
| 244|0x00000000af400000, 0x00000000af400000, 0x00000000af500000|  0%| F|  |TAMS 0x00000000af400000, 0x00000000af400000| Untracked 
| 245|0x00000000af500000, 0x00000000af500000, 0x00000000af600000|  0%| F|  |TAMS 0x00000000af500000, 0x00000000af500000| Untracked 
| 246|0x00000000af600000, 0x00000000af600000, 0x00000000af700000|  0%| F|  |TAMS 0x00000000af600000, 0x00000000af600000| Untracked 
| 247|0x00000000af700000, 0x00000000af700000, 0x00000000af800000|  0%| F|  |TAMS 0x00000000af700000, 0x00000000af700000| Untracked 
| 248|0x00000000af800000, 0x00000000af800000, 0x00000000af900000|  0%| F|  |TAMS 0x00000000af800000, 0x00000000af800000| Untracked 
| 249|0x00000000af900000, 0x00000000af900000, 0x00000000afa00000|  0%| F|  |TAMS 0x00000000af900000, 0x00000000af900000| Untracked 
| 250|0x00000000afa00000, 0x00000000afa00000, 0x00000000afb00000|  0%| F|  |TAMS 0x00000000afa00000, 0x00000000afa00000| Untracked 
| 251|0x00000000afb00000, 0x00000000afb00000, 0x00000000afc00000|  0%| F|  |TAMS 0x00000000afb00000, 0x00000000afb00000| Untracked 
| 252|0x00000000afc00000, 0x00000000afc00000, 0x00000000afd00000|  0%| F|  |TAMS 0x00000000afc00000, 0x00000000afc00000| Untracked 
| 253|0x00000000afd00000, 0x00000000afd00000, 0x00000000afe00000|  0%| F|  |TAMS 0x00000000afd00000, 0x00000000afd00000| Untracked 
| 254|0x00000000afe00000, 0x00000000afe00000, 0x00000000aff00000|  0%| F|  |TAMS 0x00000000afe00000, 0x00000000afe00000| Untracked 
| 255|0x00000000aff00000, 0x00000000b0000000, 0x00000000b0000000|100%| E|  |TAMS 0x00000000aff00000, 0x00000000aff00000| Complete 
| 256|0x00000000b0000000, 0x00000000b0100000, 0x00000000b0100000|100%| E|CS|TAMS 0x00000000b0000000, 0x00000000b0000000| Complete 
| 257|0x00000000b0100000, 0x00000000b0200000, 0x00000000b0200000|100%| E|CS|TAMS 0x00000000b0100000, 0x00000000b0100000| Complete 
| 258|0x00000000b0200000, 0x00000000b0300000, 0x00000000b0300000|100%| E|CS|TAMS 0x00000000b0200000, 0x00000000b0200000| Complete 
| 259|0x00000000b0300000, 0x00000000b0400000, 0x00000000b0400000|100%| E|CS|TAMS 0x00000000b0300000, 0x00000000b0300000| Complete 

Card table byte_map: [0x0000025453ee0000,0x00000254541e0000] _byte_map_base: 0x00000254539e0000

Marking Bits (Prev, Next): (CMBitMap*) 0x000002543f302e40, (CMBitMap*) 0x000002543f302e08
 Prev Bits: [0x0000025455ce0000, 0x00000254574e0000)
 Next Bits: [0x00000254544e0000, 0x0000025455ce0000)

Polling page: 0x0000025444590000

Metaspace:

Usage:
  Non-class:     71.12 MB capacity,    70.16 MB ( 99%) used,   807.17 KB (  1%) free+waste,   182.63 KB ( <1%) overhead. 
      Class:      9.47 MB capacity,     8.87 MB ( 94%) used,   526.41 KB (  5%) free+waste,    82.25 KB ( <1%) overhead. 
       Both:     80.59 MB capacity,    79.03 MB ( 98%) used,     1.30 MB (  2%) free+waste,   264.88 KB ( <1%) overhead. 

Virtual space:
  Non-class space:       72.00 MB reserved,      71.33 MB (>99%) committed 
      Class space:        1.00 GB reserved,       9.50 MB ( <1%) committed 
             Both:        1.07 GB reserved,      80.83 MB (  7%) committed 

Chunk freelists:
   Non-Class:  17.00 KB
       Class:  0 bytes
        Both:  17.00 KB

MaxMetaspaceSize: 17179869184.00 GB
CompressedClassSpaceSize: 1.00 GB
Initial GC threshold: 20.80 MB
Current GC threshold: 134.30 MB
CDS: off

CodeHeap 'non-profiled nmethods': size=120064Kb used=13037Kb max_used=13527Kb free=107027Kb
 bounds [0x000002544c070000, 0x000002544cdb0000, 0x00000254535b0000]
CodeHeap 'profiled nmethods': size=120000Kb used=38329Kb max_used=40786Kb free=81670Kb
 bounds [0x0000025444b40000, 0x0000025447330000, 0x000002544c070000]
CodeHeap 'non-nmethods': size=5696Kb used=1350Kb max_used=1415Kb free=4345Kb
 bounds [0x00000254445b0000, 0x0000025444820000, 0x0000025444b40000]
 total_blobs=16786 nmethods=16156 adapters=539
 compilation: enabled
              stopped_count=0, restarted_count=0
 full_count=0

Compilation events (20 events):
Event: 1297.082 Thread 0x0000025459b3b800 nmethod 19228 0x000002544cda1890 code [0x000002544cda1a80, 0x000002544cda2208]
Event: 1297.082 Thread 0x0000025459b3b800 19229       4       org.jetbrains.kotlin.cfg.pseudocode.ControlFlowInstructionsGenerator$ControlFlowInstructionsGeneratorWorker::mark (27 bytes)
Event: 1297.090 Thread 0x0000025459b3e800 19233       3       org.jetbrains.kotlin.types.expressions.DeclarationScopeProviderForLocalClassifierAnalyzer::getResolutionScopeForDeclaration (41 bytes)
Event: 1297.091 Thread 0x0000025459b3e800 nmethod 19233 0x0000025445b7db10 code [0x0000025445b7dd60, 0x0000025445b7e478]
Event: 1297.091 Thread 0x0000025459b3b800 nmethod 19229 0x000002544cda2710 code [0x000002544cda2900, 0x000002544cda3048]
Event: 1297.092 Thread 0x0000025459b3b800 19230       4       org.jetbrains.kotlin.cfg.pseudocode.PseudoValueFactoryImpl::newValue (89 bytes)
Event: 1297.101 Thread 0x0000025459b3e800 19235       3       org.jetbrains.kotlin.resolve.AnnotationChecker::checkExpression (137 bytes)
Event: 1297.103 Thread 0x0000025459b3e800 nmethod 19235 0x0000025445b49510 code [0x0000025445b49900, 0x0000025445b4b6a8]
Event: 1297.130 Thread 0x0000025459b3b800 nmethod 19230 0x000002544cda3490 code [0x000002544cda3700, 0x000002544cda5100]
Event: 1297.130 Thread 0x0000025459b3b800 19234       4       org.jetbrains.kotlin.descriptors.impl.ValueParameterDescriptorImpl::getOverriddenDescriptors (123 bytes)
Event: 1297.157 Thread 0x0000025459b3b800 nmethod 19234 0x000002544c49d990 code [0x000002544c49dba0, 0x000002544c49e958]
Event: 1297.157 Thread 0x0000025459b3b800 19236       4       org.jetbrains.kotlin.resolve.calls.tower.MemberScopeTowerLevel::getFunctions (24 bytes)
Event: 1297.159 Thread 0x0000025459b3b800 nmethod 19236 0x000002544c0ec310 code [0x000002544c0ec4c0, 0x000002544c0ec5e8]
Event: 1297.165 Thread 0x0000025459b3e800 19237       3       org.jetbrains.kotlin.resolve.scopes.receivers.TransientReceiver::<init> (7 bytes)
Event: 1297.165 Thread 0x0000025459b3b800 19238       4       org.jetbrains.kotlin.utils.SmartSet$ArrayIterator::hasNext (10 bytes)
Event: 1297.165 Thread 0x0000025459b3e800 nmethod 19237 0x0000025445c87990 code [0x0000025445c87b60, 0x0000025445c87e38]
Event: 1297.166 Thread 0x0000025459b3b800 nmethod 19238 0x000002544c18dc10 code [0x000002544c18dda0, 0x000002544c18de58]
Event: 1297.176 Thread 0x0000025459b3b800 19239       4       org.jetbrains.kotlin.resolve.calls.callResolverUtil.CallResolverUtilKt::getErasedReceiverType (498 bytes)
Event: 1297.183 Thread 0x0000025459b3e800 19240       3       org.jetbrains.kotlin.psi.KtClassBody::getDanglingAnnotations (105 bytes)
Event: 1297.184 Thread 0x0000025459b3e800 nmethod 19240 0x0000025444be6290 code [0x0000025444be6580, 0x0000025444be7698]

GC Heap History (20 events):
Event: 1272.118 GC heap before
{Heap before GC invocations=50 (full 0):
 garbage-first heap   total 221184K, used 166713K [0x00000000a0000000, 0x0000000100000000)
  region size 1024K, 53 young (54272K), 2 survivors (2048K)
 Metaspace       used 79287K, capacity 80867K, committed 81104K, reserved 1120256K
  class space    used 8930K, capacity 9532K, committed 9600K, reserved 1048576K
}
Event: 1272.130 GC heap after
{Heap after GC invocations=51 (full 0):
 garbage-first heap   total 266240K, used 117272K [0x00000000a0000000, 0x0000000100000000)
  region size 1024K, 4 young (4096K), 4 survivors (4096K)
 Metaspace       used 79287K, capacity 80867K, committed 81104K, reserved 1120256K
  class space    used 8930K, capacity 9532K, committed 9600K, reserved 1048576K
}
Event: 1274.495 GC heap before
{Heap before GC invocations=51 (full 0):
 garbage-first heap   total 266240K, used 188952K [0x00000000a0000000, 0x0000000100000000)
  region size 1024K, 75 young (76800K), 4 survivors (4096K)
 Metaspace       used 79717K, capacity 81298K, committed 81360K, reserved 1122304K
  class space    used 8973K, capacity 9568K, committed 9600K, reserved 1048576K
}
Event: 1274.511 GC heap after
{Heap after GC invocations=52 (full 0):
 garbage-first heap   total 266240K, used 121709K [0x00000000a0000000, 0x0000000100000000)
  region size 1024K, 9 young (9216K), 9 survivors (9216K)
 Metaspace       used 79717K, capacity 81298K, committed 81360K, reserved 1122304K
  class space    used 8973K, capacity 9568K, committed 9600K, reserved 1048576K
}
Event: 1277.613 GC heap before
{Heap before GC invocations=52 (full 0):
 garbage-first heap   total 266240K, used 196461K [0x00000000a0000000, 0x0000000100000000)
  region size 1024K, 82 young (83968K), 9 survivors (9216K)
 Metaspace       used 79838K, capacity 81427K, committed 81616K, reserved 1122304K
  class space    used 8974K, capacity 9568K, committed 9600K, reserved 1048576K
}
Event: 1277.647 GC heap after
{Heap after GC invocations=53 (full 0):
 garbage-first heap   total 266240K, used 124978K [0x00000000a0000000, 0x0000000100000000)
  region size 1024K, 8 young (8192K), 8 survivors (8192K)
 Metaspace       used 79838K, capacity 81427K, committed 81616K, reserved 1122304K
  class space    used 8974K, capacity 9568K, committed 9600K, reserved 1048576K
}
Event: 1280.181 GC heap before
{Heap before GC invocations=54 (full 0):
 garbage-first heap   total 266240K, used 197682K [0x00000000a0000000, 0x0000000100000000)
  region size 1024K, 80 young (81920K), 8 survivors (8192K)
 Metaspace       used 80400K, capacity 82011K, committed 82256K, reserved 1122304K
  class space    used 9083K, capacity 9696K, committed 9728K, reserved 1048576K
}
Event: 1280.207 GC heap after
{Heap after GC invocations=55 (full 0):
 garbage-first heap   total 266240K, used 129149K [0x00000000a0000000, 0x0000000100000000)
  region size 1024K, 8 young (8192K), 8 survivors (8192K)
 Metaspace       used 80400K, capacity 82011K, committed 82256K, reserved 1122304K
  class space    used 9083K, capacity 9696K, committed 9728K, reserved 1048576K
}
Event: 1281.812 GC heap before
{Heap before GC invocations=56 (full 0):
 garbage-first heap   total 266240K, used 216189K [0x00000000a0000000, 0x0000000100000000)
  region size 1024K, 84 young (86016K), 8 survivors (8192K)
 Metaspace       used 80519K, capacity 82076K, committed 82256K, reserved 1122304K
  class space    used 9084K, capacity 9696K, committed 9728K, reserved 1048576K
}
Event: 1281.848 GC heap after
{Heap after GC invocations=57 (full 0):
 garbage-first heap   total 266240K, used 144036K [0x00000000a0000000, 0x0000000100000000)
  region size 1024K, 10 young (10240K), 10 survivors (10240K)
 Metaspace       used 80519K, capacity 82076K, committed 82256K, reserved 1122304K
  class space    used 9084K, capacity 9696K, committed 9728K, reserved 1048576K
}
Event: 1284.817 GC heap before
{Heap before GC invocations=57 (full 0):
 garbage-first heap   total 266240K, used 216740K [0x00000000a0000000, 0x0000000100000000)
  region size 1024K, 81 young (82944K), 10 survivors (10240K)
 Metaspace       used 80565K, capacity 82140K, committed 82256K, reserved 1122304K
  class space    used 9084K, capacity 9696K, committed 9728K, reserved 1048576K
}
Event: 1284.920 GC heap after
{Heap after GC invocations=58 (full 0):
 garbage-first heap   total 266240K, used 147797K [0x00000000a0000000, 0x0000000100000000)
  region size 1024K, 10 young (10240K), 10 survivors (10240K)
 Metaspace       used 80565K, capacity 82140K, committed 82256K, reserved 1122304K
  class space    used 9084K, capacity 9696K, committed 9728K, reserved 1048576K
}
Event: 1286.702 GC heap before
{Heap before GC invocations=59 (full 0):
 garbage-first heap   total 266240K, used 217429K [0x00000000a0000000, 0x0000000100000000)
  region size 1024K, 80 young (81920K), 10 survivors (10240K)
 Metaspace       used 80666K, capacity 82269K, committed 82512K, reserved 1122304K
  class space    used 9085K, capacity 9696K, committed 9728K, reserved 1048576K
}
Event: 1286.739 GC heap after
{Heap after GC invocations=60 (full 0):
 garbage-first heap   total 266240K, used 149006K [0x00000000a0000000, 0x0000000100000000)
  region size 1024K, 7 young (7168K), 7 survivors (7168K)
 Metaspace       used 80666K, capacity 82269K, committed 82512K, reserved 1122304K
  class space    used 9085K, capacity 9696K, committed 9728K, reserved 1048576K
}
Event: 1288.213 GC heap before
{Heap before GC invocations=60 (full 0):
 garbage-first heap   total 266240K, used 221710K [0x00000000a0000000, 0x0000000100000000)
  region size 1024K, 78 young (79872K), 7 survivors (7168K)
 Metaspace       used 80714K, capacity 82269K, committed 82512K, reserved 1122304K
  class space    used 9086K, capacity 9696K, committed 9728K, reserved 1048576K
}
Event: 1288.237 GC heap after
{Heap after GC invocations=61 (full 0):
 garbage-first heap   total 266240K, used 154193K [0x00000000a0000000, 0x0000000100000000)
  region size 1024K, 9 young (9216K), 9 survivors (9216K)
 Metaspace       used 80714K, capacity 82269K, committed 82512K, reserved 1122304K
  class space    used 9086K, capacity 9696K, committed 9728K, reserved 1048576K
}
Event: 1294.713 GC heap before
{Heap before GC invocations=62 (full 0):
 garbage-first heap   total 266240K, used 222801K [0x00000000a0000000, 0x0000000100000000)
  region size 1024K, 76 young (77824K), 9 survivors (9216K)
 Metaspace       used 80800K, capacity 82398K, committed 82512K, reserved 1122304K
  class space    used 9086K, capacity 9696K, committed 9728K, reserved 1048576K
}
Event: 1294.783 GC heap after
{Heap after GC invocations=63 (full 0):
 garbage-first heap   total 266240K, used 157587K [0x00000000a0000000, 0x0000000100000000)
  region size 1024K, 8 young (8192K), 8 survivors (8192K)
 Metaspace       used 80800K, capacity 82398K, committed 82512K, reserved 1122304K
  class space    used 9086K, capacity 9696K, committed 9728K, reserved 1048576K
}
Event: 1296.980 GC heap before
{Heap before GC invocations=63 (full 0):
 garbage-first heap   total 266240K, used 225171K [0x00000000a0000000, 0x0000000100000000)
  region size 1024K, 74 young (75776K), 8 survivors (8192K)
 Metaspace       used 80925K, capacity 82527K, committed 82768K, reserved 1122304K
  class space    used 9087K, capacity 9696K, committed 9728K, reserved 1048576K
}
Event: 1297.022 GC heap after
{Heap after GC invocations=64 (full 0):
 garbage-first heap   total 266240K, used 160470K [0x00000000a0000000, 0x0000000100000000)
  region size 1024K, 7 young (7168K), 7 survivors (7168K)
 Metaspace       used 80925K, capacity 82527K, committed 82768K, reserved 1122304K
  class space    used 9087K, capacity 9696K, committed 9728K, reserved 1048576K
}

Deoptimization events (20 events):
Event: 1294.975 Thread 0x000002545f56c800 DEOPT PACKING pc=0x000002544cc6c76c sp=0x000000cc384f7490
Event: 1294.975 Thread 0x000002545f56c800 DEOPT UNPACKING pc=0x00000254445b85af sp=0x000000cc384f72e0 mode 2
Event: 1294.976 Thread 0x000002545f56c800 Uncommon trap: trap_request=0xffffff6e fr.pc=0x000002544cc6c76c relative=0x000000000000220c
Event: 1294.976 Thread 0x000002545f56c800 Uncommon trap: reason=speculate_class_check action=maybe_recompile pc=0x000002544cc6c76c method=org.jetbrains.kotlin.types.FlexibleTypesKt.lowerIfFlexible(Lorg/jetbrains/kotlin/types/KotlinType;)Lorg/jetbrains/kotlin/types/SimpleType; @ 16 c2
Event: 1294.976 Thread 0x000002545f56c800 DEOPT PACKING pc=0x000002544cc6c76c sp=0x000000cc384f7b20
Event: 1294.978 Thread 0x000002545f56c800 DEOPT UNPACKING pc=0x00000254445b85af sp=0x000000cc384f7970 mode 2
Event: 1295.624 Thread 0x000002545f56c800 Uncommon trap: trap_request=0xffffff6e fr.pc=0x000002544ccabfd8 relative=0x0000000000000af8
Event: 1295.624 Thread 0x000002545f56c800 Uncommon trap: reason=speculate_class_check action=maybe_recompile pc=0x000002544ccabfd8 method=org.jetbrains.kotlin.types.FlexibleTypesKt.lowerIfFlexible(Lorg/jetbrains/kotlin/types/KotlinType;)Lorg/jetbrains/kotlin/types/SimpleType; @ 16 c2
Event: 1295.624 Thread 0x000002545f56c800 DEOPT PACKING pc=0x000002544ccabfd8 sp=0x000000cc384f75d0
Event: 1295.624 Thread 0x000002545f56c800 DEOPT UNPACKING pc=0x00000254445b85af sp=0x000000cc384f74c0 mode 2
Event: 1296.129 Thread 0x000002545f56c800 DEOPT PACKING pc=0x0000025446fd16af sp=0x000000cc384f61d0
Event: 1296.129 Thread 0x000002545f56c800 DEOPT UNPACKING pc=0x00000254445f9d0e sp=0x000000cc384f5700 mode 0
Event: 1296.130 Thread 0x000002545f56c800 DEOPT PACKING pc=0x0000025446fd2157 sp=0x000000cc384f61a0
Event: 1296.130 Thread 0x000002545f56c800 DEOPT UNPACKING pc=0x00000254445f9d0e sp=0x000000cc384f5688 mode 0
Event: 1296.131 Thread 0x000002545f56c800 DEOPT PACKING pc=0x0000025446fd304f sp=0x000000cc384f6010
Event: 1296.131 Thread 0x000002545f56c800 DEOPT UNPACKING pc=0x00000254445f9d0e sp=0x000000cc384f5578 mode 0
Event: 1296.645 Thread 0x000002545f56c800 DEOPT PACKING pc=0x00000254463e93b6 sp=0x000000cc384f7480
Event: 1296.645 Thread 0x000002545f56c800 DEOPT UNPACKING pc=0x00000254445f9d0e sp=0x000000cc384f6948 mode 0
Event: 1296.645 Thread 0x000002545f56c800 DEOPT PACKING pc=0x00000254463b41c9 sp=0x000000cc384f7520
Event: 1296.645 Thread 0x000002545f56c800 DEOPT UNPACKING pc=0x00000254445f9d0e sp=0x000000cc384f6a10 mode 0

Classes redefined (0 events):
No events

Internal exceptions (20 events):
Event: 552.083 Thread 0x000002545dfaf000 Exception <a 'java/net/ConnectException'{0x00000000a99697b0}: Connection refused: connect> (0x00000000a99697b0) thrown at [./src/hotspot/share/prims/jni.cpp, line 637]
Event: 755.671 Thread 0x000002545dfaf000 Exception <a 'java/net/ConnectException'{0x00000000a996a410}: Connection refused: connect> (0x00000000a996a410) thrown at [./src/hotspot/share/prims/jni.cpp, line 637]
Event: 757.758 Thread 0x000002545dfaf000 Exception <a 'java/net/ConnectException'{0x00000000a996abf0}: Connection refused: connect> (0x00000000a996abf0) thrown at [./src/hotspot/share/prims/jni.cpp, line 637]
Event: 759.815 Thread 0x000002545dfaf000 Exception <a 'java/net/ConnectException'{0x00000000a996b3d0}: Connection refused: connect> (0x00000000a996b3d0) thrown at [./src/hotspot/share/prims/jni.cpp, line 637]
Event: 1245.645 Thread 0x000002545dfb1800 Exception <a 'java/lang/InterruptedException'{0x00000000a98de130}> (0x00000000a98de130) thrown at [./src/hotspot/share/runtime/objectMonitor.cpp, line 1635]
Event: 1253.741 Thread 0x000002545dfb0800 Exception <a 'java/lang/InterruptedException'{0x00000000aa139fe8}> (0x00000000aa139fe8) thrown at [./src/hotspot/share/runtime/objectMonitor.cpp, line 1635]
Event: 1255.352 Thread 0x000002545f56f000 Exception <a 'java/lang/InterruptedException'{0x00000000aa239078}> (0x00000000aa239078) thrown at [./src/hotspot/share/runtime/objectMonitor.cpp, line 1635]
Event: 1256.966 Thread 0x000002545dfaf000 Exception <a 'java/net/ConnectException'{0x00000000ab0fc680}: Connection refused: connect> (0x00000000ab0fc680) thrown at [./src/hotspot/share/prims/jni.cpp, line 637]
Event: 1258.396 Thread 0x000002545f56c800 Implicit null exception at 0x000002544c609a00 to 0x000002544c609b44
Event: 1258.513 Thread 0x000002545f56c800 Implicit null exception at 0x000002544c57b0d8 to 0x000002544c57bf1c
Event: 1258.944 Thread 0x000002545f56c800 Implicit null exception at 0x000002544c5e0d43 to 0x000002544c5e1908
Event: 1259.018 Thread 0x000002545dfaf000 Exception <a 'java/net/ConnectException'{0x00000000aacca9b0}: Connection refused: connect> (0x00000000aacca9b0) thrown at [./src/hotspot/share/prims/jni.cpp, line 637]
Event: 1261.067 Thread 0x000002545dfaf000 Exception <a 'java/net/ConnectException'{0x00000000a9380848}: Connection refused: connect> (0x00000000a9380848) thrown at [./src/hotspot/share/prims/jni.cpp, line 637]
Event: 1267.805 Thread 0x000002545f56c800 Implicit null exception at 0x000002544c699f2d to 0x000002544c69a844
Event: 1272.406 Thread 0x000002545f56c800 Implicit null exception at 0x000002544c64af70 to 0x000002544c64b3ac
Event: 1272.406 Thread 0x000002545f56c800 Implicit null exception at 0x000002544c5c1b3b to 0x000002544c5c1e14
Event: 1272.407 Thread 0x000002545f56c800 Implicit null exception at 0x000002544c4752f3 to 0x000002544c4754a4
Event: 1272.407 Thread 0x000002545f56c800 Implicit null exception at 0x000002544c5c25d3 to 0x000002544c5c2958
Event: 1272.407 Thread 0x000002545f56c800 Implicit null exception at 0x000002544c616376 to 0x000002544c6166e4
Event: 1281.430 Thread 0x000002545f56c800 Implicit null exception at 0x000002544c2c751f to 0x000002544c2caf38

Events (20 events):
Event: 1297.298 Thread 0x0000025459b5b000 flushing nmethod 0x0000025446925590
Event: 1297.301 Thread 0x0000025459b5b000 flushing nmethod 0x000002544696f690
Event: 1297.302 Thread 0x0000025459b5b000 flushing nmethod 0x0000025446971610
Event: 1297.302 Thread 0x0000025459b5b000 flushing nmethod 0x000002544697b890
Event: 1297.304 Thread 0x0000025459b5b000 flushing nmethod 0x00000254469fac90
Event: 1297.305 Thread 0x0000025459b5b000 flushing nmethod 0x0000025446a1ae90
Event: 1297.305 Thread 0x0000025459b5b000 flushing nmethod 0x0000025446a21b90
Event: 1297.305 Thread 0x0000025459b5b000 flushing nmethod 0x0000025446a24a90
Event: 1297.305 Thread 0x0000025459b5b000 flushing nmethod 0x0000025446a42a10
Event: 1297.305 Thread 0x0000025459b5b000 flushing nmethod 0x0000025446a43310
Event: 1297.305 Thread 0x0000025459b5b000 flushing nmethod 0x0000025446a46910
Event: 1297.305 Thread 0x0000025459b5b000 flushing nmethod 0x0000025446a48e90
Event: 1297.305 Thread 0x0000025459b5b000 flushing nmethod 0x0000025446a49310
Event: 1297.305 Thread 0x0000025459b5b000 flushing nmethod 0x0000025446a4b190
Event: 1297.305 Thread 0x0000025459b5b000 flushing nmethod 0x0000025446a4df10
Event: 1297.305 Thread 0x0000025459b5b000 flushing nmethod 0x0000025446a50d10
Event: 1297.305 Thread 0x0000025459b5b000 flushing nmethod 0x0000025446a53810
Event: 1297.306 Thread 0x0000025459b5b000 flushing nmethod 0x0000025446a5d310
Event: 1297.308 Thread 0x0000025459b5b000 flushing nmethod 0x0000025446af2c90
Event: 1297.308 Thread 0x0000025459b5b000 flushing nmethod 0x0000025446afd790


Dynamic libraries:
0x00007ff7fa940000 - 0x00007ff7fa94a000 	C:\Program Files\Android\Android Studio\jre\bin\java.exe
0x00007ffb08670000 - 0x00007ffb08887000 	C:\WINDOWS\SYSTEM32\ntdll.dll
0x00007ffb06d80000 - 0x00007ffb06e44000 	C:\WINDOWS\System32\KERNEL32.DLL
0x00007ffb05f70000 - 0x00007ffb06315000 	C:\WINDOWS\System32\KERNELBASE.dll
0x00007ffb05c30000 - 0x00007ffb05d41000 	C:\WINDOWS\System32\ucrtbase.dll
0x00007ffae8de0000 - 0x00007ffae8df9000 	C:\Program Files\Android\Android Studio\jre\bin\jli.dll
0x00007ffb070c0000 - 0x00007ffb0726e000 	C:\WINDOWS\System32\USER32.dll
0x00007ffb05f40000 - 0x00007ffb05f66000 	C:\WINDOWS\System32\win32u.dll
0x00007ffb07c40000 - 0x00007ffb07c69000 	C:\WINDOWS\System32\GDI32.dll
0x00007ffb059e0000 - 0x00007ffb05af9000 	C:\WINDOWS\System32\gdi32full.dll
0x00007ffb06320000 - 0x00007ffb063ba000 	C:\WINDOWS\System32\msvcp_win.dll
0x00007ffae8e00000 - 0x00007ffae8e17000 	C:\Program Files\Android\Android Studio\jre\bin\VCRUNTIME140.dll
0x00007ffb04b50000 - 0x00007ffb04de3000 	C:\WINDOWS\WinSxS\amd64_microsoft.windows.common-controls_6595b64144ccf1df_6.0.22621.2506_none_270c5ae97388e100\COMCTL32.dll
0x00007ffb06e60000 - 0x00007ffb06f07000 	C:\WINDOWS\System32\msvcrt.dll
0x00007ffb07fe0000 - 0x00007ffb08011000 	C:\WINDOWS\System32\IMM32.DLL
0x00007ffabfe70000 - 0x00007ffabff0d000 	C:\Program Files\Android\Android Studio\jre\bin\msvcp140.dll
0x00007ffa682d0000 - 0x00007ffa68dd2000 	C:\Program Files\Android\Android Studio\jre\bin\server\jvm.dll
0x00007ffb07b80000 - 0x00007ffb07c31000 	C:\WINDOWS\System32\ADVAPI32.dll
0x00007ffb063c0000 - 0x00007ffb06466000 	C:\WINDOWS\System32\sechost.dll
0x00007ffb06470000 - 0x00007ffb06587000 	C:\WINDOWS\System32\RPCRT4.dll
0x00007ffb06d10000 - 0x00007ffb06d18000 	C:\WINDOWS\System32\PSAPI.DLL
0x00007ffaf8e30000 - 0x00007ffaf8e64000 	C:\WINDOWS\SYSTEM32\WINMM.dll
0x00007ffaebd00000 - 0x00007ffaebd09000 	C:\WINDOWS\SYSTEM32\WSOCK32.dll
0x00007ffb08020000 - 0x00007ffb08091000 	C:\WINDOWS\System32\WS2_32.dll
0x00007ffb03c40000 - 0x00007ffb03c4a000 	C:\WINDOWS\SYSTEM32\VERSION.dll
0x00007ffb03b30000 - 0x00007ffb03b48000 	C:\WINDOWS\SYSTEM32\kernel.appcore.dll
0x00007ffae3310000 - 0x00007ffae3321000 	C:\Program Files\Android\Android Studio\jre\bin\verify.dll
0x00007ffb05220000 - 0x00007ffb05453000 	C:\WINDOWS\SYSTEM32\DBGHELP.DLL
0x00007ffb080a0000 - 0x00007ffb08429000 	C:\WINDOWS\System32\combase.dll
0x00007ffb06a90000 - 0x00007ffb06b67000 	C:\WINDOWS\System32\OLEAUT32.dll
0x00007ffb05020000 - 0x00007ffb05052000 	C:\WINDOWS\SYSTEM32\dbgcore.DLL
0x00007ffb05d50000 - 0x00007ffb05dca000 	C:\WINDOWS\System32\bcryptPrimitives.dll
0x00007ffad4c20000 - 0x00007ffad4c49000 	C:\Program Files\Android\Android Studio\jre\bin\java.dll
0x00007ffae8390000 - 0x00007ffae839b000 	C:\Program Files\Android\Android Studio\jre\bin\jimage.dll
0x00007ffad4120000 - 0x00007ffad4138000 	C:\Program Files\Android\Android Studio\jre\bin\zip.dll
0x00007ffb07320000 - 0x00007ffb07b79000 	C:\WINDOWS\System32\SHELL32.dll
0x00007ffb029e0000 - 0x00007ffb032d4000 	C:\WINDOWS\SYSTEM32\windows.storage.dll
0x00007ffb028a0000 - 0x00007ffb029de000 	C:\WINDOWS\SYSTEM32\wintypes.dll
0x00007ffb06c10000 - 0x00007ffb06d03000 	C:\WINDOWS\System32\SHCORE.dll
0x00007ffb06d20000 - 0x00007ffb06d7e000 	C:\WINDOWS\System32\shlwapi.dll
0x00007ffb05910000 - 0x00007ffb05936000 	C:\WINDOWS\SYSTEM32\profapi.dll
0x00007ffad2ca0000 - 0x00007ffad2cba000 	C:\Program Files\Android\Android Studio\jre\bin\net.dll
0x00007ffafacd0000 - 0x00007ffafae07000 	C:\WINDOWS\SYSTEM32\WINHTTP.dll
0x00007ffb03f90000 - 0x00007ffb03ff9000 	C:\WINDOWS\system32\mswsock.dll
0x00007ffad2c80000 - 0x00007ffad2c94000 	C:\Program Files\Android\Android Studio\jre\bin\nio.dll
0x00007ffae3300000 - 0x00007ffae330a000 	C:\Program Files\Android\Android Studio\jre\bin\management.dll
0x00007ffae2e00000 - 0x00007ffae2e0d000 	C:\Program Files\Android\Android Studio\jre\bin\management_ext.dll
0x00007ffb05200000 - 0x00007ffb0521b000 	C:\WINDOWS\SYSTEM32\CRYPTSP.dll
0x00007ffb03a90000 - 0x00007ffb03ac5000 	C:\WINDOWS\system32\rsaenh.dll
0x00007ffb04080000 - 0x00007ffb040ac000 	C:\WINDOWS\SYSTEM32\USERENV.dll
0x00007ffb05530000 - 0x00007ffb05558000 	C:\WINDOWS\SYSTEM32\bcrypt.dll
0x00007ffb04310000 - 0x00007ffb0431c000 	C:\WINDOWS\SYSTEM32\CRYPTBASE.dll
0x00007ffb035b0000 - 0x00007ffb035dd000 	C:\WINDOWS\SYSTEM32\IPHLPAPI.DLL
0x00007ffb070b0000 - 0x00007ffb070b9000 	C:\WINDOWS\System32\NSI.dll
0x00007ffaf8930000 - 0x00007ffaf8949000 	C:\WINDOWS\SYSTEM32\dhcpcsvc6.DLL
0x00007ffaf8910000 - 0x00007ffaf892f000 	C:\WINDOWS\SYSTEM32\dhcpcsvc.DLL
0x00007ffb035e0000 - 0x00007ffb036d9000 	C:\WINDOWS\SYSTEM32\DNSAPI.dll
0x00007ffae8d80000 - 0x00007ffae8d88000 	C:\Program Files\Android\Android Studio\jre\bin\rmi.dll

dbghelp: loaded successfully - version: 4.0.5 - missing functions: none
symbol engine: initialized successfully - sym options: 0x614 - pdb path: .;C:\Program Files\Android\Android Studio\jre\bin;C:\WINDOWS\SYSTEM32;C:\WINDOWS\WinSxS\amd64_microsoft.windows.common-controls_6595b64144ccf1df_6.0.22621.2506_none_270c5ae97388e100;C:\Program Files\Android\Android Studio\jre\bin\server

VM Arguments:
jvm_args: -Djava.awt.headless=true -Djava.rmi.server.hostname=127.0.0.1 -Xmx1536m -Dkotlin.environment.keepalive 
java_command: org.jetbrains.kotlin.daemon.KotlinCompileDaemon --daemon-runFilesPath C:\Users\Mazenet-Mounika\AppData\Local\kotlin\daemon --daemon-autoshutdownIdleSeconds=7200 --daemon-compilerClasspath C:\Users\Mazenet-Mounika\.gradle\caches\modules-2\files-2.1\org.jetbrains.kotlin\kotlin-compiler-embeddable\1.3.21\677cc9553b8964c895abc76da9b6a0faea8f671d\kotlin-compiler-embeddable-1.3.21.jar;C:\Users\Mazenet-Mounika\.gradle\caches\modules-2\files-2.1\org.jetbrains.kotlin\kotlin-reflect\1.3.21\d0d5ff2ac2ebd8a42697af41e20fc225a23c5d3b\kotlin-reflect-1.3.21.jar;C:\Users\Mazenet-Mounika\.gradle\caches\modules-2\files-2.1\org.jetbrains.kotlin\kotlin-stdlib\1.3.21\4bcc2012b84840e19e1e28074284cac908be0295\kotlin-stdlib-1.3.21.jar;C:\Users\Mazenet-Mounika\.gradle\caches\modules-2\files-2.1\org.jetbrains.kotlin\kotlin-script-runtime\1.3.21\29363d474ee6fda354900636320a177c7286def9\kotlin-script-runtime-1.3.21.jar;C:\Users\Mazenet-Mounika\.gradle\caches\modules-2\files-2.1\org.jetbrains.intellij.deps\trove4j\1.0.20181211\216c2e14b070f334479d800987affe4054cd563f\trove4j-1.0.20181211.jar;C:\Users\Mazenet-Mounika\.gradle\caches\modules-2\files-2.1\org.jetbrains.kotlin\kotlin-stdlib-common\1.3.21\f30e4a9897913e53d778f564110bafa1fef46643\kotlin-stdlib-common-1.3.21.jar;C:\Users\Mazenet-Mounika\.gradle\caches\modules-2\files-2.1\org.jetbrains\annotations\13.0\919f0dfe192fb4e063e7dacadee7f8bb9a2672a9\annotations-13.0.jar
java_class_path (initial): C:\Users\Mazenet-Mounika\.gradle\caches\modules-2\files-2.1\org.jetbrains.kotlin\kotlin-compiler-embeddable\1.3.21\677cc9553b8964c895abc76da9b6a0faea8f671d\kotlin-compiler-embeddable-1.3.21.jar;C:\Users\Mazenet-Mounika\.gradle\caches\modules-2\files-2.1\org.jetbrains.kotlin\kotlin-reflect\1.3.21\d0d5ff2ac2ebd8a42697af41e20fc225a23c5d3b\kotlin-reflect-1.3.21.jar;C:\Users\Mazenet-Mounika\.gradle\caches\modules-2\files-2.1\org.jetbrains.kotlin\kotlin-stdlib\1.3.21\4bcc2012b84840e19e1e28074284cac908be0295\kotlin-stdlib-1.3.21.jar;C:\Users\Mazenet-Mounika\.gradle\caches\modules-2\files-2.1\org.jetbrains.kotlin\kotlin-script-runtime\1.3.21\29363d474ee6fda354900636320a177c7286def9\kotlin-script-runtime-1.3.21.jar;C:\Users\Mazenet-Mounika\.gradle\caches\modules-2\files-2.1\org.jetbrains.intellij.deps\trove4j\1.0.20181211\216c2e14b070f334479d800987affe4054cd563f\trove4j-1.0.20181211.jar;C:\Users\Mazenet-Mounika\.gradle\caches\modules-2\files-2.1\org.jetbrains.kotlin\kotlin-stdlib-common\1.3.21\f30e4a9897913e53d778f564110bafa1fef46643\kotlin-stdlib-common-1.3.21.jar;C:\Users\Mazenet-Mounika\.gradle\caches\modules-2\files-2.1\org.jetbrains\annotations\13.0\919f0dfe192fb4e063e7dacadee7f8bb9a2672a9\annotations-13.0.jar
Launcher Type: SUN_STANDARD

[Global flags]
     intx CICompilerCount                          = 3                                         {product} {ergonomic}
     uint ConcGCThreads                            = 1                                         {product} {ergonomic}
     uint G1ConcRefinementThreads                  = 4                                         {product} {ergonomic}
   size_t G1HeapRegionSize                         = 1048576                                   {product} {ergonomic}
    uintx GCDrainStackTargetSize                   = 64                                        {product} {ergonomic}
   size_t InitialHeapSize                          = 130023424                                 {product} {ergonomic}
   size_t MarkStackSize                            = 4194304                                   {product} {ergonomic}
   size_t MaxHeapSize                              = 1610612736                                {product} {command line}
   size_t MaxNewSize                               = 965738496                                 {product} {ergonomic}
   size_t MinHeapDeltaBytes                        = 1048576                                   {product} {ergonomic}
    uintx NonNMethodCodeHeapSize                   = 5830732                                {pd product} {ergonomic}
    uintx NonProfiledCodeHeapSize                  = 122913754                              {pd product} {ergonomic}
    uintx ProfiledCodeHeapSize                     = 122913754                              {pd product} {ergonomic}
    uintx ReservedCodeCacheSize                    = 251658240                              {pd product} {ergonomic}
     bool SegmentedCodeCache                       = true                                      {product} {ergonomic}
     bool UseCompressedClassPointers               = true                                 {lp64_product} {ergonomic}
     bool UseCompressedOops                        = true                                 {lp64_product} {ergonomic}
     bool UseG1GC                                  = true                                      {product} {ergonomic}
     bool UseLargePagesIndividualAllocation        = false                                  {pd product} {ergonomic}

Logging:
Log output configuration:
 #0: stdout all=warning uptime,level,tags
 #1: stderr all=off uptime,level,tags

Environment Variables:
PATH=C:\Program Files\Common Files\Oracle\Java\javapath;C:\WINDOWS\system32;C:\WINDOWS;C:\WINDOWS\System32\Wbem;C:\WINDOWS\System32\WindowsPowerShell\v1.0\;C:\WINDOWS\System32\OpenSSH\;C:\Program Files\Java\jdk-18.0.2.1\bin;C:\Program Files\Git\cmd;C:\Program Files\Git\bin;C:\srcs\flutter\bin;C:\Users\Mazenet-Mounika\AppData\Local\Microsoft\WindowsApps;C:\Users\Mazenet-Mounika\AppData\Local\GitHubDesktop\bin;C:\Users\Mazenet-Mounika\AppData\Local\Programs\Git\cmd;flutter\bin;
USERNAME=Mazenet-Mounika
OS=Windows_NT
PROCESSOR_IDENTIFIER=Intel64 Family 6 Model 140 Stepping 1, GenuineIntel



---------------  S Y S T E M  ---------------

OS: Windows 11 , 64 bit Build 22621 (10.0.22621.2506)
OS uptime: 3 days 0:42 hours

CPU:total 4 (initial active 4) (2 cores per cpu, 2 threads per core) family 6 model 140 stepping 1 microcode 0xaa, cmov, cx8, fxsr, mmx, sse, sse2, sse3, ssse3, sse4.1, sse4.2, popcnt, avx, avx2, aes, clmul, erms, 3dnowpref, lzcnt, ht, tsc, tscinvbit, bmi1, bmi2, adx, evex, sha, fma

Memory: 4k page, system-wide physical 7834M (78M free)
TotalPageFile size 25536M (AvailPageFile size 33M)
current process WorkingSet (physical memory assigned to process): 352M, peak: 412M
current process commit charge ("private bytes"): 533M, peak: 537M

vm_info: OpenJDK 64-Bit Server VM (11.0.13+0-b1751.21-8125866) for windows-amd64 JRE (11.0.13+0-b1751.21-8125866), built on Feb  2 2022 03:00:22 by "builder" with MS VC++ 14.0 (VS2015)

END.
