#
# There is insufficient memory for the Java Runtime Environment to continue.
# Native memory allocation (mmap) failed to map 337641472 bytes for Failed to commit area from 0x00000000b1e00000 to 0x00000000c6000000 of length 337641472.
# Possible reasons:
#   The system is out of physical RAM or swap space
#   The process is running with CompressedOops enabled, and the Java Heap may be blocking the growth of the native heap
# Possible solutions:
#   Reduce memory load on the system
#   Increase physical memory or swap space
#   Check if swap backing store is full
#   Decrease Java heap size (-Xmx/-Xms)
#   Decrease number of Java threads
#   Decrease Java thread stack sizes (-Xss)
#   Set larger code cache with -XX:ReservedCodeCacheSize=
#   JVM is running with Unscaled Compressed Oops mode in which the Java heap is
#     placed in the first 4GB address space. The Java Heap base address is the
#     maximum limit for the native heap growth. Please use -XX:HeapBaseMinAddress
#     to set the Java Heap base and to place the Java Heap above 4GB virtual address.
# This output file may be truncated or incomplete.
#
#  Out of Memory Error (./src/hotspot/os/windows/os_windows.cpp:3619), pid=9364, tid=27328
#
# JRE version: OpenJDK Runtime Environment (11.0.13) (build 11.0.13+0-b1751.21-8125866)
# Java VM: OpenJDK 64-Bit Server VM (11.0.13+0-b1751.21-8125866, mixed mode, tiered, compressed oops, g1 gc, windows-amd64)
# No core dump will be written. Minidumps are not enabled by default on client versions of Windows
#

---------------  S U M M A R Y ------------

Command Line: --add-opens=java.base/java.util=ALL-UNNAMED --add-opens=java.base/java.lang=ALL-UNNAMED --add-opens=java.base/java.lang.invoke=ALL-UNNAMED --add-opens=java.prefs/java.util.prefs=ALL-UNNAMED -Xmx1536m -Dfile.encoding=windows-1252 -Duser.country=IN -Duser.language=en -Duser.variant org.gradle.launcher.daemon.bootstrap.GradleDaemon 5.4.1

Host: 11th Gen Intel(R) Core(TM) i3-1115G4 @ 3.00GHz, 4 cores, 7G,  Windows 11 , 64 bit Build 22621 (10.0.22621.2506)
Time: Tue Nov 28 13:35:25 2023 India Standard Time elapsed time: 23.279850 seconds (0d 0h 0m 23s)

---------------  T H R E A D  ---------------

Current thread (0x0000015c3b930000):  VMThread "VM Thread" [stack: 0x000000215a100000,0x000000215a200000] [id=27328]

Stack: [0x000000215a100000,0x000000215a200000]
[error occurred during error reporting (printing stack bounds), id 0xc0000005, EXCEPTION_ACCESS_VIOLATION (0xc0000005) at pc=0x0000015c26b712e7]

Native frames: (J=compiled Java code, j=interpreted, Vv=VM code, C=native code)
V  [jvm.dll+0x6100fa]
V  [jvm.dll+0x747090]
V  [jvm.dll+0x7486ad]
V  [jvm.dll+0x748ce5]
V  [jvm.dll+0x748c9b]
V  [jvm.dll+0x60f224]
V  [jvm.dll+0x60f9b8]
C  [ntdll.dll+0xa441f]
C  [ntdll.dll+0x1e466]
C  [ntdll.dll+0xa340e]
C  0x0000015c26b712e7

VM_Operation (0x000000215b5f7800): G1CollectForAllocation, mode: safepoint, requested by thread 0x0000015c3da72800


---------------  P R O C E S S  ---------------

Threads class SMR info:
_java_thread_list=0x0000015c4305f210, length=41, elements={
0x0000015c23056000, 0x0000015c3b955000, 0x0000015c3b956800, 0x0000015c3b972000,
0x0000015c3b975000, 0x0000015c3b975800, 0x0000015c3b977800, 0x0000015c3b981000,
0x0000015c3b994800, 0x0000015c3c42d000, 0x0000015c3da00000, 0x0000015c3db83800,
0x0000015c3d993000, 0x0000015c3dc35800, 0x0000015c3db99800, 0x0000015c3dbc1000,
0x0000015c3da72800, 0x0000015c3da8e800, 0x0000015c3da8a800, 0x0000015c3da8d800,
0x0000015c3dcae800, 0x0000015c3dcb2800, 0x0000015c3dcb0000, 0x0000015c3dcb0800,
0x0000015c3dcb3000, 0x0000015c3dcb4000, 0x0000015c3dcb5000, 0x0000015c3dcaf000,
0x0000015c402d1800, 0x0000015c402d3000, 0x0000015c402d2000, 0x0000015c402cd800,
0x0000015c402d4000, 0x0000015c402ce000, 0x0000015c402d4800, 0x0000015c402cf000,
0x0000015c402d5800, 0x0000015c402cf800, 0x0000015c402d6800, 0x0000015c402d0800,
0x0000015c402d8800
}

Java Threads: ( => current thread )
  0x0000015c23056000 JavaThread "main" [_thread_blocked, id=9716, stack(0x0000002159b00000,0x0000002159c00000)]
  0x0000015c3b955000 JavaThread "Reference Handler" daemon [_thread_blocked, id=24768, stack(0x000000215a200000,0x000000215a300000)]
  0x0000015c3b956800 JavaThread "Finalizer" daemon [_thread_blocked, id=22252, stack(0x000000215a300000,0x000000215a400000)]
  0x0000015c3b972000 JavaThread "Signal Dispatcher" daemon [_thread_blocked, id=1192, stack(0x000000215a400000,0x000000215a500000)]
  0x0000015c3b975000 JavaThread "Attach Listener" daemon [_thread_blocked, id=29480, stack(0x000000215a500000,0x000000215a600000)]
  0x0000015c3b975800 JavaThread "Service Thread" daemon [_thread_blocked, id=12888, stack(0x000000215a600000,0x000000215a700000)]
  0x0000015c3b977800 JavaThread "C2 CompilerThread0" daemon [_thread_blocked, id=17488, stack(0x000000215a700000,0x000000215a800000)]
  0x0000015c3b981000 JavaThread "C1 CompilerThread0" daemon [_thread_blocked, id=13544, stack(0x000000215a800000,0x000000215a900000)]
  0x0000015c3b994800 JavaThread "Sweeper thread" daemon [_thread_blocked, id=22100, stack(0x000000215a900000,0x000000215aa00000)]
  0x0000015c3c42d000 JavaThread "Common-Cleaner" daemon [_thread_blocked, id=13892, stack(0x000000215aa00000,0x000000215ab00000)]
  0x0000015c3da00000 JavaThread "Daemon health stats" [_thread_blocked, id=28052, stack(0x000000215ad00000,0x000000215ae00000)]
  0x0000015c3db83800 JavaThread "Incoming local TCP Connector on port 62797" [_thread_in_native, id=27596, stack(0x000000215b000000,0x000000215b100000)]
  0x0000015c3d993000 JavaThread "Daemon periodic checks" [_thread_blocked, id=4880, stack(0x000000215b100000,0x000000215b200000)]
  0x0000015c3dc35800 JavaThread "Daemon" [_thread_blocked, id=30324, stack(0x000000215b200000,0x000000215b300000)]
  0x0000015c3db99800 JavaThread "Handler for socket connection from /127.0.0.1:62797 to /127.0.0.1:62798" [_thread_in_native, id=24104, stack(0x000000215b300000,0x000000215b400000)]
  0x0000015c3dbc1000 JavaThread "Cancel handler" [_thread_blocked, id=29680, stack(0x000000215b400000,0x000000215b500000)]
  0x0000015c3da72800 JavaThread "Daemon worker" [_thread_blocked, id=30280, stack(0x000000215b500000,0x000000215b600000)]
  0x0000015c3da8e800 JavaThread "Asynchronous log dispatcher for DefaultDaemonConnection: socket connection from /127.0.0.1:62797 to /127.0.0.1:62798" [_thread_blocked, id=10876, stack(0x000000215b600000,0x000000215b700000)]
  0x0000015c3da8a800 JavaThread "Stdin handler" [_thread_blocked, id=3924, stack(0x000000215b700000,0x000000215b800000)]
  0x0000015c3da8d800 JavaThread "Thread-8" [_thread_blocked, id=23488, stack(0x000000215b800000,0x000000215b900000)]
  0x0000015c3dcae800 JavaThread "Cache worker for file hash cache (C:\Users\Mazenet-Mounika\.gradle\caches\5.4.1\fileHashes)" [_thread_blocked, id=25724, stack(0x000000215b900000,0x000000215ba00000)]
  0x0000015c3dcb2800 JavaThread "File lock request listener" [_thread_in_native, id=8580, stack(0x000000215ba00000,0x000000215bb00000)]
  0x0000015c3dcb0000 JavaThread "Cache worker for journal cache (C:\Users\Mazenet-Mounika\.gradle\caches\journal-1)" [_thread_blocked, id=29440, stack(0x000000215bb00000,0x000000215bc00000)]
  0x0000015c3dcb0800 JavaThread "Cache worker for file hash cache (C:\Users\Mazenet-Mounika\Documents\Sivasarvana\Catalyst_chit_Employee_app\.gradle\5.4.1\fileHashes)" [_thread_blocked, id=14976, stack(0x000000215bc00000,0x000000215bd00000)]
  0x0000015c3dcb3000 JavaThread "Cache worker for cache directory md-supplier (C:\Users\Mazenet-Mounika\.gradle\caches\5.4.1\md-supplier)" [_thread_blocked, id=29408, stack(0x000000215bd00000,0x000000215be00000)]
  0x0000015c3dcb4000 JavaThread "Cache worker for cache directory md-rule (C:\Users\Mazenet-Mounika\.gradle\caches\5.4.1\md-rule)" [_thread_blocked, id=13816, stack(0x000000215be00000,0x000000215bf00000)]
  0x0000015c3dcb5000 JavaThread "Cache worker for execution history cache (C:\Users\Mazenet-Mounika\.gradle\caches\5.4.1\executionHistory)" [_thread_blocked, id=26172, stack(0x000000215bf00000,0x000000215c000000)]
  0x0000015c3dcaf000 JavaThread "Build operations" [_thread_blocked, id=18672, stack(0x000000215c000000,0x000000215c100000)]
  0x0000015c402d1800 JavaThread "Build operations Thread 2" [_thread_blocked, id=27864, stack(0x000000215c100000,0x000000215c200000)]
  0x0000015c402d3000 JavaThread "Build operations Thread 3" [_thread_blocked, id=14632, stack(0x000000215c200000,0x000000215c300000)]
  0x0000015c402d2000 JavaThread "Build operations Thread 4" [_thread_blocked, id=30380, stack(0x000000215c300000,0x000000215c400000)]
  0x0000015c402cd800 JavaThread "Cache worker for Build Output Cleanup Cache (C:\Users\Mazenet-Mounika\Documents\Sivasarvana\Catalyst_chit_Employee_app\.gradle\buildOutputCleanup)" [_thread_blocked, id=13652, stack(0x000000215c400000,0x000000215c500000)]
  0x0000015c402d4000 JavaThread "Memory manager" [_thread_blocked, id=6964, stack(0x000000215c500000,0x000000215c600000)]
  0x0000015c402ce000 JavaThread "Cache worker for file content cache (C:\Users\Mazenet-Mounika\.gradle\caches\5.4.1\fileContent)" [_thread_blocked, id=27904, stack(0x000000215c600000,0x000000215c700000)]
  0x0000015c402d4800 JavaThread "Cache worker for file content cache (C:\Users\Mazenet-Mounika\Documents\Sivasarvana\Catalyst_chit_Employee_app\.gradle\5.4.1\fileContent)" [_thread_blocked, id=28004, stack(0x000000215c700000,0x000000215c800000)]
  0x0000015c402cf000 JavaThread "Execution worker for ':'" [_thread_blocked, id=23052, stack(0x000000215c800000,0x000000215c900000)]
  0x0000015c402d5800 JavaThread "Execution worker for ':' Thread 2" [_thread_blocked, id=15752, stack(0x000000215c900000,0x000000215ca00000)]
  0x0000015c402cf800 JavaThread "Execution worker for ':' Thread 3" [_thread_blocked, id=29708, stack(0x000000215ca00000,0x000000215cb00000)]
  0x0000015c402d6800 JavaThread "Cache worker for execution history cache (C:\Users\Mazenet-Mounika\Documents\Sivasarvana\Catalyst_chit_Employee_app\.gradle\5.4.1\executionHistory)" [_thread_blocked, id=24556, stack(0x000000215cb00000,0x000000215cc00000)]
  0x0000015c402d0800 JavaThread "ForkJoinPool-2-worker-3" daemon [_thread_blocked, id=10988, stack(0x000000215cc00000,0x000000215cd00000)]
  0x0000015c402d8800 JavaThread "ForkJoinPool-2-worker-1" daemon [_thread_blocked, id=12152, stack(0x000000215cd00000,0x000000215ce00000)]

Other Threads:
=>0x0000015c3b930000 VMThread "VM Thread" [stack: 0x000000215a100000,0x000000215a200000] [id=27328]
  0x0000015c3c44e000 WatcherThread [stack: 0x000000215ab00000,0x000000215ac00000] [id=3828]
  0x0000015c2306f800 GCTaskThread "GC Thread#0" [stack: 0x0000002159c00000,0x0000002159d00000] [id=29684]
  0x0000015c3cc28800 GCTaskThread "GC Thread#1" [stack: 0x000000215ac00000,0x000000215ad00000] [id=20784]
  0x0000015c3d9a4800 GCTaskThread "GC Thread#2" [stack: 0x000000215ae00000,0x000000215af00000] [id=14312]
  0x0000015c3d6b6800 GCTaskThread "GC Thread#3" [stack: 0x000000215af00000,0x000000215b000000] [id=29996]
  0x0000015c23097000 ConcurrentGCThread "G1 Main Marker" [stack: 0x0000002159d00000,0x0000002159e00000] [id=25632]
  0x0000015c23098000 ConcurrentGCThread "G1 Conc#0" [stack: 0x0000002159e00000,0x0000002159f00000] [id=26040]
  0x0000015c23115800 ConcurrentGCThread "G1 Refine#0" [stack: 0x0000002159f00000,0x000000215a000000] [id=29584]
  0x0000015c23116800 ConcurrentGCThread "G1 Young RemSet Sampling" [stack: 0x000000215a000000,0x000000215a100000] [id=22564]

Threads with active compile tasks:
C2 CompilerThread0  35599 10236       4       com.android.tools.r8.graph.y::a (58 bytes)

VM state:at safepoint (normal execution)

VM Mutex/Monitor currently owned by a thread:  ([mutex/lock_event])
[0x0000015c23051ed0] Threads_lock - owner thread: 0x0000015c3b930000
[0x0000015c23053430] Heap_lock - owner thread: 0x0000015c3da72800

Heap address: 0x00000000a0000000, size: 1536 MB, Compressed Oops mode: 32-bit
Narrow klass base: 0x0000000000000000, Narrow klass shift: 3
Compressed class space size: 1073741824 Address: 0x0000000100000000

Heap:
 garbage-first heap   total 622592K, used 204691K [0x00000000a0000000, 0x0000000100000000)
  region size 1024K, 5 young (5120K), 5 survivors (5120K)
 Metaspace       used 78938K, capacity 80684K, committed 80896K, reserved 1120256K
  class space    used 9958K, capacity 10530K, committed 10572K, reserved 1048576K
Heap Regions: E=young(eden), S=young(survivor), O=old, HS=humongous(starts), HC=humongous(continues), CS=collection set, F=free, A=archive, TAMS=top-at-mark-start (previous, next)
|   0|0x00000000a0000000, 0x00000000a0100000, 0x00000000a0100000|100%| O|  |TAMS 0x00000000a0100000, 0x00000000a0000000| Updating 
|   1|0x00000000a0100000, 0x00000000a0200000, 0x00000000a0200000|100%| O|  |TAMS 0x00000000a0200000, 0x00000000a0100000| Updating 
|   2|0x00000000a0200000, 0x00000000a0300000, 0x00000000a0300000|100%|HS|  |TAMS 0x00000000a0300000, 0x00000000a0200000| Complete 
|   3|0x00000000a0300000, 0x00000000a0400000, 0x00000000a0400000|100%|HS|  |TAMS 0x00000000a0400000, 0x00000000a0300000| Complete 
|   4|0x00000000a0400000, 0x00000000a0500000, 0x00000000a0500000|100%|HC|  |TAMS 0x00000000a0500000, 0x00000000a0400000| Complete 
|   5|0x00000000a0500000, 0x00000000a0600000, 0x00000000a0600000|100%| O|  |TAMS 0x00000000a0600000, 0x00000000a0500000| Updating 
|   6|0x00000000a0600000, 0x00000000a0700000, 0x00000000a0700000|100%| O|  |TAMS 0x00000000a0700000, 0x00000000a0600000| Updating 
|   7|0x00000000a0700000, 0x00000000a0800000, 0x00000000a0800000|100%| O|  |TAMS 0x00000000a0800000, 0x00000000a0700000| Updating 
|   8|0x00000000a0800000, 0x00000000a0900000, 0x00000000a0900000|100%| O|  |TAMS 0x00000000a0900000, 0x00000000a0800000| Updating 
|   9|0x00000000a0900000, 0x00000000a0a00000, 0x00000000a0a00000|100%| O|  |TAMS 0x00000000a0a00000, 0x00000000a0900000| Updating 
|  10|0x00000000a0a00000, 0x00000000a0b00000, 0x00000000a0b00000|100%| O|  |TAMS 0x00000000a0b00000, 0x00000000a0a00000| Updating 
|  11|0x00000000a0b00000, 0x00000000a0c00000, 0x00000000a0c00000|100%| O|  |TAMS 0x00000000a0c00000, 0x00000000a0b00000| Updating 
|  12|0x00000000a0c00000, 0x00000000a0d00000, 0x00000000a0d00000|100%| O|  |TAMS 0x00000000a0d00000, 0x00000000a0c00000| Updating 
|  13|0x00000000a0d00000, 0x00000000a0e00000, 0x00000000a0e00000|100%|HS|  |TAMS 0x00000000a0e00000, 0x00000000a0d00000| Complete 
|  14|0x00000000a0e00000, 0x00000000a0f00000, 0x00000000a0f00000|100%|HC|  |TAMS 0x00000000a0f00000, 0x00000000a0e00000| Complete 
|  15|0x00000000a0f00000, 0x00000000a1000000, 0x00000000a1000000|100%|HS|  |TAMS 0x00000000a1000000, 0x00000000a0f00000| Complete 
|  16|0x00000000a1000000, 0x00000000a1100000, 0x00000000a1100000|100%|HC|  |TAMS 0x00000000a1100000, 0x00000000a1000000| Complete 
|  17|0x00000000a1100000, 0x00000000a1200000, 0x00000000a1200000|100%|HC|  |TAMS 0x00000000a1200000, 0x00000000a1100000| Complete 
|  18|0x00000000a1200000, 0x00000000a1300000, 0x00000000a1300000|100%|HS|  |TAMS 0x00000000a1300000, 0x00000000a1200000| Complete 
|  19|0x00000000a1300000, 0x00000000a1400000, 0x00000000a1400000|100%|HC|  |TAMS 0x00000000a1400000, 0x00000000a1300000| Complete 
|  20|0x00000000a1400000, 0x00000000a1500000, 0x00000000a1500000|100%|HC|  |TAMS 0x00000000a1500000, 0x00000000a1400000| Complete 
|  21|0x00000000a1500000, 0x00000000a1600000, 0x00000000a1600000|100%|HC|  |TAMS 0x00000000a1600000, 0x00000000a1500000| Complete 
|  22|0x00000000a1600000, 0x00000000a1700000, 0x00000000a1700000|100%|HC|  |TAMS 0x00000000a1700000, 0x00000000a1600000| Complete 
|  23|0x00000000a1700000, 0x00000000a1800000, 0x00000000a1800000|100%|HS|  |TAMS 0x00000000a1800000, 0x00000000a1700000| Complete 
|  24|0x00000000a1800000, 0x00000000a1900000, 0x00000000a1900000|100%|HS|  |TAMS 0x00000000a1900000, 0x00000000a1800000| Complete 
|  25|0x00000000a1900000, 0x00000000a1a00000, 0x00000000a1a00000|100%|HC|  |TAMS 0x00000000a1a00000, 0x00000000a1900000| Complete 
|  26|0x00000000a1a00000, 0x00000000a1b00000, 0x00000000a1b00000|100%| O|  |TAMS 0x00000000a1b00000, 0x00000000a1a00000| Updating 
|  27|0x00000000a1b00000, 0x00000000a1c00000, 0x00000000a1c00000|100%| O|  |TAMS 0x00000000a1c00000, 0x00000000a1b00000| Updating 
|  28|0x00000000a1c00000, 0x00000000a1d00000, 0x00000000a1d00000|100%| O|  |TAMS 0x00000000a1d00000, 0x00000000a1c00000| Updating 
|  29|0x00000000a1d00000, 0x00000000a1e00000, 0x00000000a1e00000|100%| O|  |TAMS 0x00000000a1e00000, 0x00000000a1d00000| Updating 
|  30|0x00000000a1e00000, 0x00000000a1f00000, 0x00000000a1f00000|100%| O|  |TAMS 0x00000000a1f00000, 0x00000000a1e00000| Updating 
|  31|0x00000000a1f00000, 0x00000000a2000000, 0x00000000a2000000|100%| O|  |TAMS 0x00000000a2000000, 0x00000000a1f00000| Updating 
|  32|0x00000000a2000000, 0x00000000a2100000, 0x00000000a2100000|100%| O|  |TAMS 0x00000000a2100000, 0x00000000a2000000| Updating 
|  33|0x00000000a2100000, 0x00000000a2200000, 0x00000000a2200000|100%| O|  |TAMS 0x00000000a2200000, 0x00000000a2100000| Updating 
|  34|0x00000000a2200000, 0x00000000a2300000, 0x00000000a2300000|100%|HS|  |TAMS 0x00000000a2300000, 0x00000000a2200000| Complete 
|  35|0x00000000a2300000, 0x00000000a2400000, 0x00000000a2400000|100%|HC|  |TAMS 0x00000000a2400000, 0x00000000a2300000| Complete 
|  36|0x00000000a2400000, 0x00000000a2500000, 0x00000000a2500000|100%| O|  |TAMS 0x00000000a2500000, 0x00000000a2400000| Updating 
|  37|0x00000000a2500000, 0x00000000a2600000, 0x00000000a2600000|100%| O|  |TAMS 0x00000000a2600000, 0x00000000a2500000| Updating 
|  38|0x00000000a2600000, 0x00000000a2700000, 0x00000000a2700000|100%| O|  |TAMS 0x00000000a2700000, 0x00000000a2600000| Updating 
|  39|0x00000000a2700000, 0x00000000a2800000, 0x00000000a2800000|100%| O|  |TAMS 0x00000000a2800000, 0x00000000a2700000| Updating 
|  40|0x00000000a2800000, 0x00000000a2900000, 0x00000000a2900000|100%| O|  |TAMS 0x00000000a2900000, 0x00000000a2800000| Updating 
|  41|0x00000000a2900000, 0x00000000a2a00000, 0x00000000a2a00000|100%| O|  |TAMS 0x00000000a2a00000, 0x00000000a2900000| Updating 
|  42|0x00000000a2a00000, 0x00000000a2b00000, 0x00000000a2b00000|100%| O|  |TAMS 0x00000000a2b00000, 0x00000000a2a00000| Updating 
|  43|0x00000000a2b00000, 0x00000000a2c00000, 0x00000000a2c00000|100%| O|  |TAMS 0x00000000a2c00000, 0x00000000a2b00000| Updating 
|  44|0x00000000a2c00000, 0x00000000a2d00000, 0x00000000a2d00000|100%| O|  |TAMS 0x00000000a2d00000, 0x00000000a2c00000| Updating 
|  45|0x00000000a2d00000, 0x00000000a2e00000, 0x00000000a2e00000|100%| O|  |TAMS 0x00000000a2e00000, 0x00000000a2d00000| Updating 
|  46|0x00000000a2e00000, 0x00000000a2f00000, 0x00000000a2f00000|100%| O|  |TAMS 0x00000000a2f00000, 0x00000000a2e00000| Updating 
|  47|0x00000000a2f00000, 0x00000000a3000000, 0x00000000a3000000|100%| O|  |TAMS 0x00000000a3000000, 0x00000000a2f00000| Updating 
|  48|0x00000000a3000000, 0x00000000a3100000, 0x00000000a3100000|100%| O|  |TAMS 0x00000000a3100000, 0x00000000a3000000| Updating 
|  49|0x00000000a3100000, 0x00000000a3200000, 0x00000000a3200000|100%| O|  |TAMS 0x00000000a3200000, 0x00000000a3100000| Updating 
|  50|0x00000000a3200000, 0x00000000a3300000, 0x00000000a3300000|100%| O|  |TAMS 0x00000000a3300000, 0x00000000a3200000| Updating 
|  51|0x00000000a3300000, 0x00000000a3400000, 0x00000000a3400000|100%| O|  |TAMS 0x00000000a3400000, 0x00000000a3300000| Updating 
|  52|0x00000000a3400000, 0x00000000a3500000, 0x00000000a3500000|100%| O|  |TAMS 0x00000000a3500000, 0x00000000a3400000| Updating 
|  53|0x00000000a3500000, 0x00000000a3600000, 0x00000000a3600000|100%| O|  |TAMS 0x00000000a3600000, 0x00000000a3500000| Updating 
|  54|0x00000000a3600000, 0x00000000a3700000, 0x00000000a3700000|100%| O|  |TAMS 0x00000000a3700000, 0x00000000a3600000| Updating 
|  55|0x00000000a3700000, 0x00000000a3800000, 0x00000000a3800000|100%| O|  |TAMS 0x00000000a3800000, 0x00000000a3700000| Updating 
|  56|0x00000000a3800000, 0x00000000a3900000, 0x00000000a3900000|100%| O|  |TAMS 0x00000000a3900000, 0x00000000a3800000| Updating 
|  57|0x00000000a3900000, 0x00000000a3a00000, 0x00000000a3a00000|100%| O|  |TAMS 0x00000000a3a00000, 0x00000000a3900000| Updating 
|  58|0x00000000a3a00000, 0x00000000a3b00000, 0x00000000a3b00000|100%| O|  |TAMS 0x00000000a3b00000, 0x00000000a3a00000| Updating 
|  59|0x00000000a3b00000, 0x00000000a3c00000, 0x00000000a3c00000|100%| O|  |TAMS 0x00000000a3c00000, 0x00000000a3b00000| Updating 
|  60|0x00000000a3c00000, 0x00000000a3d00000, 0x00000000a3d00000|100%| O|  |TAMS 0x00000000a3d00000, 0x00000000a3c00000| Updating 
|  61|0x00000000a3d00000, 0x00000000a3e00000, 0x00000000a3e00000|100%| O|  |TAMS 0x00000000a3e00000, 0x00000000a3d00000| Updating 
|  62|0x00000000a3e00000, 0x00000000a3f00000, 0x00000000a3f00000|100%| O|  |TAMS 0x00000000a3f00000, 0x00000000a3e00000| Updating 
|  63|0x00000000a3f00000, 0x00000000a4000000, 0x00000000a4000000|100%| O|  |TAMS 0x00000000a4000000, 0x00000000a3f00000| Updating 
|  64|0x00000000a4000000, 0x00000000a4100000, 0x00000000a4100000|100%| O|  |TAMS 0x00000000a4100000, 0x00000000a4000000| Updating 
|  65|0x00000000a4100000, 0x00000000a4200000, 0x00000000a4200000|100%| O|  |TAMS 0x00000000a4200000, 0x00000000a4100000| Updating 
|  66|0x00000000a4200000, 0x00000000a4300000, 0x00000000a4300000|100%| O|  |TAMS 0x00000000a4300000, 0x00000000a4200000| Updating 
|  67|0x00000000a4300000, 0x00000000a4400000, 0x00000000a4400000|100%| O|  |TAMS 0x00000000a4400000, 0x00000000a4300000| Updating 
|  68|0x00000000a4400000, 0x00000000a4500000, 0x00000000a4500000|100%| O|  |TAMS 0x00000000a4500000, 0x00000000a4400000| Updating 
|  69|0x00000000a4500000, 0x00000000a4600000, 0x00000000a4600000|100%| O|  |TAMS 0x00000000a4600000, 0x00000000a4500000| Updating 
|  70|0x00000000a4600000, 0x00000000a4700000, 0x00000000a4700000|100%| O|  |TAMS 0x00000000a4700000, 0x00000000a4600000| Updating 
|  71|0x00000000a4700000, 0x00000000a4800000, 0x00000000a4800000|100%| O|  |TAMS 0x00000000a4800000, 0x00000000a4700000| Updating 
|  72|0x00000000a4800000, 0x00000000a4900000, 0x00000000a4900000|100%| O|  |TAMS 0x00000000a4900000, 0x00000000a4800000| Updating 
|  73|0x00000000a4900000, 0x00000000a4a00000, 0x00000000a4a00000|100%| O|  |TAMS 0x00000000a4a00000, 0x00000000a4900000| Updating 
|  74|0x00000000a4a00000, 0x00000000a4b00000, 0x00000000a4b00000|100%| O|  |TAMS 0x00000000a4b00000, 0x00000000a4a00000| Updating 
|  75|0x00000000a4b00000, 0x00000000a4c00000, 0x00000000a4c00000|100%| O|  |TAMS 0x00000000a4c00000, 0x00000000a4b00000| Updating 
|  76|0x00000000a4c00000, 0x00000000a4d00000, 0x00000000a4d00000|100%| O|  |TAMS 0x00000000a4d00000, 0x00000000a4c00000| Updating 
|  77|0x00000000a4d00000, 0x00000000a4e00000, 0x00000000a4e00000|100%| O|  |TAMS 0x00000000a4e00000, 0x00000000a4d00000| Updating 
|  78|0x00000000a4e00000, 0x00000000a4f00000, 0x00000000a4f00000|100%| O|  |TAMS 0x00000000a4f00000, 0x00000000a4e00000| Updating 
|  79|0x00000000a4f00000, 0x00000000a5000000, 0x00000000a5000000|100%| O|  |TAMS 0x00000000a5000000, 0x00000000a4f00000| Updating 
|  80|0x00000000a5000000, 0x00000000a5100000, 0x00000000a5100000|100%| O|  |TAMS 0x00000000a5100000, 0x00000000a5000000| Updating 
|  81|0x00000000a5100000, 0x00000000a5200000, 0x00000000a5200000|100%| O|  |TAMS 0x00000000a5200000, 0x00000000a5100000| Updating 
|  82|0x00000000a5200000, 0x00000000a5300000, 0x00000000a5300000|100%| O|  |TAMS 0x00000000a5300000, 0x00000000a5200000| Updating 
|  83|0x00000000a5300000, 0x00000000a5400000, 0x00000000a5400000|100%| O|  |TAMS 0x00000000a5400000, 0x00000000a5300000| Updating 
|  84|0x00000000a5400000, 0x00000000a5500000, 0x00000000a5500000|100%| O|  |TAMS 0x00000000a5500000, 0x00000000a5400000| Updating 
|  85|0x00000000a5500000, 0x00000000a5600000, 0x00000000a5600000|100%| O|  |TAMS 0x00000000a5600000, 0x00000000a5500000| Updating 
|  86|0x00000000a5600000, 0x00000000a5700000, 0x00000000a5700000|100%| O|  |TAMS 0x00000000a5700000, 0x00000000a5600000| Updating 
|  87|0x00000000a5700000, 0x00000000a5800000, 0x00000000a5800000|100%| O|  |TAMS 0x00000000a5800000, 0x00000000a5700000| Updating 
|  88|0x00000000a5800000, 0x00000000a5900000, 0x00000000a5900000|100%| O|  |TAMS 0x00000000a5900000, 0x00000000a5800000| Updating 
|  89|0x00000000a5900000, 0x00000000a5a00000, 0x00000000a5a00000|100%| O|  |TAMS 0x00000000a5a00000, 0x00000000a5900000| Updating 
|  90|0x00000000a5a00000, 0x00000000a5b00000, 0x00000000a5b00000|100%| O|  |TAMS 0x00000000a5b00000, 0x00000000a5a00000| Updating 
|  91|0x00000000a5b00000, 0x00000000a5c00000, 0x00000000a5c00000|100%| O|  |TAMS 0x00000000a5c00000, 0x00000000a5b00000| Updating 
|  92|0x00000000a5c00000, 0x00000000a5d00000, 0x00000000a5d00000|100%| O|  |TAMS 0x00000000a5d00000, 0x00000000a5c00000| Updating 
|  93|0x00000000a5d00000, 0x00000000a5e00000, 0x00000000a5e00000|100%| O|  |TAMS 0x00000000a5e00000, 0x00000000a5d00000| Updating 
|  94|0x00000000a5e00000, 0x00000000a5f00000, 0x00000000a5f00000|100%| O|  |TAMS 0x00000000a5f00000, 0x00000000a5e00000| Updating 
|  95|0x00000000a5f00000, 0x00000000a6000000, 0x00000000a6000000|100%| O|  |TAMS 0x00000000a6000000, 0x00000000a5f00000| Updating 
|  96|0x00000000a6000000, 0x00000000a6100000, 0x00000000a6100000|100%| O|  |TAMS 0x00000000a6100000, 0x00000000a6000000| Updating 
|  97|0x00000000a6100000, 0x00000000a6200000, 0x00000000a6200000|100%| O|  |TAMS 0x00000000a6200000, 0x00000000a6100000| Updating 
|  98|0x00000000a6200000, 0x00000000a6300000, 0x00000000a6300000|100%| O|  |TAMS 0x00000000a6300000, 0x00000000a6200000| Updating 
|  99|0x00000000a6300000, 0x00000000a6400000, 0x00000000a6400000|100%| O|  |TAMS 0x00000000a6400000, 0x00000000a6300000| Updating 
| 100|0x00000000a6400000, 0x00000000a6500000, 0x00000000a6500000|100%| O|  |TAMS 0x00000000a6500000, 0x00000000a6400000| Updating 
| 101|0x00000000a6500000, 0x00000000a6600000, 0x00000000a6600000|100%| O|  |TAMS 0x00000000a6600000, 0x00000000a6500000| Updating 
| 102|0x00000000a6600000, 0x00000000a6700000, 0x00000000a6700000|100%| O|  |TAMS 0x00000000a6700000, 0x00000000a6600000| Updating 
| 103|0x00000000a6700000, 0x00000000a6800000, 0x00000000a6800000|100%| O|  |TAMS 0x00000000a6800000, 0x00000000a6700000| Updating 
| 104|0x00000000a6800000, 0x00000000a6900000, 0x00000000a6900000|100%| O|  |TAMS 0x00000000a6900000, 0x00000000a6800000| Updating 
| 105|0x00000000a6900000, 0x00000000a6a00000, 0x00000000a6a00000|100%| O|  |TAMS 0x00000000a6a00000, 0x00000000a6900000| Updating 
| 106|0x00000000a6a00000, 0x00000000a6b00000, 0x00000000a6b00000|100%| O|  |TAMS 0x00000000a6b00000, 0x00000000a6a00000| Updating 
| 107|0x00000000a6b00000, 0x00000000a6c00000, 0x00000000a6c00000|100%| O|  |TAMS 0x00000000a6c00000, 0x00000000a6b00000| Updating 
| 108|0x00000000a6c00000, 0x00000000a6d00000, 0x00000000a6d00000|100%| O|  |TAMS 0x00000000a6d00000, 0x00000000a6c00000| Updating 
| 109|0x00000000a6d00000, 0x00000000a6e00000, 0x00000000a6e00000|100%|HS|  |TAMS 0x00000000a6e00000, 0x00000000a6d00000| Complete 
| 110|0x00000000a6e00000, 0x00000000a6f00000, 0x00000000a6f00000|100%|HC|  |TAMS 0x00000000a6f00000, 0x00000000a6e00000| Complete 
| 111|0x00000000a6f00000, 0x00000000a7000000, 0x00000000a7000000|100%| O|  |TAMS 0x00000000a7000000, 0x00000000a6f00000| Updating 
| 112|0x00000000a7000000, 0x00000000a7100000, 0x00000000a7100000|100%| O|  |TAMS 0x00000000a7100000, 0x00000000a7000000| Updating 
| 113|0x00000000a7100000, 0x00000000a7200000, 0x00000000a7200000|100%| O|  |TAMS 0x00000000a7200000, 0x00000000a7100000| Updating 
| 114|0x00000000a7200000, 0x00000000a7300000, 0x00000000a7300000|100%| O|  |TAMS 0x00000000a7300000, 0x00000000a7200000| Updating 
| 115|0x00000000a7300000, 0x00000000a7400000, 0x00000000a7400000|100%| O|  |TAMS 0x00000000a7400000, 0x00000000a7300000| Updating 
| 116|0x00000000a7400000, 0x00000000a7500000, 0x00000000a7500000|100%| O|  |TAMS 0x00000000a7500000, 0x00000000a7400000| Updating 
| 117|0x00000000a7500000, 0x00000000a7600000, 0x00000000a7600000|100%| O|  |TAMS 0x00000000a7600000, 0x00000000a7500000| Updating 
| 118|0x00000000a7600000, 0x00000000a7700000, 0x00000000a7700000|100%| O|  |TAMS 0x00000000a7700000, 0x00000000a7600000| Updating 
| 119|0x00000000a7700000, 0x00000000a7800000, 0x00000000a7800000|100%| O|  |TAMS 0x00000000a7800000, 0x00000000a7700000| Updating 
| 120|0x00000000a7800000, 0x00000000a7900000, 0x00000000a7900000|100%| O|  |TAMS 0x00000000a7900000, 0x00000000a7800000| Updating 
| 121|0x00000000a7900000, 0x00000000a7a00000, 0x00000000a7a00000|100%| O|  |TAMS 0x00000000a7a00000, 0x00000000a7900000| Updating 
| 122|0x00000000a7a00000, 0x00000000a7b00000, 0x00000000a7b00000|100%| O|  |TAMS 0x00000000a7b00000, 0x00000000a7a00000| Updating 
| 123|0x00000000a7b00000, 0x00000000a7c00000, 0x00000000a7c00000|100%| O|  |TAMS 0x00000000a7c00000, 0x00000000a7b00000| Updating 
| 124|0x00000000a7c00000, 0x00000000a7d00000, 0x00000000a7d00000|100%| O|  |TAMS 0x00000000a7d00000, 0x00000000a7c00000| Updating 
| 125|0x00000000a7d00000, 0x00000000a7e00000, 0x00000000a7e00000|100%| O|  |TAMS 0x00000000a7e00000, 0x00000000a7d00000| Updating 
| 126|0x00000000a7e00000, 0x00000000a7f00000, 0x00000000a7f00000|100%| O|  |TAMS 0x00000000a7f00000, 0x00000000a7e00000| Updating 
| 127|0x00000000a7f00000, 0x00000000a8000000, 0x00000000a8000000|100%| O|  |TAMS 0x00000000a8000000, 0x00000000a7f00000| Updating 
| 128|0x00000000a8000000, 0x00000000a8100000, 0x00000000a8100000|100%| O|  |TAMS 0x00000000a8100000, 0x00000000a8000000| Updating 
| 129|0x00000000a8100000, 0x00000000a8200000, 0x00000000a8200000|100%| O|  |TAMS 0x00000000a8200000, 0x00000000a8100000| Updating 
| 130|0x00000000a8200000, 0x00000000a8300000, 0x00000000a8300000|100%| O|  |TAMS 0x00000000a8300000, 0x00000000a8200000| Updating 
| 131|0x00000000a8300000, 0x00000000a8400000, 0x00000000a8400000|100%| O|  |TAMS 0x00000000a8400000, 0x00000000a8300000| Updating 
| 132|0x00000000a8400000, 0x00000000a8500000, 0x00000000a8500000|100%| O|  |TAMS 0x00000000a8500000, 0x00000000a8400000| Updating 
| 133|0x00000000a8500000, 0x00000000a8600000, 0x00000000a8600000|100%| O|  |TAMS 0x00000000a8600000, 0x00000000a8500000| Updating 
| 134|0x00000000a8600000, 0x00000000a8700000, 0x00000000a8700000|100%| O|  |TAMS 0x00000000a8700000, 0x00000000a8600000| Updating 
| 135|0x00000000a8700000, 0x00000000a8800000, 0x00000000a8800000|100%| O|  |TAMS 0x00000000a8800000, 0x00000000a8700000| Updating 
| 136|0x00000000a8800000, 0x00000000a8900000, 0x00000000a8900000|100%| O|  |TAMS 0x00000000a8900000, 0x00000000a8800000| Updating 
| 137|0x00000000a8900000, 0x00000000a8a00000, 0x00000000a8a00000|100%| O|  |TAMS 0x00000000a8a00000, 0x00000000a8900000| Updating 
| 138|0x00000000a8a00000, 0x00000000a8b00000, 0x00000000a8b00000|100%| O|  |TAMS 0x00000000a8b00000, 0x00000000a8a00000| Updating 
| 139|0x00000000a8b00000, 0x00000000a8c00000, 0x00000000a8c00000|100%| O|  |TAMS 0x00000000a8c00000, 0x00000000a8b00000| Updating 
| 140|0x00000000a8c00000, 0x00000000a8d00000, 0x00000000a8d00000|100%| O|  |TAMS 0x00000000a8d00000, 0x00000000a8c00000| Updating 
| 141|0x00000000a8d00000, 0x00000000a8e00000, 0x00000000a8e00000|100%| O|  |TAMS 0x00000000a8e00000, 0x00000000a8d00000| Updating 
| 142|0x00000000a8e00000, 0x00000000a8f00000, 0x00000000a8f00000|100%| O|  |TAMS 0x00000000a8f00000, 0x00000000a8e00000| Updating 
| 143|0x00000000a8f00000, 0x00000000a9000000, 0x00000000a9000000|100%| O|  |TAMS 0x00000000a9000000, 0x00000000a8f00000| Updating 
| 144|0x00000000a9000000, 0x00000000a9100000, 0x00000000a9100000|100%| O|  |TAMS 0x00000000a9100000, 0x00000000a9000000| Updating 
| 145|0x00000000a9100000, 0x00000000a9200000, 0x00000000a9200000|100%| O|  |TAMS 0x00000000a9200000, 0x00000000a9100000| Updating 
| 146|0x00000000a9200000, 0x00000000a9300000, 0x00000000a9300000|100%| O|  |TAMS 0x00000000a9300000, 0x00000000a9200000| Updating 
| 147|0x00000000a9300000, 0x00000000a9400000, 0x00000000a9400000|100%| O|  |TAMS 0x00000000a9400000, 0x00000000a9300000| Updating 
| 148|0x00000000a9400000, 0x00000000a9500000, 0x00000000a9500000|100%| O|  |TAMS 0x00000000a9500000, 0x00000000a9400000| Updating 
| 149|0x00000000a9500000, 0x00000000a9600000, 0x00000000a9600000|100%| O|  |TAMS 0x00000000a9600000, 0x00000000a9500000| Updating 
| 150|0x00000000a9600000, 0x00000000a9700000, 0x00000000a9700000|100%| O|  |TAMS 0x00000000a9700000, 0x00000000a9600000| Updating 
| 151|0x00000000a9700000, 0x00000000a9800000, 0x00000000a9800000|100%| O|  |TAMS 0x00000000a9800000, 0x00000000a9700000| Updating 
| 152|0x00000000a9800000, 0x00000000a9900000, 0x00000000a9900000|100%| O|  |TAMS 0x00000000a9900000, 0x00000000a9800000| Updating 
| 153|0x00000000a9900000, 0x00000000a9a00000, 0x00000000a9a00000|100%| O|  |TAMS 0x00000000a9a00000, 0x00000000a9900000| Updating 
| 154|0x00000000a9a00000, 0x00000000a9b00000, 0x00000000a9b00000|100%| O|  |TAMS 0x00000000a9b00000, 0x00000000a9a00000| Updating 
| 155|0x00000000a9b00000, 0x00000000a9c00000, 0x00000000a9c00000|100%| O|  |TAMS 0x00000000a9c00000, 0x00000000a9b00000| Updating 
| 156|0x00000000a9c00000, 0x00000000a9d00000, 0x00000000a9d00000|100%| O|  |TAMS 0x00000000a9d00000, 0x00000000a9c00000| Updating 
| 157|0x00000000a9d00000, 0x00000000a9e00000, 0x00000000a9e00000|100%| O|  |TAMS 0x00000000a9e00000, 0x00000000a9d00000| Updating 
| 158|0x00000000a9e00000, 0x00000000a9f00000, 0x00000000a9f00000|100%| O|  |TAMS 0x00000000a9f00000, 0x00000000a9e00000| Updating 
| 159|0x00000000a9f00000, 0x00000000aa000000, 0x00000000aa000000|100%| O|  |TAMS 0x00000000aa000000, 0x00000000a9f00000| Updating 
| 160|0x00000000aa000000, 0x00000000aa100000, 0x00000000aa100000|100%| O|  |TAMS 0x00000000aa100000, 0x00000000aa000000| Updating 
| 161|0x00000000aa100000, 0x00000000aa200000, 0x00000000aa200000|100%| O|  |TAMS 0x00000000aa200000, 0x00000000aa100000| Updating 
| 162|0x00000000aa200000, 0x00000000aa300000, 0x00000000aa300000|100%| O|  |TAMS 0x00000000aa300000, 0x00000000aa200000| Updating 
| 163|0x00000000aa300000, 0x00000000aa400000, 0x00000000aa400000|100%| O|  |TAMS 0x00000000aa400000, 0x00000000aa300000| Updating 
| 164|0x00000000aa400000, 0x00000000aa500000, 0x00000000aa500000|100%| O|  |TAMS 0x00000000aa500000, 0x00000000aa400000| Updating 
| 165|0x00000000aa500000, 0x00000000aa600000, 0x00000000aa600000|100%| O|  |TAMS 0x00000000aa600000, 0x00000000aa500000| Updating 
| 166|0x00000000aa600000, 0x00000000aa700000, 0x00000000aa700000|100%| O|  |TAMS 0x00000000aa700000, 0x00000000aa600000| Updating 
| 167|0x00000000aa700000, 0x00000000aa800000, 0x00000000aa800000|100%| O|  |TAMS 0x00000000aa800000, 0x00000000aa700000| Updating 
| 168|0x00000000aa800000, 0x00000000aa900000, 0x00000000aa900000|100%| O|  |TAMS 0x00000000aa900000, 0x00000000aa800000| Updating 
| 169|0x00000000aa900000, 0x00000000aaa00000, 0x00000000aaa00000|100%| O|  |TAMS 0x00000000aaa00000, 0x00000000aa900000| Updating 
| 170|0x00000000aaa00000, 0x00000000aab00000, 0x00000000aab00000|100%| O|  |TAMS 0x00000000aab00000, 0x00000000aaa00000| Updating 
| 171|0x00000000aab00000, 0x00000000aac00000, 0x00000000aac00000|100%| O|  |TAMS 0x00000000aac00000, 0x00000000aab00000| Updating 
| 172|0x00000000aac00000, 0x00000000aad00000, 0x00000000aad00000|100%| O|  |TAMS 0x00000000aad00000, 0x00000000aac00000| Updating 
| 173|0x00000000aad00000, 0x00000000aae00000, 0x00000000aae00000|100%| O|  |TAMS 0x00000000aae00000, 0x00000000aad00000| Updating 
| 174|0x00000000aae00000, 0x00000000aaf00000, 0x00000000aaf00000|100%| O|  |TAMS 0x00000000aaf00000, 0x00000000aae00000| Updating 
| 175|0x00000000aaf00000, 0x00000000ab000000, 0x00000000ab000000|100%| O|  |TAMS 0x00000000ab000000, 0x00000000aaf00000| Updating 
| 176|0x00000000ab000000, 0x00000000ab100000, 0x00000000ab100000|100%| O|  |TAMS 0x00000000ab100000, 0x00000000ab000000| Updating 
| 177|0x00000000ab100000, 0x00000000ab200000, 0x00000000ab200000|100%| O|  |TAMS 0x00000000ab200000, 0x00000000ab100000| Updating 
| 178|0x00000000ab200000, 0x00000000ab300000, 0x00000000ab300000|100%|HS|  |TAMS 0x00000000ab300000, 0x00000000ab200000| Complete 
| 179|0x00000000ab300000, 0x00000000ab400000, 0x00000000ab400000|100%| O|  |TAMS 0x00000000ab400000, 0x00000000ab300000| Updating 
| 180|0x00000000ab400000, 0x00000000ab500000, 0x00000000ab500000|100%| O|  |TAMS 0x00000000ab500000, 0x00000000ab400000| Updating 
| 181|0x00000000ab500000, 0x00000000ab600000, 0x00000000ab600000|100%| O|  |TAMS 0x00000000ab600000, 0x00000000ab500000| Updating 
| 182|0x00000000ab600000, 0x00000000ab700000, 0x00000000ab700000|100%| O|  |TAMS 0x00000000ab700000, 0x00000000ab600000| Updating 
| 183|0x00000000ab700000, 0x00000000ab800000, 0x00000000ab800000|100%| O|  |TAMS 0x00000000ab800000, 0x00000000ab700000| Updating 
| 184|0x00000000ab800000, 0x00000000ab900000, 0x00000000ab900000|100%| O|  |TAMS 0x00000000ab900000, 0x00000000ab800000| Updating 
| 185|0x00000000ab900000, 0x00000000aba00000, 0x00000000aba00000|100%|HS|  |TAMS 0x00000000ab900000, 0x00000000ab900000| Complete 
| 186|0x00000000aba00000, 0x00000000abb00000, 0x00000000abb00000|100%|HS|  |TAMS 0x00000000aba00000, 0x00000000aba00000| Complete 
| 187|0x00000000abb00000, 0x00000000abc00000, 0x00000000abc00000|100%| O|  |TAMS 0x00000000abb00000, 0x00000000abb00000| Untracked 
| 188|0x00000000abc00000, 0x00000000abd00000, 0x00000000abd00000|100%| O|  |TAMS 0x00000000abc00000, 0x00000000abc00000| Untracked 
| 189|0x00000000abd00000, 0x00000000abe00000, 0x00000000abe00000|100%| O|  |TAMS 0x00000000abd00000, 0x00000000abd00000| Untracked 
| 190|0x00000000abe00000, 0x00000000abf00000, 0x00000000abf00000|100%| O|  |TAMS 0x00000000abe00000, 0x00000000abe00000| Untracked 
| 191|0x00000000abf00000, 0x00000000ac000000, 0x00000000ac000000|100%| O|  |TAMS 0x00000000abf00000, 0x00000000abf00000| Untracked 
| 192|0x00000000ac000000, 0x00000000ac100000, 0x00000000ac100000|100%| O|  |TAMS 0x00000000ac000000, 0x00000000ac000000| Untracked 
| 193|0x00000000ac100000, 0x00000000ac200000, 0x00000000ac200000|100%| O|  |TAMS 0x00000000ac100000, 0x00000000ac100000| Untracked 
| 194|0x00000000ac200000, 0x00000000ac2e4c00, 0x00000000ac300000| 89%| O|  |TAMS 0x00000000ac200000, 0x00000000ac200000| Untracked 
| 195|0x00000000ac300000, 0x00000000ac300000, 0x00000000ac400000|  0%| F|  |TAMS 0x00000000ac300000, 0x00000000ac300000| Untracked 
| 196|0x00000000ac400000, 0x00000000ac400000, 0x00000000ac500000|  0%| F|  |TAMS 0x00000000ac400000, 0x00000000ac400000| Untracked 
| 197|0x00000000ac500000, 0x00000000ac500000, 0x00000000ac600000|  0%| F|  |TAMS 0x00000000ac500000, 0x00000000ac500000| Untracked 
| 198|0x00000000ac600000, 0x00000000ac600000, 0x00000000ac700000|  0%| F|  |TAMS 0x00000000ac600000, 0x00000000ac600000| Untracked 
| 199|0x00000000ac700000, 0x00000000ac700000, 0x00000000ac800000|  0%| F|  |TAMS 0x00000000ac700000, 0x00000000ac700000| Untracked 
| 200|0x00000000ac800000, 0x00000000ac800000, 0x00000000ac900000|  0%| F|  |TAMS 0x00000000ac800000, 0x00000000ac800000| Untracked 
| 201|0x00000000ac900000, 0x00000000ac900000, 0x00000000aca00000|  0%| F|  |TAMS 0x00000000ac900000, 0x00000000ac900000| Untracked 
| 202|0x00000000aca00000, 0x00000000aca00000, 0x00000000acb00000|  0%| F|  |TAMS 0x00000000aca00000, 0x00000000aca00000| Untracked 
| 203|0x00000000acb00000, 0x00000000acb00000, 0x00000000acc00000|  0%| F|  |TAMS 0x00000000acb00000, 0x00000000acb00000| Untracked 
| 204|0x00000000acc00000, 0x00000000acc00000, 0x00000000acd00000|  0%| F|  |TAMS 0x00000000acc00000, 0x00000000acc00000| Untracked 
| 205|0x00000000acd00000, 0x00000000acd00000, 0x00000000ace00000|  0%| F|  |TAMS 0x00000000acd00000, 0x00000000acd00000| Untracked 
| 206|0x00000000ace00000, 0x00000000ace00000, 0x00000000acf00000|  0%| F|  |TAMS 0x00000000ace00000, 0x00000000ace00000| Untracked 
| 207|0x00000000acf00000, 0x00000000acf00000, 0x00000000ad000000|  0%| F|  |TAMS 0x00000000acf00000, 0x00000000acf00000| Untracked 
| 208|0x00000000ad000000, 0x00000000ad000000, 0x00000000ad100000|  0%| F|  |TAMS 0x00000000ad000000, 0x00000000ad000000| Untracked 
| 209|0x00000000ad100000, 0x00000000ad100000, 0x00000000ad200000|  0%| F|  |TAMS 0x00000000ad100000, 0x00000000ad100000| Untracked 
| 210|0x00000000ad200000, 0x00000000ad200000, 0x00000000ad300000|  0%| F|  |TAMS 0x00000000ad200000, 0x00000000ad200000| Untracked 
| 211|0x00000000ad300000, 0x00000000ad300000, 0x00000000ad400000|  0%| F|  |TAMS 0x00000000ad300000, 0x00000000ad300000| Untracked 
| 212|0x00000000ad400000, 0x00000000ad400000, 0x00000000ad500000|  0%| F|  |TAMS 0x00000000ad400000, 0x00000000ad400000| Untracked 
| 213|0x00000000ad500000, 0x00000000ad500000, 0x00000000ad600000|  0%| F|  |TAMS 0x00000000ad500000, 0x00000000ad500000| Untracked 
| 214|0x00000000ad600000, 0x00000000ad600000, 0x00000000ad700000|  0%| F|  |TAMS 0x00000000ad600000, 0x00000000ad600000| Untracked 
| 215|0x00000000ad700000, 0x00000000ad700000, 0x00000000ad800000|  0%| F|  |TAMS 0x00000000ad700000, 0x00000000ad700000| Untracked 
| 216|0x00000000ad800000, 0x00000000ad800000, 0x00000000ad900000|  0%| F|  |TAMS 0x00000000ad800000, 0x00000000ad800000| Untracked 
| 217|0x00000000ad900000, 0x00000000ad900000, 0x00000000ada00000|  0%| F|  |TAMS 0x00000000ad900000, 0x00000000ad900000| Untracked 
| 218|0x00000000ada00000, 0x00000000ada00000, 0x00000000adb00000|  0%| F|  |TAMS 0x00000000ada00000, 0x00000000ada00000| Untracked 
| 219|0x00000000adb00000, 0x00000000adb00000, 0x00000000adc00000|  0%| F|  |TAMS 0x00000000adb00000, 0x00000000adb00000| Untracked 
| 220|0x00000000adc00000, 0x00000000adc00000, 0x00000000add00000|  0%| F|  |TAMS 0x00000000adc00000, 0x00000000adc00000| Untracked 
| 221|0x00000000add00000, 0x00000000add00000, 0x00000000ade00000|  0%| F|  |TAMS 0x00000000add00000, 0x00000000add00000| Untracked 
| 222|0x00000000ade00000, 0x00000000ade00000, 0x00000000adf00000|  0%| F|  |TAMS 0x00000000ade00000, 0x00000000ade00000| Untracked 
| 223|0x00000000adf00000, 0x00000000adf00000, 0x00000000ae000000|  0%| F|  |TAMS 0x00000000adf00000, 0x00000000adf00000| Untracked 
| 224|0x00000000ae000000, 0x00000000ae000000, 0x00000000ae100000|  0%| F|  |TAMS 0x00000000ae000000, 0x00000000ae000000| Untracked 
| 225|0x00000000ae100000, 0x00000000ae100000, 0x00000000ae200000|  0%| F|  |TAMS 0x00000000ae100000, 0x00000000ae100000| Untracked 
| 226|0x00000000ae200000, 0x00000000ae200000, 0x00000000ae300000|  0%| F|  |TAMS 0x00000000ae200000, 0x00000000ae200000| Untracked 
| 227|0x00000000ae300000, 0x00000000ae300000, 0x00000000ae400000|  0%| F|  |TAMS 0x00000000ae300000, 0x00000000ae300000| Untracked 
| 228|0x00000000ae400000, 0x00000000ae400000, 0x00000000ae500000|  0%| F|  |TAMS 0x00000000ae400000, 0x00000000ae400000| Untracked 
| 229|0x00000000ae500000, 0x00000000ae500000, 0x00000000ae600000|  0%| F|  |TAMS 0x00000000ae500000, 0x00000000ae500000| Untracked 
| 230|0x00000000ae600000, 0x00000000ae600000, 0x00000000ae700000|  0%| F|  |TAMS 0x00000000ae600000, 0x00000000ae600000| Untracked 
| 231|0x00000000ae700000, 0x00000000ae700000, 0x00000000ae800000|  0%| F|  |TAMS 0x00000000ae700000, 0x00000000ae700000| Untracked 
| 232|0x00000000ae800000, 0x00000000ae800000, 0x00000000ae900000|  0%| F|  |TAMS 0x00000000ae800000, 0x00000000ae800000| Untracked 
| 233|0x00000000ae900000, 0x00000000ae900000, 0x00000000aea00000|  0%| F|  |TAMS 0x00000000ae900000, 0x00000000ae900000| Untracked 
| 234|0x00000000aea00000, 0x00000000aea00000, 0x00000000aeb00000|  0%| F|  |TAMS 0x00000000aea00000, 0x00000000aea00000| Untracked 
| 235|0x00000000aeb00000, 0x00000000aeb00000, 0x00000000aec00000|  0%| F|  |TAMS 0x00000000aeb00000, 0x00000000aeb00000| Untracked 
| 236|0x00000000aec00000, 0x00000000aec00000, 0x00000000aed00000|  0%| F|  |TAMS 0x00000000aec00000, 0x00000000aec00000| Untracked 
| 237|0x00000000aed00000, 0x00000000aed00000, 0x00000000aee00000|  0%| F|  |TAMS 0x00000000aed00000, 0x00000000aed00000| Untracked 
| 238|0x00000000aee00000, 0x00000000aee00000, 0x00000000aef00000|  0%| F|  |TAMS 0x00000000aee00000, 0x00000000aee00000| Untracked 
| 239|0x00000000aef00000, 0x00000000aef00000, 0x00000000af000000|  0%| F|  |TAMS 0x00000000aef00000, 0x00000000aef00000| Untracked 
| 240|0x00000000af000000, 0x00000000af000000, 0x00000000af100000|  0%| F|  |TAMS 0x00000000af000000, 0x00000000af000000| Untracked 
| 241|0x00000000af100000, 0x00000000af100000, 0x00000000af200000|  0%| F|  |TAMS 0x00000000af100000, 0x00000000af100000| Untracked 
| 242|0x00000000af200000, 0x00000000af200000, 0x00000000af300000|  0%| F|  |TAMS 0x00000000af200000, 0x00000000af200000| Untracked 
| 243|0x00000000af300000, 0x00000000af400000, 0x00000000af400000|100%| S|CS|TAMS 0x00000000af300000, 0x00000000af300000| Complete 
| 244|0x00000000af400000, 0x00000000af500000, 0x00000000af500000|100%| S|CS|TAMS 0x00000000af400000, 0x00000000af400000| Complete 
| 245|0x00000000af500000, 0x00000000af600000, 0x00000000af600000|100%| S|CS|TAMS 0x00000000af500000, 0x00000000af500000| Complete 
| 246|0x00000000af600000, 0x00000000af700000, 0x00000000af700000|100%| S|CS|TAMS 0x00000000af600000, 0x00000000af600000| Complete 
| 247|0x00000000af700000, 0x00000000af800000, 0x00000000af800000|100%| S|CS|TAMS 0x00000000af700000, 0x00000000af700000| Complete 
| 248|0x00000000af800000, 0x00000000af800000, 0x00000000af900000|  0%| F|  |TAMS 0x00000000af800000, 0x00000000af800000| Untracked 
| 249|0x00000000af900000, 0x00000000af900000, 0x00000000afa00000|  0%| F|  |TAMS 0x00000000af900000, 0x00000000af900000| Untracked 
| 250|0x00000000afa00000, 0x00000000afa00000, 0x00000000afb00000|  0%| F|  |TAMS 0x00000000afa00000, 0x00000000afa00000| Untracked 
| 251|0x00000000afb00000, 0x00000000afb00000, 0x00000000afc00000|  0%| F|  |TAMS 0x00000000afb00000, 0x00000000afb00000| Untracked 
| 252|0x00000000afc00000, 0x00000000afc00000, 0x00000000afd00000|  0%| F|  |TAMS 0x00000000afc00000, 0x00000000afc00000| Untracked 
| 253|0x00000000afd00000, 0x00000000afd00000, 0x00000000afe00000|  0%| F|  |TAMS 0x00000000afd00000, 0x00000000afd00000| Untracked 
| 254|0x00000000afe00000, 0x00000000afe00000, 0x00000000aff00000|  0%| F|  |TAMS 0x00000000afe00000, 0x00000000afe00000| Untracked 
| 255|0x00000000aff00000, 0x00000000aff00000, 0x00000000b0000000|  0%| F|  |TAMS 0x00000000aff00000, 0x00000000aff00000| Untracked 
| 256|0x00000000b0000000, 0x00000000b0000000, 0x00000000b0100000|  0%| F|  |TAMS 0x00000000b0000000, 0x00000000b0000000| Untracked 
| 257|0x00000000b0100000, 0x00000000b0100000, 0x00000000b0200000|  0%| F|  |TAMS 0x00000000b0100000, 0x00000000b0100000| Untracked 
| 258|0x00000000b0200000, 0x00000000b0200000, 0x00000000b0300000|  0%| F|  |TAMS 0x00000000b0200000, 0x00000000b0200000| Untracked 
| 259|0x00000000b0300000, 0x00000000b0300000, 0x00000000b0400000|  0%| F|  |TAMS 0x00000000b0300000, 0x00000000b0300000| Untracked 
| 260|0x00000000b0400000, 0x00000000b0400000, 0x00000000b0500000|  0%| F|  |TAMS 0x00000000b0400000, 0x00000000b0400000| Untracked 
| 261|0x00000000b0500000, 0x00000000b0500000, 0x00000000b0600000|  0%| F|  |TAMS 0x00000000b0500000, 0x00000000b0500000| Untracked 
| 262|0x00000000b0600000, 0x00000000b0600000, 0x00000000b0700000|  0%| F|  |TAMS 0x00000000b0600000, 0x00000000b0600000| Untracked 
| 263|0x00000000b0700000, 0x00000000b0700000, 0x00000000b0800000|  0%| F|  |TAMS 0x00000000b0700000, 0x00000000b0700000| Untracked 
| 264|0x00000000b0800000, 0x00000000b0800000, 0x00000000b0900000|  0%| F|  |TAMS 0x00000000b0800000, 0x00000000b0800000| Untracked 
| 265|0x00000000b0900000, 0x00000000b0900000, 0x00000000b0a00000|  0%| F|  |TAMS 0x00000000b0900000, 0x00000000b0900000| Untracked 
| 266|0x00000000b0a00000, 0x00000000b0a00000, 0x00000000b0b00000|  0%| F|  |TAMS 0x00000000b0a00000, 0x00000000b0a00000| Untracked 
| 267|0x00000000b0b00000, 0x00000000b0b00000, 0x00000000b0c00000|  0%| F|  |TAMS 0x00000000b0b00000, 0x00000000b0b00000| Untracked 
| 268|0x00000000b0c00000, 0x00000000b0c00000, 0x00000000b0d00000|  0%| F|  |TAMS 0x00000000b0c00000, 0x00000000b0c00000| Untracked 
| 269|0x00000000b0d00000, 0x00000000b0d00000, 0x00000000b0e00000|  0%| F|  |TAMS 0x00000000b0d00000, 0x00000000b0d00000| Untracked 
| 270|0x00000000b0e00000, 0x00000000b0e00000, 0x00000000b0f00000|  0%| F|  |TAMS 0x00000000b0e00000, 0x00000000b0e00000| Untracked 
| 271|0x00000000b0f00000, 0x00000000b0f00000, 0x00000000b1000000|  0%| F|  |TAMS 0x00000000b0f00000, 0x00000000b0f00000| Untracked 
| 272|0x00000000b1000000, 0x00000000b1000000, 0x00000000b1100000|  0%| F|  |TAMS 0x00000000b1000000, 0x00000000b1000000| Untracked 
| 273|0x00000000b1100000, 0x00000000b1100000, 0x00000000b1200000|  0%| F|  |TAMS 0x00000000b1100000, 0x00000000b1100000| Untracked 
| 274|0x00000000b1200000, 0x00000000b1200000, 0x00000000b1300000|  0%| F|  |TAMS 0x00000000b1200000, 0x00000000b1200000| Untracked 
| 275|0x00000000b1300000, 0x00000000b1300000, 0x00000000b1400000|  0%| F|  |TAMS 0x00000000b1300000, 0x00000000b1300000| Untracked 
| 276|0x00000000b1400000, 0x00000000b1400000, 0x00000000b1500000|  0%| F|  |TAMS 0x00000000b1400000, 0x00000000b1400000| Untracked 
| 277|0x00000000b1500000, 0x00000000b1500000, 0x00000000b1600000|  0%| F|  |TAMS 0x00000000b1500000, 0x00000000b1500000| Untracked 
| 278|0x00000000b1600000, 0x00000000b1600000, 0x00000000b1700000|  0%| F|  |TAMS 0x00000000b1600000, 0x00000000b1600000| Untracked 
| 279|0x00000000b1700000, 0x00000000b1700000, 0x00000000b1800000|  0%| F|  |TAMS 0x00000000b1700000, 0x00000000b1700000| Untracked 
| 280|0x00000000b1800000, 0x00000000b1800000, 0x00000000b1900000|  0%| F|  |TAMS 0x00000000b1800000, 0x00000000b1800000| Untracked 
| 281|0x00000000b1900000, 0x00000000b1900000, 0x00000000b1a00000|  0%| F|  |TAMS 0x00000000b1900000, 0x00000000b1900000| Untracked 
| 282|0x00000000b1a00000, 0x00000000b1a00000, 0x00000000b1b00000|  0%| F|  |TAMS 0x00000000b1a00000, 0x00000000b1a00000| Untracked 
| 283|0x00000000b1b00000, 0x00000000b1b00000, 0x00000000b1c00000|  0%| F|  |TAMS 0x00000000b1b00000, 0x00000000b1b00000| Untracked 
| 284|0x00000000b1c00000, 0x00000000b1c00000, 0x00000000b1d00000|  0%| F|  |TAMS 0x00000000b1c00000, 0x00000000b1c00000| Untracked 
| 285|0x00000000b1d00000, 0x00000000b1d00000, 0x00000000b1e00000|  0%| F|  |TAMS 0x00000000b1d00000, 0x00000000b1d00000| Untracked 

Card table byte_map: [0x0000015c35e70000,0x0000015c36170000] _byte_map_base: 0x0000015c35970000

Marking Bits (Prev, Next): (CMBitMap*) 0x0000015c2308ff48, (CMBitMap*) 0x0000015c2308ff80
 Prev Bits: [0x0000015c36470000, 0x0000015c37c70000)
 Next Bits: [0x0000015c37c70000, 0x0000015c39470000)

Polling page: 0x0000015c20f90000

Metaspace:

Usage:
  Non-class:     68.51 MB capacity,    67.36 MB ( 98%) used,  1009.63 KB (  1%) free+waste,   164.38 KB ( <1%) overhead. 
      Class:     10.28 MB capacity,     9.73 MB ( 95%) used,   498.07 KB (  5%) free+waste,    72.94 KB ( <1%) overhead. 
       Both:     78.79 MB capacity,    77.09 MB ( 98%) used,     1.47 MB (  2%) free+waste,   237.31 KB ( <1%) overhead. 

Virtual space:
  Non-class space:       70.00 MB reserved,      68.68 MB ( 98%) committed 
      Class space:        1.00 GB reserved,      10.32 MB (  1%) committed 
             Both:        1.07 GB reserved,      79.00 MB (  7%) committed 

Chunk freelists:
   Non-Class:  42.00 KB
       Class:  30.00 KB
        Both:  72.00 KB

MaxMetaspaceSize: 17179869184.00 GB
CompressedClassSpaceSize: 1.00 GB
Initial GC threshold: 20.80 MB
Current GC threshold: 131.67 MB
CDS: off

CodeHeap 'non-profiled nmethods': size=120064Kb used=5456Kb max_used=5456Kb free=114607Kb
 bounds [0x0000015c2e630000, 0x0000015c2eb90000, 0x0000015c35b70000]
CodeHeap 'profiled nmethods': size=120000Kb used=22691Kb max_used=22691Kb free=97308Kb
 bounds [0x0000015c27100000, 0x0000015c28730000, 0x0000015c2e630000]
CodeHeap 'non-nmethods': size=5696Kb used=2361Kb max_used=2410Kb free=3334Kb
 bounds [0x0000015c26b70000, 0x0000015c26de0000, 0x0000015c27100000]
 total_blobs=11037 nmethods=10171 adapters=778
 compilation: enabled
              stopped_count=0, restarted_count=0
 full_count=0

Compilation events (20 events):
Event: 23.210 Thread 0x0000015c3b981000 10254       3       com.android.tools.r8.graph.DexClass::getInnerClassAttributeForThisClass (44 bytes)
Event: 23.210 Thread 0x0000015c3b981000 nmethod 10254 0x0000015c28723290 code [0x0000015c28723480, 0x0000015c28723a88]
Event: 23.213 Thread 0x0000015c3b981000 10255   !   3       com.android.tools.r8.utils.k::a (110 bytes)
Event: 23.214 Thread 0x0000015c3b981000 nmethod 10255 0x0000015c28723c10 code [0x0000015c28723ee0, 0x0000015c28725098]
Event: 23.214 Thread 0x0000015c3b981000 10256       3       com.android.tools.r8.utils.k$$Lambda$496/0x0000000100a1bc40::get$Lambda (10 bytes)
Event: 23.214 Thread 0x0000015c3b981000 nmethod 10256 0x0000015c28725510 code [0x0000015c287256e0, 0x0000015c28725998]
Event: 23.214 Thread 0x0000015c3b981000 10257       3       com.android.tools.r8.utils.k$$Lambda$496/0x0000000100a1bc40::<init> (15 bytes)
Event: 23.214 Thread 0x0000015c3b981000 nmethod 10257 0x0000015c28725a90 code [0x0000015c28725c40, 0x0000015c28725e58]
Event: 23.214 Thread 0x0000015c3b981000 10258       3       com.android.tools.r8.utils.k$$Lambda$496/0x0000000100a1bc40::apply (16 bytes)
Event: 23.214 Thread 0x0000015c3b981000 nmethod 10258 0x0000015c28725f10 code [0x0000015c28726100, 0x0000015c287266f8]
Event: 23.214 Thread 0x0000015c3b981000 10259       3       com.android.tools.r8.utils.k::a (33 bytes)
Event: 23.215 Thread 0x0000015c3b981000 nmethod 10259 0x0000015c28726910 code [0x0000015c28726b00, 0x0000015c28726fb8]
Event: 23.215 Thread 0x0000015c3b981000 10260       3       com.android.tools.r8.utils.j::<init> (30 bytes)
Event: 23.215 Thread 0x0000015c3b981000 nmethod 10260 0x0000015c28727190 code [0x0000015c28727360, 0x0000015c28727618]
Event: 23.215 Thread 0x0000015c3b981000 10261       3       com.android.tools.r8.utils.j::get (5 bytes)
Event: 23.215 Thread 0x0000015c3b981000 nmethod 10261 0x0000015c28727710 code [0x0000015c287278c0, 0x0000015c287279e8]
Event: 23.215 Thread 0x0000015c3b981000 10262   !   3       com.android.tools.r8.utils.j::get (167 bytes)
Event: 23.216 Thread 0x0000015c3b981000 nmethod 10262 0x0000015c28727a90 code [0x0000015c28727ca0, 0x0000015c287284e8]
Event: 23.216 Thread 0x0000015c3b981000 10263       3       com.android.tools.r8.utils.j$$Lambda$497/0x0000000100a1c440::get$Lambda (9 bytes)
Event: 23.216 Thread 0x0000015c3b981000 nmethod 10263 0x0000015c28728790 code [0x0000015c28728960, 0x0000015c28728bb8]

GC Heap History (20 events):
Event: 20.519 GC heap after
{Heap after GC invocations=33 (full 0):
 garbage-first heap   total 183296K, used 139264K [0x00000000a0000000, 0x0000000100000000)
  region size 1024K, 3 young (3072K), 3 survivors (3072K)
 Metaspace       used 78828K, capacity 80510K, committed 80640K, reserved 1120256K
  class space    used 9947K, capacity 10496K, committed 10572K, reserved 1048576K
}
Event: 20.624 GC heap before
{Heap before GC invocations=34 (full 0):
 garbage-first heap   total 183296K, used 155648K [0x00000000a0000000, 0x0000000100000000)
  region size 1024K, 19 young (19456K), 3 survivors (3072K)
 Metaspace       used 78829K, capacity 80510K, committed 80640K, reserved 1120256K
  class space    used 9947K, capacity 10496K, committed 10572K, reserved 1048576K
}
Event: 20.634 GC heap after
{Heap after GC invocations=35 (full 0):
 garbage-first heap   total 183296K, used 144137K [0x00000000a0000000, 0x0000000100000000)
  region size 1024K, 3 young (3072K), 3 survivors (3072K)
 Metaspace       used 78829K, capacity 80510K, committed 80640K, reserved 1120256K
  class space    used 9947K, capacity 10496K, committed 10572K, reserved 1048576K
}
Event: 20.701 GC heap before
{Heap before GC invocations=35 (full 0):
 garbage-first heap   total 183296K, used 156425K [0x00000000a0000000, 0x0000000100000000)
  region size 1024K, 15 young (15360K), 3 survivors (3072K)
 Metaspace       used 78829K, capacity 80510K, committed 80640K, reserved 1120256K
  class space    used 9947K, capacity 10496K, committed 10572K, reserved 1048576K
}
Event: 20.711 GC heap after
{Heap after GC invocations=36 (full 0):
 garbage-first heap   total 220160K, used 147308K [0x00000000a0000000, 0x0000000100000000)
  region size 1024K, 2 young (2048K), 2 survivors (2048K)
 Metaspace       used 78829K, capacity 80510K, committed 80640K, reserved 1120256K
  class space    used 9947K, capacity 10496K, committed 10572K, reserved 1048576K
}
Event: 20.824 GC heap before
{Heap before GC invocations=36 (full 0):
 garbage-first heap   total 220160K, used 170860K [0x00000000a0000000, 0x0000000100000000)
  region size 1024K, 25 young (25600K), 2 survivors (2048K)
 Metaspace       used 78831K, capacity 80513K, committed 80640K, reserved 1120256K
  class space    used 9947K, capacity 10497K, committed 10572K, reserved 1048576K
}
Event: 20.838 GC heap after
{Heap after GC invocations=37 (full 0):
 garbage-first heap   total 220160K, used 155067K [0x00000000a0000000, 0x0000000100000000)
  region size 1024K, 4 young (4096K), 4 survivors (4096K)
 Metaspace       used 78831K, capacity 80513K, committed 80640K, reserved 1120256K
  class space    used 9947K, capacity 10497K, committed 10572K, reserved 1048576K
}
Event: 20.900 GC heap before
{Heap before GC invocations=37 (full 0):
 garbage-first heap   total 220160K, used 175547K [0x00000000a0000000, 0x0000000100000000)
  region size 1024K, 24 young (24576K), 4 survivors (4096K)
 Metaspace       used 78833K, capacity 80513K, committed 80640K, reserved 1120256K
  class space    used 9948K, capacity 10497K, committed 10572K, reserved 1048576K
}
Event: 20.916 GC heap after
{Heap after GC invocations=38 (full 0):
 garbage-first heap   total 220160K, used 160197K [0x00000000a0000000, 0x0000000100000000)
  region size 1024K, 3 young (3072K), 3 survivors (3072K)
 Metaspace       used 78833K, capacity 80513K, committed 80640K, reserved 1120256K
  class space    used 9948K, capacity 10497K, committed 10572K, reserved 1048576K
}
Event: 21.049 GC heap before
{Heap before GC invocations=38 (full 0):
 garbage-first heap   total 220160K, used 178629K [0x00000000a0000000, 0x0000000100000000)
  region size 1024K, 22 young (22528K), 3 survivors (3072K)
 Metaspace       used 78822K, capacity 80496K, committed 80640K, reserved 1120256K
  class space    used 9945K, capacity 10491K, committed 10572K, reserved 1048576K
}
Event: 21.064 GC heap after
{Heap after GC invocations=39 (full 0):
 garbage-first heap   total 220160K, used 165617K [0x00000000a0000000, 0x0000000100000000)
  region size 1024K, 3 young (3072K), 3 survivors (3072K)
 Metaspace       used 78822K, capacity 80496K, committed 80640K, reserved 1120256K
  class space    used 9945K, capacity 10491K, committed 10572K, reserved 1048576K
}
Event: 21.102 GC heap before
{Heap before GC invocations=39 (full 0):
 garbage-first heap   total 220160K, used 182001K [0x00000000a0000000, 0x0000000100000000)
  region size 1024K, 20 young (20480K), 3 survivors (3072K)
 Metaspace       used 78822K, capacity 80496K, committed 80640K, reserved 1120256K
  class space    used 9945K, capacity 10491K, committed 10572K, reserved 1048576K
}
Event: 21.118 GC heap after
{Heap after GC invocations=40 (full 0):
 garbage-first heap   total 292864K, used 170466K [0x00000000a0000000, 0x0000000100000000)
  region size 1024K, 3 young (3072K), 3 survivors (3072K)
 Metaspace       used 78822K, capacity 80496K, committed 80640K, reserved 1120256K
  class space    used 9945K, capacity 10491K, committed 10572K, reserved 1048576K
}
Event: 21.279 GC heap before
{Heap before GC invocations=41 (full 0):
 garbage-first heap   total 292864K, used 209378K [0x00000000a0000000, 0x0000000100000000)
  region size 1024K, 41 young (41984K), 3 survivors (3072K)
 Metaspace       used 78822K, capacity 80496K, committed 80640K, reserved 1120256K
  class space    used 9945K, capacity 10491K, committed 10572K, reserved 1048576K
}
Event: 21.331 GC heap after
{Heap after GC invocations=42 (full 0):
 garbage-first heap   total 292864K, used 179407K [0x00000000a0000000, 0x0000000100000000)
  region size 1024K, 6 young (6144K), 6 survivors (6144K)
 Metaspace       used 78822K, capacity 80496K, committed 80640K, reserved 1120256K
  class space    used 9945K, capacity 10491K, committed 10572K, reserved 1048576K
}
Event: 21.763 GC heap before
{Heap before GC invocations=42 (full 0):
 garbage-first heap   total 292864K, used 213199K [0x00000000a0000000, 0x0000000100000000)
  region size 1024K, 40 young (40960K), 6 survivors (6144K)
 Metaspace       used 78824K, capacity 80496K, committed 80640K, reserved 1120256K
  class space    used 9945K, capacity 10491K, committed 10572K, reserved 1048576K
}
Event: 21.787 GC heap after
{Heap after GC invocations=43 (full 0):
 garbage-first heap   total 292864K, used 188181K [0x00000000a0000000, 0x0000000100000000)
  region size 1024K, 6 young (6144K), 6 survivors (6144K)
 Metaspace       used 78824K, capacity 80496K, committed 80640K, reserved 1120256K
  class space    used 9945K, capacity 10491K, committed 10572K, reserved 1048576K
}
Event: 22.760 GC heap before
{Heap before GC invocations=44 (full 0):
 garbage-first heap   total 292864K, used 209685K [0x00000000a0000000, 0x0000000100000000)
  region size 1024K, 27 young (27648K), 6 survivors (6144K)
 Metaspace       used 78829K, capacity 80496K, committed 80640K, reserved 1120256K
  class space    used 9945K, capacity 10491K, committed 10572K, reserved 1048576K
}
Event: 22.781 GC heap after
{Heap after GC invocations=45 (full 0):
 garbage-first heap   total 292864K, used 194560K [0x00000000a0000000, 0x0000000100000000)
  region size 1024K, 5 young (5120K), 5 survivors (5120K)
 Metaspace       used 78829K, capacity 80496K, committed 80640K, reserved 1120256K
  class space    used 9945K, capacity 10491K, committed 10572K, reserved 1048576K
}
Event: 23.233 GC heap before
{Heap before GC invocations=45 (full 0):
 garbage-first heap   total 292864K, used 230400K [0x00000000a0000000, 0x0000000100000000)
  region size 1024K, 38 young (38912K), 5 survivors (5120K)
 Metaspace       used 78938K, capacity 80684K, committed 80896K, reserved 1120256K
  class space    used 9958K, capacity 10530K, committed 10572K, reserved 1048576K
}

Deoptimization events (20 events):
Event: 22.982 Thread 0x0000015c3da72800 Uncommon trap: trap_request=0xffffff4d fr.pc=0x0000015c2eb5d55c relative=0x00000000000041fc
Event: 22.982 Thread 0x0000015c3da72800 Uncommon trap: reason=unstable_if action=reinterpret pc=0x0000015c2eb5d55c method=com.android.tools.r8.graph.A.c()V @ 30 c2
Event: 22.982 Thread 0x0000015c3da72800 DEOPT PACKING pc=0x0000015c2eb5d55c sp=0x000000215b5f8220
Event: 22.982 Thread 0x0000015c3da72800 DEOPT UNPACKING pc=0x0000015c26b785af sp=0x000000215b5f8200 mode 2
Event: 22.982 Thread 0x0000015c3da72800 Uncommon trap: trap_request=0xffffffde fr.pc=0x0000015c2eb70f24 relative=0x0000000000001bc4
Event: 22.982 Thread 0x0000015c3da72800 Uncommon trap: reason=class_check action=maybe_recompile pc=0x0000015c2eb70f24 method=com.android.tools.r8.graph.y.a()V @ 497 c2
Event: 22.982 Thread 0x0000015c3da72800 DEOPT PACKING pc=0x0000015c2eb70f24 sp=0x000000215b5f81d0
Event: 22.982 Thread 0x0000015c3da72800 DEOPT UNPACKING pc=0x0000015c26b785af sp=0x000000215b5f8218 mode 2
Event: 22.983 Thread 0x0000015c3da72800 Uncommon trap: trap_request=0xffffffde fr.pc=0x0000015c2eb70f24 relative=0x0000000000001bc4
Event: 22.983 Thread 0x0000015c3da72800 Uncommon trap: reason=class_check action=maybe_recompile pc=0x0000015c2eb70f24 method=com.android.tools.r8.graph.y.a()V @ 497 c2
Event: 22.983 Thread 0x0000015c3da72800 DEOPT PACKING pc=0x0000015c2eb70f24 sp=0x000000215b5f81d0
Event: 22.983 Thread 0x0000015c3da72800 DEOPT UNPACKING pc=0x0000015c26b785af sp=0x000000215b5f8218 mode 2
Event: 22.983 Thread 0x0000015c3da72800 Uncommon trap: trap_request=0xffffffde fr.pc=0x0000015c2eb70f24 relative=0x0000000000001bc4
Event: 22.983 Thread 0x0000015c3da72800 Uncommon trap: reason=class_check action=maybe_recompile pc=0x0000015c2eb70f24 method=com.android.tools.r8.graph.y.a()V @ 497 c2
Event: 22.983 Thread 0x0000015c3da72800 DEOPT PACKING pc=0x0000015c2eb70f24 sp=0x000000215b5f81d0
Event: 22.983 Thread 0x0000015c3da72800 DEOPT UNPACKING pc=0x0000015c26b785af sp=0x000000215b5f8218 mode 2
Event: 22.983 Thread 0x0000015c3da72800 Uncommon trap: trap_request=0xffffffde fr.pc=0x0000015c2eb70f24 relative=0x0000000000001bc4
Event: 22.983 Thread 0x0000015c3da72800 Uncommon trap: reason=class_check action=maybe_recompile pc=0x0000015c2eb70f24 method=com.android.tools.r8.graph.y.a()V @ 497 c2
Event: 22.984 Thread 0x0000015c3da72800 DEOPT PACKING pc=0x0000015c2eb70f24 sp=0x000000215b5f81d0
Event: 22.984 Thread 0x0000015c3da72800 DEOPT UNPACKING pc=0x0000015c26b785af sp=0x000000215b5f8218 mode 2

Classes redefined (0 events):
No events

Internal exceptions (20 events):
Event: 11.168 Thread 0x0000015c3da8d800 Exception <a 'java/lang/NoSuchMethodError'{0x00000000a86a9dc8}: <clinit>> (0x00000000a86a9dc8) thrown at [./src/hotspot/share/prims/jni.cpp, line 1366]
Event: 11.170 Thread 0x0000015c3da8d800 Exception <a 'java/lang/NoSuchMethodError'{0x00000000a86c2998}: <clinit>> (0x00000000a86c2998) thrown at [./src/hotspot/share/prims/jni.cpp, line 1366]
Event: 11.170 Thread 0x0000015c3da8d800 Exception <a 'java/lang/NoSuchMethodError'{0x00000000a86c3ed0}: <clinit>> (0x00000000a86c3ed0) thrown at [./src/hotspot/share/prims/jni.cpp, line 1366]
Event: 11.170 Thread 0x0000015c3da8d800 Exception <a 'java/lang/NoSuchMethodError'{0x00000000a86c56b8}: <clinit>> (0x00000000a86c56b8) thrown at [./src/hotspot/share/prims/jni.cpp, line 1366]
Event: 11.351 Thread 0x0000015c3da8d800 Exception <a 'java/lang/NoSuchMethodError'{0x00000000a829e7d8}: <clinit>> (0x00000000a829e7d8) thrown at [./src/hotspot/share/prims/jni.cpp, line 1366]
Event: 11.661 Thread 0x0000015c402d1800 Exception <a 'java/lang/NoSuchMethodError'{0x00000000a7e734b0}: 'java.lang.Object java.lang.invoke.DirectMethodHandle$Holder.invokeSpecial(java.lang.Object, java.lang.Object, java.lang.Object, java.lang.Object, java.lang.Object, java.lang.Object, java.lang.Object, java.lang.Object, java.lang.Object, java.lang.Object, java.lang.Object, java.lang.Object, java.lang.Object)'> (0x00000000a7e734b0) thrown at [./src/hotspot/share/interpreter/linkResolver.cpp, line 773]
Event: 11.663 Thread 0x0000015c402d1800 Exception <a 'java/lang/NoSuchMethodError'{0x00000000a7eb0788}: 'java.lang.Object java.lang.invoke.Invokers$Holder.linkToTargetMethod(java.lang.Object, java.lang.Object, java.lang.Object, java.lang.Object, java.lang.Object, java.lang.Object, java.lang.Object, java.lang.Object, java.lang.Object, java.lang.Object, java.lang.Object)'> (0x00000000a7eb0788) thrown at [./src/hotspot/share/interpreter/linkResolver.cpp, line 773]
Event: 11.668 Thread 0x0000015c402d1800 Exception <a 'java/lang/NoSuchMethodError'{0x00000000a7ed5bf8}: 'java.lang.Object java.lang.invoke.Invokers$Holder.linkToTargetMethod(java.lang.Object, java.lang.Object, java.lang.Object, java.lang.Object, java.lang.Object, java.lang.Object, java.lang.Object, java.lang.Object, java.lang.Object, java.lang.Object, java.lang.Object, java.lang.Object)'> (0x00000000a7ed5bf8) thrown at [./src/hotspot/share/interpreter/linkResolver.cpp, line 773]
Event: 13.980 Thread 0x0000015c3da72800 Exception <a 'java/lang/NoSuchMethodError'{0x00000000a9690e00}: <clinit>> (0x00000000a9690e00) thrown at [./src/hotspot/share/prims/jni.cpp, line 1366]
Event: 17.609 Thread 0x0000015c3da72800 Exception <a 'sun/nio/fs/WindowsException'{0x00000000a8f47c08}> (0x00000000a8f47c08) thrown at [./src/hotspot/share/prims/jni.cpp, line 616]
Event: 17.646 Thread 0x0000015c3da72800 Exception <a 'sun/nio/fs/WindowsException'{0x00000000a8e5b5d8}> (0x00000000a8e5b5d8) thrown at [./src/hotspot/share/prims/jni.cpp, line 616]
Event: 17.725 Thread 0x0000015c3da72800 Exception <a 'java/lang/NoSuchMethodError'{0x00000000a8df43a8}: 'void java.lang.invoke.DirectMethodHandle$Holder.invokeSpecial(java.lang.Object, java.lang.Object, int)'> (0x00000000a8df43a8) thrown at [./src/hotspot/share/interpreter/linkResolver.cpp, line 773]
Event: 17.725 Thread 0x0000015c3da72800 Exception <a 'sun/nio/fs/WindowsException'{0x00000000a8dfaa40}> (0x00000000a8dfaa40) thrown at [./src/hotspot/share/prims/jni.cpp, line 616]
Event: 17.725 Thread 0x0000015c3da72800 Exception <a 'sun/nio/fs/WindowsException'{0x00000000a8dfc1c0}> (0x00000000a8dfc1c0) thrown at [./src/hotspot/share/prims/jni.cpp, line 616]
Event: 17.726 Thread 0x0000015c3da72800 Exception <a 'sun/nio/fs/WindowsException'{0x00000000a8dfe670}> (0x00000000a8dfe670) thrown at [./src/hotspot/share/prims/jni.cpp, line 616]
Event: 17.728 Thread 0x0000015c3da72800 Exception <a 'sun/nio/fs/WindowsException'{0x00000000a8c240a0}> (0x00000000a8c240a0) thrown at [./src/hotspot/share/prims/jni.cpp, line 616]
Event: 17.728 Thread 0x0000015c3da72800 Exception <a 'sun/nio/fs/WindowsException'{0x00000000a8c24288}> (0x00000000a8c24288) thrown at [./src/hotspot/share/prims/jni.cpp, line 616]
Event: 17.733 Thread 0x0000015c3da72800 Exception <a 'java/lang/NoSuchMethodError'{0x00000000a8c78cb8}: 'void java.lang.invoke.DirectMethodHandle$Holder.invokeSpecial(java.lang.Object, java.lang.Object, java.lang.Object, java.lang.Object, java.lang.Object, java.lang.Object)'> (0x00000000a8c78cb8) thrown at [./src/hotspot/share/interpreter/linkResolver.cpp, line 773]
Event: 18.528 Thread 0x0000015c3da72800 Exception <a 'java/lang/NoSuchMethodError'{0x00000000aa774ba8}: 'int java.lang.invoke.DirectMethodHandle$Holder.invokeStaticInit(java.lang.Object, java.lang.Object)'> (0x00000000aa774ba8) thrown at [./src/hotspot/share/interpreter/linkResolver.cpp, line 773]
Event: 19.926 Thread 0x0000015c3da72800 Exception <a 'java/lang/IncompatibleClassChangeError'{0x00000000aa742fa8}: Found class java.lang.Object, but interface was expected> (0x00000000aa742fa8) thrown at [./src/hotspot/share/interpreter/linkResolver.cpp, line 839]

Events (20 events):
Event: 22.980 loading class com/android/tools/r8/graph/DexClass done
Event: 22.980 loading class com/android/tools/r8/graph/DexClass
Event: 22.980 loading class com/android/tools/r8/graph/DexClass done
Event: 22.980 loading class com/android/tools/r8/utils/j
Event: 22.980 loading class com/android/tools/r8/utils/j done
Event: 22.980 loading class com/android/tools/r8/ProgramResource
Event: 22.980 loading class com/android/tools/r8/ProgramResource done
Event: 22.980 loading class com/android/tools/r8/ProgramResource
Event: 22.980 loading class com/android/tools/r8/ProgramResource done
Event: 22.980 loading class com/android/builder/dexing/r8/CachingArchiveClassFileProvider
Event: 22.980 loading class com/android/builder/dexing/r8/CachingArchiveClassFileProvider done
Event: 22.980 loading class com/android/tools/r8/m/a/a/d/t
Event: 22.980 loading class com/android/tools/r8/m/a/a/d/t done
Event: 22.981 loading class com/android/tools/r8/m/a/a/d/s
Event: 22.981 loading class com/android/tools/r8/m/a/a/d/s done
Event: 22.981 loading class com/android/tools/r8/m/a/a/d/r
Event: 22.981 loading class com/android/tools/r8/m/a/a/d/r done
Event: 23.103 Executing VM operation: CGC_Operation
Event: 23.113 Executing VM operation: CGC_Operation done
Event: 23.233 Executing VM operation: G1CollectForAllocation


Dynamic libraries:
0x00007ff7fa940000 - 0x00007ff7fa94a000 	C:\Program Files\Android\Android Studio\jre\bin\java.exe
0x00007ffb08670000 - 0x00007ffb08887000 	C:\WINDOWS\SYSTEM32\ntdll.dll
0x00007ffb06d80000 - 0x00007ffb06e44000 	C:\WINDOWS\System32\KERNEL32.DLL
0x00007ffb05f70000 - 0x00007ffb06315000 	C:\WINDOWS\System32\KERNELBASE.dll
0x00007ffb05c30000 - 0x00007ffb05d41000 	C:\WINDOWS\System32\ucrtbase.dll
0x00007ffae8e00000 - 0x00007ffae8e17000 	C:\Program Files\Android\Android Studio\jre\bin\VCRUNTIME140.dll
0x00007ffae8de0000 - 0x00007ffae8df9000 	C:\Program Files\Android\Android Studio\jre\bin\jli.dll
0x00007ffb070c0000 - 0x00007ffb0726e000 	C:\WINDOWS\System32\USER32.dll
0x00007ffb05f40000 - 0x00007ffb05f66000 	C:\WINDOWS\System32\win32u.dll
0x00007ffb07c40000 - 0x00007ffb07c69000 	C:\WINDOWS\System32\GDI32.dll
0x00007ffb059e0000 - 0x00007ffb05af9000 	C:\WINDOWS\System32\gdi32full.dll
0x00007ffb06320000 - 0x00007ffb063ba000 	C:\WINDOWS\System32\msvcp_win.dll
0x00007ffb04b50000 - 0x00007ffb04de3000 	C:\WINDOWS\WinSxS\amd64_microsoft.windows.common-controls_6595b64144ccf1df_6.0.22621.2506_none_270c5ae97388e100\COMCTL32.dll
0x00007ffb06e60000 - 0x00007ffb06f07000 	C:\WINDOWS\System32\msvcrt.dll
0x00007ffb07fe0000 - 0x00007ffb08011000 	C:\WINDOWS\System32\IMM32.DLL
0x00007ffabfe70000 - 0x00007ffabff0d000 	C:\Program Files\Android\Android Studio\jre\bin\msvcp140.dll
0x00007ffa682d0000 - 0x00007ffa68dd2000 	C:\Program Files\Android\Android Studio\jre\bin\server\jvm.dll
0x00007ffb07b80000 - 0x00007ffb07c31000 	C:\WINDOWS\System32\ADVAPI32.dll
0x00007ffb063c0000 - 0x00007ffb06466000 	C:\WINDOWS\System32\sechost.dll
0x00007ffb06470000 - 0x00007ffb06587000 	C:\WINDOWS\System32\RPCRT4.dll
0x00007ffb06d10000 - 0x00007ffb06d18000 	C:\WINDOWS\System32\PSAPI.DLL
0x00007ffaf8e30000 - 0x00007ffaf8e64000 	C:\WINDOWS\SYSTEM32\WINMM.dll
0x00007ffb03c40000 - 0x00007ffb03c4a000 	C:\WINDOWS\SYSTEM32\VERSION.dll
0x00007ffaebd00000 - 0x00007ffaebd09000 	C:\WINDOWS\SYSTEM32\WSOCK32.dll
0x00007ffb08020000 - 0x00007ffb08091000 	C:\WINDOWS\System32\ws2_32.DLL
0x00007ffb03b30000 - 0x00007ffb03b48000 	C:\WINDOWS\SYSTEM32\kernel.appcore.dll
0x00007ffae3310000 - 0x00007ffae3321000 	C:\Program Files\Android\Android Studio\jre\bin\verify.dll
0x00007ffb05220000 - 0x00007ffb05453000 	C:\WINDOWS\SYSTEM32\DBGHELP.DLL
0x00007ffb080a0000 - 0x00007ffb08429000 	C:\WINDOWS\System32\combase.dll
0x00007ffb06a90000 - 0x00007ffb06b67000 	C:\WINDOWS\System32\OLEAUT32.dll
0x00007ffb05020000 - 0x00007ffb05052000 	C:\WINDOWS\SYSTEM32\dbgcore.DLL
0x00007ffb05d50000 - 0x00007ffb05dca000 	C:\WINDOWS\System32\bcryptPrimitives.dll
0x00007ffad4c20000 - 0x00007ffad4c49000 	C:\Program Files\Android\Android Studio\jre\bin\java.dll
0x00007ffae8390000 - 0x00007ffae839b000 	C:\Program Files\Android\Android Studio\jre\bin\jimage.dll
0x00007ffad4120000 - 0x00007ffad4138000 	C:\Program Files\Android\Android Studio\jre\bin\zip.dll
0x00007ffb07320000 - 0x00007ffb07b79000 	C:\WINDOWS\System32\SHELL32.dll
0x00007ffb029e0000 - 0x00007ffb032d4000 	C:\WINDOWS\SYSTEM32\windows.storage.dll
0x00007ffb028a0000 - 0x00007ffb029de000 	C:\WINDOWS\SYSTEM32\wintypes.dll
0x00007ffb06c10000 - 0x00007ffb06d03000 	C:\WINDOWS\System32\SHCORE.dll
0x00007ffb06d20000 - 0x00007ffb06d7e000 	C:\WINDOWS\System32\shlwapi.dll
0x00007ffb05910000 - 0x00007ffb05936000 	C:\WINDOWS\SYSTEM32\profapi.dll
0x00007ffad2ca0000 - 0x00007ffad2cba000 	C:\Program Files\Android\Android Studio\jre\bin\net.dll
0x00007ffafacd0000 - 0x00007ffafae07000 	C:\WINDOWS\SYSTEM32\WINHTTP.dll
0x00007ffb03f90000 - 0x00007ffb03ff9000 	C:\WINDOWS\system32\mswsock.dll
0x00007ffad2c80000 - 0x00007ffad2c94000 	C:\Program Files\Android\Android Studio\jre\bin\nio.dll
0x00007ffb01ae0000 - 0x00007ffb01b06000 	C:\Users\Mazenet-Mounika\.gradle\native\29\windows-amd64\native-platform.dll
0x00007ffae3300000 - 0x00007ffae330a000 	C:\Program Files\Android\Android Studio\jre\bin\management.dll
0x00007ffae2e00000 - 0x00007ffae2e0d000 	C:\Program Files\Android\Android Studio\jre\bin\management_ext.dll
0x00007ffb05200000 - 0x00007ffb0521b000 	C:\WINDOWS\SYSTEM32\CRYPTSP.dll
0x00007ffb03a90000 - 0x00007ffb03ac5000 	C:\WINDOWS\system32\rsaenh.dll
0x00007ffb04080000 - 0x00007ffb040ac000 	C:\WINDOWS\SYSTEM32\USERENV.dll
0x00007ffb05530000 - 0x00007ffb05558000 	C:\WINDOWS\SYSTEM32\bcrypt.dll
0x00007ffb04310000 - 0x00007ffb0431c000 	C:\WINDOWS\SYSTEM32\CRYPTBASE.dll
0x00007ffb035b0000 - 0x00007ffb035dd000 	C:\WINDOWS\SYSTEM32\IPHLPAPI.DLL
0x00007ffb070b0000 - 0x00007ffb070b9000 	C:\WINDOWS\System32\NSI.dll
0x00007ffaf8930000 - 0x00007ffaf8949000 	C:\WINDOWS\SYSTEM32\dhcpcsvc6.DLL
0x00007ffaf8910000 - 0x00007ffaf892f000 	C:\WINDOWS\SYSTEM32\dhcpcsvc.DLL
0x00007ffb035e0000 - 0x00007ffb036d9000 	C:\WINDOWS\SYSTEM32\DNSAPI.dll

dbghelp: loaded successfully - version: 4.0.5 - missing functions: none
symbol engine: initialized successfully - sym options: 0x614 - pdb path: .;C:\Program Files\Android\Android Studio\jre\bin;C:\WINDOWS\SYSTEM32;C:\WINDOWS\WinSxS\amd64_microsoft.windows.common-controls_6595b64144ccf1df_6.0.22621.2506_none_270c5ae97388e100;C:\Program Files\Android\Android Studio\jre\bin\server;C:\Users\Mazenet-Mounika\.gradle\native\29\windows-amd64

VM Arguments:
jvm_args: --add-opens=java.base/java.util=ALL-UNNAMED --add-opens=java.base/java.lang=ALL-UNNAMED --add-opens=java.base/java.lang.invoke=ALL-UNNAMED --add-opens=java.prefs/java.util.prefs=ALL-UNNAMED -Xmx1536m -Dfile.encoding=windows-1252 -Duser.country=IN -Duser.language=en -Duser.variant 
java_command: org.gradle.launcher.daemon.bootstrap.GradleDaemon 5.4.1
java_class_path (initial): C:\Users\Mazenet-Mounika\.gradle\wrapper\dists\gradle-5.4.1-all\3221gyojl5jsh0helicew7rwx\gradle-5.4.1\lib\gradle-launcher-5.4.1.jar
Launcher Type: SUN_STANDARD

[Global flags]
     intx CICompilerCount                          = 3                                         {product} {ergonomic}
     uint ConcGCThreads                            = 1                                         {product} {ergonomic}
     uint G1ConcRefinementThreads                  = 4                                         {product} {ergonomic}
   size_t G1HeapRegionSize                         = 1048576                                   {product} {ergonomic}
    uintx GCDrainStackTargetSize                   = 64                                        {product} {ergonomic}
   size_t InitialHeapSize                          = 130023424                                 {product} {ergonomic}
   size_t MarkStackSize                            = 4194304                                   {product} {ergonomic}
   size_t MaxHeapSize                              = 1610612736                                {product} {command line}
   size_t MaxNewSize                               = 965738496                                 {product} {ergonomic}
   size_t MinHeapDeltaBytes                        = 1048576                                   {product} {ergonomic}
    uintx NonNMethodCodeHeapSize                   = 5830732                                {pd product} {ergonomic}
    uintx NonProfiledCodeHeapSize                  = 122913754                              {pd product} {ergonomic}
    uintx ProfiledCodeHeapSize                     = 122913754                              {pd product} {ergonomic}
    uintx ReservedCodeCacheSize                    = 251658240                              {pd product} {ergonomic}
     bool SegmentedCodeCache                       = true                                      {product} {ergonomic}
     bool UseCompressedClassPointers               = true                                 {lp64_product} {ergonomic}
     bool UseCompressedOops                        = true                                 {lp64_product} {ergonomic}
     bool UseG1GC                                  = true                                      {product} {ergonomic}
     bool UseLargePagesIndividualAllocation        = false                                  {pd product} {ergonomic}

Logging:
Log output configuration:
 #0: stdout all=warning uptime,level,tags
 #1: stderr all=off uptime,level,tags

Environment Variables:
PATH=C:\Program Files\Common Files\Oracle\Java\javapath;C:\WINDOWS\system32;C:\WINDOWS;C:\WINDOWS\System32\Wbem;C:\WINDOWS\System32\WindowsPowerShell\v1.0\;C:\WINDOWS\System32\OpenSSH\;C:\Program Files\Java\jdk-18.0.2.1\bin;C:\Program Files\Git\cmd;C:\Program Files\Git\bin;C:\srcs\flutter\bin;C:\Users\Mazenet-Mounika\AppData\Local\Microsoft\WindowsApps;C:\Users\Mazenet-Mounika\AppData\Local\GitHubDesktop\bin;C:\Users\Mazenet-Mounika\AppData\Local\Programs\Git\cmd;flutter\bin;
USERNAME=Mazenet-Mounika
OS=Windows_NT
PROCESSOR_IDENTIFIER=Intel64 Family 6 Model 140 Stepping 1, GenuineIntel



---------------  S Y S T E M  ---------------

OS: Windows 11 , 64 bit Build 22621 (10.0.22621.2506)
OS uptime: 3 days 0:34 hours

CPU:total 4 (initial active 4) (2 cores per cpu, 2 threads per core) family 6 model 140 stepping 1 microcode 0xaa, cmov, cx8, fxsr, mmx, sse, sse2, sse3, ssse3, sse4.1, sse4.2, popcnt, avx, avx2, aes, clmul, erms, 3dnowpref, lzcnt, ht, tsc, tscinvbit, bmi1, bmi2, adx, evex, sha, fma

Memory: 4k page, system-wide physical 7834M (112M free)
TotalPageFile size 25536M (AvailPageFile size 219M)
current process WorkingSet (physical memory assigned to process): 331M, peak: 415M
current process commit charge ("private bytes"): 535M, peak: 857M

vm_info: OpenJDK 64-Bit Server VM (11.0.13+0-b1751.21-8125866) for windows-amd64 JRE (11.0.13+0-b1751.21-8125866), built on Feb  2 2022 03:00:22 by "builder" with MS VC++ 14.0 (VS2015)

END.
