#
# There is insufficient memory for the Java Runtime Environment to continue.
# Native memory allocation (malloc) failed to allocate 1318896 bytes for Chunk::new
# Possible reasons:
#   The system is out of physical RAM or swap space
#   The process is running with CompressedOops enabled, and the Java Heap may be blocking the growth of the native heap
# Possible solutions:
#   Reduce memory load on the system
#   Increase physical memory or swap space
#   Check if swap backing store is full
#   Decrease Java heap size (-Xmx/-Xms)
#   Decrease number of Java threads
#   Decrease Java thread stack sizes (-Xss)
#   Set larger code cache with -XX:ReservedCodeCacheSize=
#   JVM is running with Unscaled Compressed Oops mode in which the Java heap is
#     placed in the first 4GB address space. The Java Heap base address is the
#     maximum limit for the native heap growth. Please use -XX:HeapBaseMinAddress
#     to set the Java Heap base and to place the Java Heap above 4GB virtual address.
# This output file may be truncated or incomplete.
#
#  Out of Memory Error (./src/hotspot/share/memory/arena.cpp:197), pid=936, tid=22104
#
# JRE version: OpenJDK Runtime Environment (11.0.13) (build 11.0.13+0-b1751.21-8125866)
# Java VM: OpenJDK 64-Bit Server VM (11.0.13+0-b1751.21-8125866, mixed mode, tiered, compressed oops, g1 gc, windows-amd64)
# No core dump will be written. Minidumps are not enabled by default on client versions of Windows
#

---------------  S U M M A R Y ------------

Command Line: org.jetbrains.kotlin.cli.jvm.K2JVMCompiler -Xadd-compiler-builtins -Xbuild-file=C:\Users\MAZENE~2\AppData\Local\Temp\kjps11195091953248904419app_debug.script.xml -classpath C:\Users\Mazenet-Mounika\Documents\Sivasarvana\Catalyst_chit_Employee_app\app\src\main\lib\palmandro-2.0.jar;C:\Users\Mazenet-Mounika\Documents\Sivasarvana\Catalyst_chit_Employee_app\app\src\main\lib\RT_Android_Bluetooth_SDK_20150204.jar;C:\Users\Mazenet-Mounika\.gradle\caches\modules-2\files-2.1\org.jetbrains.kotlin\kotlin-stdlib-jdk7\1.3.21\d207ce2c9bcf17dc8e51bab4dbfdac4d013e7138\kotlin-stdlib-jdk7-1.3.21.jar;C:\Users\Mazenet-Mounika\.gradle\caches\modules-2\files-2.1\org.jetbrains.kotlin\kotlin-stdlib\1.3.21\4bcc2012b84840e19e1e28074284cac908be0295\kotlin-stdlib-1.3.21.jar;C:\Users\Mazenet-Mounika\.gradle\caches\modules-2\files-2.1\org.jetbrains.kotlin\kotlin-stdlib-common\1.3.21\f30e4a9897913e53d778f564110bafa1fef46643\kotlin-stdlib-common-1.3.21.jar;C:\Users\Mazenet-Mounika\.gradle\caches\modules-2\files-2.1\org.jetbrains\annotations\13.0\919f0dfe192fb4e063e7dacadee7f8bb9a2672a9\annotations-13.0.jar;C:\Users\Mazenet-Mounika\.gradle\caches\transforms-2\files-2.1\457910f30872812884c0e38113fa7052\design-28.0.0-api.jar;C:\Users\Mazenet-Mounika\.gradle\caches\transforms-2\files-2.1\86ea8a52be2101b5a5186862133d32fd\SearchableSpinner-1.9-api.jar;C:\Users\Mazenet-Mounika\.gradle\caches\transforms-2\files-2.1\1f1e3be0e08487d3934512eb37c1f840\android-image-cropper-2.7.0-api.jar;C:\Users\Mazenet-Mounika\.gradle\caches\transforms-2\files-2.1\f92a5f638e00289c1066cbeb6b82830c\library-0.2.0-api.jar;C:\Users\Mazenet-Mounika\.gradle\caches\transforms-2\files-2.1\c3454a27f911ef31375f8983cc7603cd\appcompat-v7-28.0.0-api.jar;C:\Users\Mazenet-Mounika\.gradle\caches\transforms-2\files-2.1\a6a9b6a45220421c00d813293801c475\library-1.6-api.jar;C:\Users\Mazenet-Mounika\.gradle\caches\transforms-2\files-2.1\0972ba0d990f5e80b14d659a280e7a08\support-v4-28.0.0-api.jar;C:\Users\Mazenet-Mounika\.gradle\caches\transforms-2\files-2.1\bc5bc094eae5ccfd0b1587cfbd969d64\recyclerview-v7-28.0.0-api.jar;C:\Users\Mazenet-Mounika\.gradle\caches\transforms-2\files-2.1\7ef8ba10064f1cf7f14dc0f4b3236331\glide-4.8.0-api.jar;C:\Users\Mazenet-Mounika\.gradle\caches\transforms-2\files-2.1\d0db3cf020b9a4901ce6c0de72ff16ff\support-fragment-28.0.0-api.jar;C:\Users\Mazenet-Mounika\.gradle\caches\transforms-2\files-2.1\751929af9e6553be0c1cbbe2601e5bd6\animated-vector-drawable-28.0.0-api.jar;C:\Users\Mazenet-Mounika\.gradle\caches\transforms-2\files-2.1\91a8fe0ce6db449be1659951ac1f41ac\support-core-ui-28.0.0-api.jar;C:\Users\Mazenet-Mounika\.gradle\caches\transforms-2\files-2.1\4092d89c356676d1ffc80d7658a3cf3b\support-core-utils-28.0.0-api.jar;C:\Users\Mazenet-Mounika\.gradle\caches\transforms-2\files-2.1\f3dd97a7110d8d22cff61d818d157205\support-vector-drawable-28.0.0-api.jar;C:\Users\Mazenet-Mounika\.gradle\caches\transforms-2\files-2.1\9e29824deaaae4d927695ca4c7f712e2\support-media-compat-28.0.0-api.jar;C:\Users\Mazenet-Mounika\.gradle\caches\transforms-2\files-2.1\a6033e07f78b9dffec6b1991ffaa58b2\transition-28.0.0-api.jar;C:\Users\Mazenet-Mounika\.gradle\caches\transforms-2\files-2.1\d9f09c8dc197773ae7fccceecd0b2000\loader-28.0.0-api.jar;C:\Users\Mazenet-Mounika\.gradle\caches\transforms-2\files-2.1\55f14252877559d2b75e95845edbb51e\viewpager-28.0.0-api.jar;C:\Users\Mazenet-Mounika\.gradle\caches\transforms-2\files-2.1\496aa8f275d36e1b479cbd2875ee5d13\coordinatorlayout-28.0.0-api.jar;C:\Users\Mazenet-Mounika\.gradle\caches\transforms-2\files-2.1\1babb1716a39060ae7c21b891994b904\drawerlayout-28.0.0-api.jar;C:\Users\Mazenet-Mounika\.gradle\caches\transforms-2\files-2.1\f930d948b054ed5a7b99b250e32347fa\slidingpanelayout-28.0.0-api.jar;C:\Users\Mazenet-Mounika\.gradle\caches\transforms-2\files-2.1\6906bf233415274d6aa127b4571947f2\customview-28.0.0-api.jar;C:\Users\Mazenet-Mounika\.gradle\caches\transforms-2\files-2.1\15aeeaaf0dd960f83c2b1306e5da7776\swiperefreshlayout-28.0.0-api.jar;C:\Users\Mazenet-Mounika\.gradle\caches\transforms-2\files-2.1\ef64b79c63d2a0d4e397c80243f31415\asynclayoutinflater-28.0.0-api.jar;C:\Users\Mazenet-Mounika\.gradle\caches\transforms-2\files-2.1\b9508e3a5e03b14617a71bc6f1b041c7\support-compat-28.0.0-api.jar;C:\Users\Mazenet-Mounika\.gradle\caches\transforms-2\files-2.1\e03eb43a102143552aa7bf1be1c0e945\subsampling-scale-image-view-3.10.0-api.jar;C:\Users\Mazenet-Mounika\.gradle\caches\transforms-2\files-2.1\a66068973cf4c3f1ebffddf5d456f08e\versionedparcelable-28.0.0-api.jar;C:\Users\Mazenet-Mounika\.gradle\caches\modules-2\files-2.1\com.android.support\collections\28.0.0\c1bcdade4d3cc2836130424a3f3e4182c666a745\collections-28.0.0.jar;C:\Users\Mazenet-Mounika\.gradle\caches\transforms-2\files-2.1\894808669969b0ff130cf4799f2d03ea\cursoradapter-28.0.0-api.jar;C:\Users\Mazenet-Mounika\.gradle\caches\transforms-2\files-2.1\e0869a6b941a21df7cd9b4524d69da13\runtime-1.1.1-api.jar;C:\Users\Mazenet-Mounika\.gradle\caches\transforms-2\files-2.1\e1e14ff18c6d1c1e812fcd0c1ea7a610\cardview-v7-28.0.0-api.jar;C:\Users\Mazenet-Mounika\.gradle\caches\transforms-2\files-2.1\7f64c924707db915e01673a3be4785ff\exifinterface-27.1.1-api.jar;C:\Users\Mazenet-Mounika\.gradle\caches\transforms-2\files-2.1\d35a5313748f1cc813801199dadb1667\gifdecoder-4.8.0-api.jar;C:\Users\Mazenet-Mounika\.gradle\caches\transforms-2\files-2.1\260298b71a662a2e094390a93458c4de\documentfile-28.0.0-api.jar;C:\Users\Mazenet-Mounika\.gradle\caches\transforms-2\files-2.1\e499b275763ca2bed19f8e125966e846\localbroadcastmanager-28.0.0-api.jar;C:\Users\Mazenet-Mounika\.gradle\caches\transforms-2\files-2.1\c02baee39b08ad597cc6044973b611e9\print-28.0.0-api.jar;C:\Users\Mazenet-Mounika\.gradle\caches\transforms-2\files-2.1\1cce6952ba3574e1337b4a0d551ed28d\viewmodel-1.1.1-api.jar;C:\Users\Mazenet-Mounika\.gradle\caches\transforms-2\files-2.1\220d8a2d481481b0394ae4ca010e4f2e\livedata-1.1.1-api.jar;C:\Users\Mazenet-Mounika\.gradle\caches\transforms-2\files-2.1\423a1642133569f97691091c28ce6568\livedata-core-1.1.1-api.jar;C:\Users\Mazenet-Mounika\.gradle\caches\modules-2\files-2.1\android.arch.lifecycle\common\1.1.1\207a6efae6a3555e326de41f76bdadd9a239cbce\common-1.1.1.jar;C:\Users\Mazenet-Mounika\.gradle\caches\transforms-2\files-2.1\7235761c3b0571b2475eeadb4b8e1ea2\runtime-1.1.1-api.jar;C:\Users\Mazenet-Mounika\.gradle\caches\modules-2\files-2.1\android.arch.core\common\1.1.1\e55b70d1f5620db124b3e85a7f4bdc7bd48d9f95\common-1.1.1.jar;C:\Users\Mazenet-Mounika\.gradle\caches\transforms-2\files-2.1\ce60959fe9fae10b6a39582363b1d09c\interpolator-28.0.0-api.jar;C:\Users\Mazenet-Mounika\.gradle\caches\modules-2\files-2.1\com.android.support\support-annotations\28.0.0\ed73f5337a002d1fd24339d5fb08c2c9d9ca60d8\support-annotations-28.0.0.jar;C:\Users\Mazenet-Mounika\.gradle\caches\transforms-2\files-2.1\bf81e16110d50893a2d6c784b89d5e60\constraint-layout-1.1.3-api.jar;C:\Users\Mazenet-Mounika\.gradle\caches\modules-2\files-2.1\com.android.support.constraint\constraint-layout-solver\1.1.3\bde0667d7414c16ed62d3cfe993cff7f9d732373\constraint-layout-solver-1.1.3.jar;C:\Users\Mazenet-Mounika\.gradle\caches\transforms-2\files-2.1\bfe46a452cb76a1a991eedf817d4ba28\MPAndroidChart-v3.1.0-api.jar;C:\Users\Mazenet-Mounika\.gradle\caches\modules-2\files-2.1\com.squareup.retrofit2\converter-gson\2.5.0\1c96fc5d0230f57d36cd09e2541d10829a3352a7\converter-gson-2.5.0.jar;C:\Users\Mazenet-Mounika\.gradle\caches\modules-2\files-2.1\com.squareup.retrofit2\retrofit\2.5.0\713ce36037bf24a76a3974c05cb85c3f754b1cc3\retrofit-2.5.0.jar;C:\Users\Mazenet-Mounika\.gradle\caches\modules-2\files-2.1\com.squareup.okhttp3\logging-interceptor\3.9.0\3bf7f8d6a20c90ffe9fc3f3c9118193c7720ecf1\logging-interceptor-3.9.0.jar;C:\Users\Mazenet-Mounika\.gradle\caches\modules-2\files-2.1\com.squareup.okhttp3\okhttp\3.12.0\b36f4a04584c0fb0d9af2d3401cdff8dacb1ea54\okhttp-3.12.0.jar;C:\Users\Mazenet-Mounika\.gradle\caches\modules-2\files-2.1\com.squareup.okio\okio\1.15.0\bc28b5a964c8f5721eb58ee3f3c47a9bcbf4f4d8\okio-1.15.0.jar;C:\Users\Mazenet-Mounika\.gradle\caches\modules-2\files-2.1\com.google.code.gson\gson\2.8.5\f645ed69d595b24d4cf8b3fbb64cc505bede8829\gson-2.8.5.jar;C:\Users\Mazenet-Mounika\.gradle\caches\transforms-2\files-2.1\c7b3972dafc1f70b6783e687194832dc\PhotoView-2.1.4-api.jar;C:\Users\Mazenet-Mounika\.gradle\caches\transforms-2\files-2.1\c70808bf3dfec35d39f2a53f44c349e7\circleimageview-3.0.0-api.jar;C:\Users\Mazenet-Mounika\.gradle\caches\transforms-2\files-2.1\6148e3a51f3bb409509599e873cdb674\compressor-2.1.0-api.jar;C:\Users\Mazenet-Mounika\.gradle\caches\modules-2\files-2.1\io.reactivex.rxjava2\rxjava\2.1.0\2fdf84dedcaaeabb9d70cde9dbb8aad4eccb80a1\rxjava-2.1.0.jar;C:\Users\Mazenet-Mounika\.gradle\caches\modules-2\files-2.1\org.reactivestreams\reactive-streams\1.0.0\14b8c877d98005ba3941c9257cfe09f6ed0e0d74\reactive-streams-1.0.0.jar;C:\Users\Mazenet-Mounika\.gradle\caches\modules-2\files-2.1\com.squareup.picasso\picasso\2.5.2\7446d06ec8d4f7ffcc53f1da37c95f200dcb9387\picasso-2.5.2.jar;C:\Users\Mazenet-Mounika\.gradle\caches\transforms-2\files-2.1\4a8fcafaeb44d99364588939b5606346\GifView-1.4-api.jar;C:\Users\Mazenet-Mounika\.gradle\caches\modules-2\files-2.1\com.github.bumptech.glide\disklrucache\4.8.0\a7448551cb3edd61bcf3d1b1136b670e630441cf\disklrucache-4.8.0.jar;C:\Users\Mazenet-Mounika\.gradle\caches\modules-2\files-2.1\com.github.bumptech.glide\annotations\4.8.0\c4c9e79eb2bfeb9059fce55020c6b237402285f6\annotations-4.8.0.jar;C:\Users\Mazenet-Mounika\.gradle\caches\transforms-2\files-2.1\df940d76912e0c24edea835de04e8e86\eazegraph-1.2.2-api.jar;C:\Users\Mazenet-Mounika\.gradle\caches\modules-2\files-2.1\com.nineoldandroids\library\2.4.0\e9b63380f3a242dbdbf103a2355ad7e43bad17cb\library-2.4.0.jar;C:\Users\Mazenet-Mounika\Documents\Sivasarvana\Catalyst_chit_Employee_app\library\build\intermediates\compile_library_classes\debug\classes.jar;C:\Users\Mazenet-Mounika\AppData\Local\Android\Sdk\platforms\android-33\android.jar -d C:\Users\Mazenet-Mounika\Documents\Sivasarvana\Catalyst_chit_Employee_app\app\build\tmp\kotlin-classes\debug -Xload-builtins-from-dependencies -module-name app_debug -no-jdk -no-reflect -no-stdlib -Xplugin=C:\Users\Mazenet-Mounika\.gradle\caches\modules-2\files-2.1\org.jetbrains.kotlin\kotlin-android-extensions\1.3.21\311c0d1cbb0a194e8712edaef7b92a8f0919ca26\kotlin-android-extensions-1.3.21.jar,C:\Users\Mazenet-Mounika\.gradle\caches\modules-2\files-2.1\org.jetbrains.kotlin\kotlin-annotation-processing-gradle\1.3.21\225aacd70ddfe71c72796bb317b3f12254c1ff3a\kotlin-annotation-processing-gradle-1.3.21.jar -P plugin:org.jetbrains.kotlin.android:configuration=rO0ABXexAAAAAwAIZmVhdHVyZXMAAAABAAV2aWV3cwAHcGFja2FnZQAAAAEAG2NvbS5tYXplbmV0Lm1hbmkuZ3VydWd1YmVyYQAHdmFyaWFudAAAAAEAX21haW47QzpcVXNlcnNcTWF6ZW5ldC1Nb3VuaWthXERvY3VtZW50c1xTaXZhc2FydmFuYVxDYXRhbHlzdF9jaGl0X0VtcGxveWVlX2FwcFxhcHBcc3JjXG1haW5ccmVz

Host: 11th Gen Intel(R) Core(TM) i3-1115G4 @ 3.00GHz, 4 cores, 7G,  Windows 11 , 64 bit Build 22621 (10.0.22621.2506)
Time: Tue Nov 28 13:44:36 2023 India Standard Time elapsed time: 65.211023 seconds (0d 0h 1m 5s)

---------------  T H R E A D  ---------------

Current thread (0x0000022914d90800):  JavaThread "C2 CompilerThread0" daemon [_thread_in_native, id=22104, stack(0x0000009770a00000,0x0000009770b00000)]


Current CompileTask:
C2:  65211 14788       4       org.jetbrains.kotlin.resolve.calls.CallExpressionResolver::getSimpleNameExpressionTypeInfo (395 bytes)

Stack: [0x0000009770a00000,0x0000009770b00000]
Native frames: (J=compiled Java code, j=interpreted, Vv=VM code, C=native code)
V  [jvm.dll+0x6100fa]
V  [jvm.dll+0x747090]
V  [jvm.dll+0x7486ad]
V  [jvm.dll+0x748d83]
V  [jvm.dll+0x24ab48]
V  [jvm.dll+0xc04dc]
V  [jvm.dll+0xc0a0c]
V  [jvm.dll+0x35eb9d]
V  [jvm.dll+0x32b833]
V  [jvm.dll+0x32ad2a]
V  [jvm.dll+0x2032b2]
V  [jvm.dll+0x202437]
V  [jvm.dll+0x188e01]
V  [jvm.dll+0x21106b]
V  [jvm.dll+0x20f8c1]
V  [jvm.dll+0x70de0f]
V  [jvm.dll+0x706a75]
V  [jvm.dll+0x60ed66]
C  [ucrtbase.dll+0x29363]
C  [KERNEL32.DLL+0x1257d]
C  [ntdll.dll+0x5aa58]


---------------  P R O C E S S  ---------------

Threads class SMR info:
_java_thread_list=0x0000022914ec8ed0, length=10, elements={
0x0000022978aad800, 0x000002297f5a4000, 0x000002297f5d1800, 0x0000022914d8b800,
0x0000022914d8e800, 0x0000022914d8f800, 0x0000022914d90800, 0x0000022914d92000,
0x000002297f5e0000, 0x0000022914eda800
}

Java Threads: ( => current thread )
  0x0000022978aad800 JavaThread "main" [_thread_in_Java, id=13652, stack(0x000000976fe00000,0x000000976ff00000)]
  0x000002297f5a4000 JavaThread "Reference Handler" daemon [_thread_blocked, id=15884, stack(0x0000009770500000,0x0000009770600000)]
  0x000002297f5d1800 JavaThread "Finalizer" daemon [_thread_blocked, id=29740, stack(0x0000009770600000,0x0000009770700000)]
  0x0000022914d8b800 JavaThread "Signal Dispatcher" daemon [_thread_blocked, id=12168, stack(0x0000009770700000,0x0000009770800000)]
  0x0000022914d8e800 JavaThread "Attach Listener" daemon [_thread_blocked, id=29396, stack(0x0000009770800000,0x0000009770900000)]
  0x0000022914d8f800 JavaThread "Service Thread" daemon [_thread_blocked, id=9220, stack(0x0000009770900000,0x0000009770a00000)]
=>0x0000022914d90800 JavaThread "C2 CompilerThread0" daemon [_thread_in_native, id=22104, stack(0x0000009770a00000,0x0000009770b00000)]
  0x0000022914d92000 JavaThread "C1 CompilerThread0" daemon [_thread_blocked, id=15388, stack(0x0000009770b00000,0x0000009770c00000)]
  0x000002297f5e0000 JavaThread "Sweeper thread" daemon [_thread_blocked, id=2244, stack(0x0000009770c00000,0x0000009770d00000)]
  0x0000022914eda800 JavaThread "Common-Cleaner" daemon [_thread_blocked, id=30672, stack(0x0000009770e00000,0x0000009770f00000)]

Other Threads:
  0x000002297f5a2000 VMThread "VM Thread" [stack: 0x0000009770400000,0x0000009770500000] [id=4640]
  0x0000022914ed9800 WatcherThread [stack: 0x0000009770d00000,0x0000009770e00000] [id=28124]
  0x0000022978ac7800 GCTaskThread "GC Thread#0" [stack: 0x000000976ff00000,0x0000009770000000] [id=24260]
  0x00000229152cd000 GCTaskThread "GC Thread#1" [stack: 0x0000009770f00000,0x0000009771000000] [id=2936]
  0x0000022919105000 GCTaskThread "GC Thread#2" [stack: 0x0000009771200000,0x0000009771300000] [id=25640]
  0x0000022917d35800 GCTaskThread "GC Thread#3" [stack: 0x0000009771300000,0x0000009771400000] [id=12812]
  0x0000022978af7000 ConcurrentGCThread "G1 Main Marker" [stack: 0x0000009770000000,0x0000009770100000] [id=27816]
  0x0000022978af9000 ConcurrentGCThread "G1 Conc#0" [stack: 0x0000009770100000,0x0000009770200000] [id=29004]
  0x0000022978b69800 ConcurrentGCThread "G1 Refine#0" [stack: 0x0000009770200000,0x0000009770300000] [id=25004]
  0x0000022916809800 ConcurrentGCThread "G1 Refine#1" [stack: 0x0000009771000000,0x0000009771100000] [id=29824]
  0x0000022917d96000 ConcurrentGCThread "G1 Refine#2" [stack: 0x0000009771100000,0x0000009771200000] [id=14564]
  0x0000022978b6a000 ConcurrentGCThread "G1 Young RemSet Sampling" [stack: 0x0000009770300000,0x0000009770400000] [id=20368]

Threads with active compile tasks:
C2 CompilerThread0  65289 14788       4       org.jetbrains.kotlin.resolve.calls.CallExpressionResolver::getSimpleNameExpressionTypeInfo (395 bytes)

VM state:not at safepoint (normal execution)

VM Mutex/Monitor currently owned by a thread: None

Heap address: 0x0000000085800000, size: 1960 MB, Compressed Oops mode: 32-bit
Narrow klass base: 0x0000000000000000, Narrow klass shift: 3
Compressed class space size: 1073741824 Address: 0x0000000100000000

Heap:
 garbage-first heap   total 317440K, used 180374K [0x0000000085800000, 0x0000000100000000)
  region size 1024K, 21 young (21504K), 7 survivors (7168K)
 Metaspace       used 63401K, capacity 64422K, committed 64512K, reserved 1105920K
  class space    used 7278K, capacity 7641K, committed 7680K, reserved 1048576K
Heap Regions: E=young(eden), S=young(survivor), O=old, HS=humongous(starts), HC=humongous(continues), CS=collection set, F=free, A=archive, TAMS=top-at-mark-start (previous, next)
|   0|0x0000000085800000, 0x0000000085900000, 0x0000000085900000|100%|HS|  |TAMS 0x0000000085900000, 0x0000000085800000| Complete 
|   1|0x0000000085900000, 0x0000000085a00000, 0x0000000085a00000|100%|HC|  |TAMS 0x0000000085a00000, 0x0000000085900000| Complete 
|   2|0x0000000085a00000, 0x0000000085b00000, 0x0000000085b00000|100%| O|  |TAMS 0x0000000085b00000, 0x0000000085a00000| Untracked 
|   3|0x0000000085b00000, 0x0000000085c00000, 0x0000000085c00000|100%| O|  |TAMS 0x0000000085c00000, 0x0000000085b00000| Untracked 
|   4|0x0000000085c00000, 0x0000000085d00000, 0x0000000085d00000|100%| O|  |TAMS 0x0000000085d00000, 0x0000000085c00000| Untracked 
|   5|0x0000000085d00000, 0x0000000085e00000, 0x0000000085e00000|100%|HS|  |TAMS 0x0000000085e00000, 0x0000000085d00000| Complete 
|   6|0x0000000085e00000, 0x0000000085f00000, 0x0000000085f00000|100%|HC|  |TAMS 0x0000000085f00000, 0x0000000085e00000| Complete 
|   7|0x0000000085f00000, 0x0000000086000000, 0x0000000086000000|100%| O|  |TAMS 0x0000000086000000, 0x0000000085f00000| Untracked 
|   8|0x0000000086000000, 0x0000000086100000, 0x0000000086100000|100%| O|  |TAMS 0x0000000086100000, 0x0000000086000000| Untracked 
|   9|0x0000000086100000, 0x0000000086200000, 0x0000000086200000|100%| O|  |TAMS 0x0000000086200000, 0x0000000086100000| Untracked 
|  10|0x0000000086200000, 0x0000000086300000, 0x0000000086300000|100%| O|  |TAMS 0x0000000086300000, 0x0000000086200000| Untracked 
|  11|0x0000000086300000, 0x0000000086400000, 0x0000000086400000|100%| O|  |TAMS 0x0000000086400000, 0x0000000086300000| Untracked 
|  12|0x0000000086400000, 0x0000000086500000, 0x0000000086500000|100%| O|  |TAMS 0x0000000086500000, 0x0000000086400000| Untracked 
|  13|0x0000000086500000, 0x0000000086600000, 0x0000000086600000|100%| O|  |TAMS 0x0000000086600000, 0x0000000086500000| Untracked 
|  14|0x0000000086600000, 0x0000000086700000, 0x0000000086700000|100%| O|  |TAMS 0x0000000086700000, 0x0000000086600000| Untracked 
|  15|0x0000000086700000, 0x0000000086800000, 0x0000000086800000|100%| O|  |TAMS 0x0000000086800000, 0x0000000086700000| Untracked 
|  16|0x0000000086800000, 0x0000000086900000, 0x0000000086900000|100%| O|  |TAMS 0x0000000086900000, 0x0000000086800000| Untracked 
|  17|0x0000000086900000, 0x0000000086a00000, 0x0000000086a00000|100%| O|  |TAMS 0x0000000086a00000, 0x0000000086900000| Untracked 
|  18|0x0000000086a00000, 0x0000000086b00000, 0x0000000086b00000|100%| O|  |TAMS 0x0000000086b00000, 0x0000000086a00000| Untracked 
|  19|0x0000000086b00000, 0x0000000086c00000, 0x0000000086c00000|100%| O|  |TAMS 0x0000000086c00000, 0x0000000086b00000| Untracked 
|  20|0x0000000086c00000, 0x0000000086d00000, 0x0000000086d00000|100%| O|  |TAMS 0x0000000086d00000, 0x0000000086c00000| Untracked 
|  21|0x0000000086d00000, 0x0000000086e00000, 0x0000000086e00000|100%| O|  |TAMS 0x0000000086e00000, 0x0000000086d00000| Untracked 
|  22|0x0000000086e00000, 0x0000000086f00000, 0x0000000086f00000|100%| O|  |TAMS 0x0000000086f00000, 0x0000000086e00000| Untracked 
|  23|0x0000000086f00000, 0x0000000087000000, 0x0000000087000000|100%| O|  |TAMS 0x0000000087000000, 0x0000000086f00000| Untracked 
|  24|0x0000000087000000, 0x0000000087100000, 0x0000000087100000|100%| O|  |TAMS 0x0000000087100000, 0x0000000087000000| Untracked 
|  25|0x0000000087100000, 0x0000000087200000, 0x0000000087200000|100%| O|  |TAMS 0x0000000087200000, 0x0000000087100000| Untracked 
|  26|0x0000000087200000, 0x0000000087300000, 0x0000000087300000|100%| O|  |TAMS 0x0000000087300000, 0x0000000087200000| Untracked 
|  27|0x0000000087300000, 0x0000000087400000, 0x0000000087400000|100%| O|  |TAMS 0x0000000087400000, 0x0000000087300000| Untracked 
|  28|0x0000000087400000, 0x0000000087500000, 0x0000000087500000|100%| O|  |TAMS 0x0000000087500000, 0x0000000087400000| Untracked 
|  29|0x0000000087500000, 0x0000000087600000, 0x0000000087600000|100%| O|  |TAMS 0x0000000087600000, 0x0000000087500000| Untracked 
|  30|0x0000000087600000, 0x0000000087700000, 0x0000000087700000|100%| O|  |TAMS 0x0000000087700000, 0x0000000087600000| Untracked 
|  31|0x0000000087700000, 0x0000000087800000, 0x0000000087800000|100%| O|  |TAMS 0x0000000087800000, 0x0000000087700000| Untracked 
|  32|0x0000000087800000, 0x0000000087900000, 0x0000000087900000|100%| O|  |TAMS 0x0000000087900000, 0x0000000087800000| Untracked 
|  33|0x0000000087900000, 0x0000000087a00000, 0x0000000087a00000|100%| O|  |TAMS 0x0000000087a00000, 0x0000000087900000| Untracked 
|  34|0x0000000087a00000, 0x0000000087b00000, 0x0000000087b00000|100%| O|  |TAMS 0x0000000087b00000, 0x0000000087a00000| Untracked 
|  35|0x0000000087b00000, 0x0000000087c00000, 0x0000000087c00000|100%| O|  |TAMS 0x0000000087c00000, 0x0000000087b00000| Untracked 
|  36|0x0000000087c00000, 0x0000000087d00000, 0x0000000087d00000|100%| O|  |TAMS 0x0000000087d00000, 0x0000000087c00000| Untracked 
|  37|0x0000000087d00000, 0x0000000087e00000, 0x0000000087e00000|100%| O|  |TAMS 0x0000000087e00000, 0x0000000087d00000| Untracked 
|  38|0x0000000087e00000, 0x0000000087f00000, 0x0000000087f00000|100%| O|  |TAMS 0x0000000087f00000, 0x0000000087e00000| Untracked 
|  39|0x0000000087f00000, 0x0000000088000000, 0x0000000088000000|100%| O|  |TAMS 0x0000000088000000, 0x0000000087f00000| Untracked 
|  40|0x0000000088000000, 0x0000000088100000, 0x0000000088100000|100%| O|  |TAMS 0x0000000088100000, 0x0000000088000000| Untracked 
|  41|0x0000000088100000, 0x0000000088200000, 0x0000000088200000|100%| O|  |TAMS 0x0000000088200000, 0x0000000088100000| Untracked 
|  42|0x0000000088200000, 0x0000000088300000, 0x0000000088300000|100%| O|  |TAMS 0x0000000088300000, 0x0000000088200000| Untracked 
|  43|0x0000000088300000, 0x0000000088400000, 0x0000000088400000|100%| O|  |TAMS 0x0000000088400000, 0x0000000088300000| Untracked 
|  44|0x0000000088400000, 0x0000000088500000, 0x0000000088500000|100%| O|  |TAMS 0x0000000088500000, 0x0000000088400000| Untracked 
|  45|0x0000000088500000, 0x0000000088600000, 0x0000000088600000|100%| O|  |TAMS 0x0000000088600000, 0x0000000088500000| Untracked 
|  46|0x0000000088600000, 0x0000000088700000, 0x0000000088700000|100%| O|  |TAMS 0x0000000088700000, 0x0000000088600000| Untracked 
|  47|0x0000000088700000, 0x0000000088800000, 0x0000000088800000|100%| O|  |TAMS 0x0000000088800000, 0x0000000088700000| Untracked 
|  48|0x0000000088800000, 0x0000000088900000, 0x0000000088900000|100%| O|  |TAMS 0x0000000088900000, 0x0000000088800000| Untracked 
|  49|0x0000000088900000, 0x0000000088a00000, 0x0000000088a00000|100%| O|  |TAMS 0x0000000088a00000, 0x0000000088900000| Untracked 
|  50|0x0000000088a00000, 0x0000000088b00000, 0x0000000088b00000|100%| O|  |TAMS 0x0000000088b00000, 0x0000000088a00000| Untracked 
|  51|0x0000000088b00000, 0x0000000088c00000, 0x0000000088c00000|100%| O|  |TAMS 0x0000000088c00000, 0x0000000088b00000| Untracked 
|  52|0x0000000088c00000, 0x0000000088d00000, 0x0000000088d00000|100%| O|  |TAMS 0x0000000088d00000, 0x0000000088c00000| Untracked 
|  53|0x0000000088d00000, 0x0000000088e00000, 0x0000000088e00000|100%| O|  |TAMS 0x0000000088e00000, 0x0000000088d00000| Untracked 
|  54|0x0000000088e00000, 0x0000000088f00000, 0x0000000088f00000|100%| O|  |TAMS 0x0000000088f00000, 0x0000000088e00000| Untracked 
|  55|0x0000000088f00000, 0x0000000089000000, 0x0000000089000000|100%| O|  |TAMS 0x0000000089000000, 0x0000000088f00000| Untracked 
|  56|0x0000000089000000, 0x0000000089100000, 0x0000000089100000|100%| O|  |TAMS 0x0000000089100000, 0x0000000089000000| Untracked 
|  57|0x0000000089100000, 0x0000000089200000, 0x0000000089200000|100%| O|  |TAMS 0x0000000089200000, 0x0000000089100000| Untracked 
|  58|0x0000000089200000, 0x0000000089300000, 0x0000000089300000|100%| O|  |TAMS 0x0000000089300000, 0x0000000089200000| Untracked 
|  59|0x0000000089300000, 0x0000000089400000, 0x0000000089400000|100%| O|  |TAMS 0x0000000089400000, 0x0000000089300000| Untracked 
|  60|0x0000000089400000, 0x0000000089500000, 0x0000000089500000|100%| O|  |TAMS 0x0000000089500000, 0x0000000089400000| Untracked 
|  61|0x0000000089500000, 0x0000000089600000, 0x0000000089600000|100%| O|  |TAMS 0x0000000089600000, 0x0000000089500000| Untracked 
|  62|0x0000000089600000, 0x0000000089700000, 0x0000000089700000|100%| O|  |TAMS 0x0000000089700000, 0x0000000089600000| Untracked 
|  63|0x0000000089700000, 0x0000000089800000, 0x0000000089800000|100%| O|  |TAMS 0x0000000089800000, 0x0000000089700000| Untracked 
|  64|0x0000000089800000, 0x0000000089900000, 0x0000000089900000|100%| O|  |TAMS 0x0000000089900000, 0x0000000089800000| Untracked 
|  65|0x0000000089900000, 0x0000000089a00000, 0x0000000089a00000|100%| O|  |TAMS 0x0000000089a00000, 0x0000000089900000| Untracked 
|  66|0x0000000089a00000, 0x0000000089b00000, 0x0000000089b00000|100%| O|  |TAMS 0x0000000089b00000, 0x0000000089a00000| Untracked 
|  67|0x0000000089b00000, 0x0000000089c00000, 0x0000000089c00000|100%| O|  |TAMS 0x0000000089c00000, 0x0000000089b00000| Untracked 
|  68|0x0000000089c00000, 0x0000000089d00000, 0x0000000089d00000|100%| O|  |TAMS 0x0000000089d00000, 0x0000000089c00000| Untracked 
|  69|0x0000000089d00000, 0x0000000089e00000, 0x0000000089e00000|100%| O|  |TAMS 0x0000000089e00000, 0x0000000089d00000| Untracked 
|  70|0x0000000089e00000, 0x0000000089f00000, 0x0000000089f00000|100%| O|  |TAMS 0x0000000089f00000, 0x0000000089e00000| Untracked 
|  71|0x0000000089f00000, 0x000000008a000000, 0x000000008a000000|100%| O|  |TAMS 0x000000008a000000, 0x0000000089f00000| Untracked 
|  72|0x000000008a000000, 0x000000008a100000, 0x000000008a100000|100%| O|  |TAMS 0x000000008a100000, 0x000000008a000000| Untracked 
|  73|0x000000008a100000, 0x000000008a200000, 0x000000008a200000|100%| O|  |TAMS 0x000000008a200000, 0x000000008a100000| Untracked 
|  74|0x000000008a200000, 0x000000008a300000, 0x000000008a300000|100%| O|  |TAMS 0x000000008a300000, 0x000000008a200000| Untracked 
|  75|0x000000008a300000, 0x000000008a400000, 0x000000008a400000|100%| O|  |TAMS 0x000000008a400000, 0x000000008a300000| Untracked 
|  76|0x000000008a400000, 0x000000008a500000, 0x000000008a500000|100%| O|  |TAMS 0x000000008a500000, 0x000000008a400000| Untracked 
|  77|0x000000008a500000, 0x000000008a600000, 0x000000008a600000|100%| O|  |TAMS 0x000000008a600000, 0x000000008a500000| Untracked 
|  78|0x000000008a600000, 0x000000008a700000, 0x000000008a700000|100%| O|  |TAMS 0x000000008a700000, 0x000000008a600000| Untracked 
|  79|0x000000008a700000, 0x000000008a800000, 0x000000008a800000|100%| O|  |TAMS 0x000000008a800000, 0x000000008a700000| Untracked 
|  80|0x000000008a800000, 0x000000008a900000, 0x000000008a900000|100%| O|  |TAMS 0x000000008a900000, 0x000000008a800000| Untracked 
|  81|0x000000008a900000, 0x000000008aa00000, 0x000000008aa00000|100%| O|  |TAMS 0x000000008aa00000, 0x000000008a900000| Untracked 
|  82|0x000000008aa00000, 0x000000008ab00000, 0x000000008ab00000|100%| O|  |TAMS 0x000000008ab00000, 0x000000008aa00000| Untracked 
|  83|0x000000008ab00000, 0x000000008ac00000, 0x000000008ac00000|100%| O|  |TAMS 0x000000008ac00000, 0x000000008ab00000| Untracked 
|  84|0x000000008ac00000, 0x000000008ad00000, 0x000000008ad00000|100%| O|  |TAMS 0x000000008ad00000, 0x000000008ac00000| Untracked 
|  85|0x000000008ad00000, 0x000000008ae00000, 0x000000008ae00000|100%| O|  |TAMS 0x000000008ae00000, 0x000000008ad00000| Untracked 
|  86|0x000000008ae00000, 0x000000008af00000, 0x000000008af00000|100%|HS|  |TAMS 0x000000008af00000, 0x000000008ae00000| Complete 
|  87|0x000000008af00000, 0x000000008b000000, 0x000000008b000000|100%|HC|  |TAMS 0x000000008b000000, 0x000000008af00000| Complete 
|  88|0x000000008b000000, 0x000000008b100000, 0x000000008b100000|100%|HC|  |TAMS 0x000000008b100000, 0x000000008b000000| Complete 
|  89|0x000000008b100000, 0x000000008b200000, 0x000000008b200000|100%| O|  |TAMS 0x000000008b200000, 0x000000008b100000| Untracked 
|  90|0x000000008b200000, 0x000000008b300000, 0x000000008b300000|100%| O|  |TAMS 0x000000008b300000, 0x000000008b200000| Untracked 
|  91|0x000000008b300000, 0x000000008b400000, 0x000000008b400000|100%| O|  |TAMS 0x000000008b400000, 0x000000008b300000| Untracked 
|  92|0x000000008b400000, 0x000000008b500000, 0x000000008b500000|100%| O|  |TAMS 0x000000008b500000, 0x000000008b400000| Untracked 
|  93|0x000000008b500000, 0x000000008b600000, 0x000000008b600000|100%| O|  |TAMS 0x000000008b600000, 0x000000008b500000| Untracked 
|  94|0x000000008b600000, 0x000000008b700000, 0x000000008b700000|100%| O|  |TAMS 0x000000008b700000, 0x000000008b600000| Untracked 
|  95|0x000000008b700000, 0x000000008b800000, 0x000000008b800000|100%| O|  |TAMS 0x000000008b800000, 0x000000008b700000| Untracked 
|  96|0x000000008b800000, 0x000000008b900000, 0x000000008b900000|100%| O|  |TAMS 0x000000008b900000, 0x000000008b800000| Untracked 
|  97|0x000000008b900000, 0x000000008ba00000, 0x000000008ba00000|100%| O|  |TAMS 0x000000008ba00000, 0x000000008b900000| Untracked 
|  98|0x000000008ba00000, 0x000000008bb00000, 0x000000008bb00000|100%| O|  |TAMS 0x000000008bb00000, 0x000000008ba00000| Untracked 
|  99|0x000000008bb00000, 0x000000008bc00000, 0x000000008bc00000|100%| O|  |TAMS 0x000000008bc00000, 0x000000008bb00000| Untracked 
| 100|0x000000008bc00000, 0x000000008bd00000, 0x000000008bd00000|100%| O|  |TAMS 0x000000008bd00000, 0x000000008bc00000| Untracked 
| 101|0x000000008bd00000, 0x000000008be00000, 0x000000008be00000|100%| O|  |TAMS 0x000000008be00000, 0x000000008bd00000| Untracked 
| 102|0x000000008be00000, 0x000000008bf00000, 0x000000008bf00000|100%| O|  |TAMS 0x000000008bf00000, 0x000000008be00000| Untracked 
| 103|0x000000008bf00000, 0x000000008c000000, 0x000000008c000000|100%| O|  |TAMS 0x000000008c000000, 0x000000008bf00000| Untracked 
| 104|0x000000008c000000, 0x000000008c100000, 0x000000008c100000|100%| O|  |TAMS 0x000000008c100000, 0x000000008c000000| Untracked 
| 105|0x000000008c100000, 0x000000008c200000, 0x000000008c200000|100%| O|  |TAMS 0x000000008c200000, 0x000000008c100000| Untracked 
| 106|0x000000008c200000, 0x000000008c300000, 0x000000008c300000|100%| O|  |TAMS 0x000000008c300000, 0x000000008c200000| Untracked 
| 107|0x000000008c300000, 0x000000008c400000, 0x000000008c400000|100%| O|  |TAMS 0x000000008c400000, 0x000000008c300000| Untracked 
| 108|0x000000008c400000, 0x000000008c500000, 0x000000008c500000|100%| O|  |TAMS 0x000000008c500000, 0x000000008c400000| Untracked 
| 109|0x000000008c500000, 0x000000008c600000, 0x000000008c600000|100%| O|  |TAMS 0x000000008c600000, 0x000000008c500000| Untracked 
| 110|0x000000008c600000, 0x000000008c700000, 0x000000008c700000|100%| O|  |TAMS 0x000000008c700000, 0x000000008c600000| Untracked 
| 111|0x000000008c700000, 0x000000008c800000, 0x000000008c800000|100%|HS|  |TAMS 0x000000008c800000, 0x000000008c700000| Complete 
| 112|0x000000008c800000, 0x000000008c900000, 0x000000008c900000|100%|HC|  |TAMS 0x000000008c900000, 0x000000008c800000| Complete 
| 113|0x000000008c900000, 0x000000008ca00000, 0x000000008ca00000|100%|HC|  |TAMS 0x000000008ca00000, 0x000000008c900000| Complete 
| 114|0x000000008ca00000, 0x000000008cb00000, 0x000000008cb00000|100%|HC|  |TAMS 0x000000008cb00000, 0x000000008ca00000| Complete 
| 115|0x000000008cb00000, 0x000000008cc00000, 0x000000008cc00000|100%|HC|  |TAMS 0x000000008cc00000, 0x000000008cb00000| Complete 
| 116|0x000000008cc00000, 0x000000008cd00000, 0x000000008cd00000|100%|HC|  |TAMS 0x000000008cd00000, 0x000000008cc00000| Complete 
| 117|0x000000008cd00000, 0x000000008ce00000, 0x000000008ce00000|100%|HC|  |TAMS 0x000000008ce00000, 0x000000008cd00000| Complete 
| 118|0x000000008ce00000, 0x000000008cf00000, 0x000000008cf00000|100%|HC|  |TAMS 0x000000008cf00000, 0x000000008ce00000| Complete 
| 119|0x000000008cf00000, 0x000000008d000000, 0x000000008d000000|100%|HC|  |TAMS 0x000000008d000000, 0x000000008cf00000| Complete 
| 120|0x000000008d000000, 0x000000008d100000, 0x000000008d100000|100%| O|  |TAMS 0x000000008d100000, 0x000000008d000000| Untracked 
| 121|0x000000008d100000, 0x000000008d200000, 0x000000008d200000|100%| O|  |TAMS 0x000000008d200000, 0x000000008d100000| Untracked 
| 122|0x000000008d200000, 0x000000008d300000, 0x000000008d300000|100%| O|  |TAMS 0x000000008d300000, 0x000000008d200000| Untracked 
| 123|0x000000008d300000, 0x000000008d400000, 0x000000008d400000|100%| O|  |TAMS 0x000000008d400000, 0x000000008d300000| Untracked 
| 124|0x000000008d400000, 0x000000008d500000, 0x000000008d500000|100%| O|  |TAMS 0x000000008d500000, 0x000000008d400000| Untracked 
| 125|0x000000008d500000, 0x000000008d600000, 0x000000008d600000|100%| O|  |TAMS 0x000000008d600000, 0x000000008d500000| Untracked 
| 126|0x000000008d600000, 0x000000008d700000, 0x000000008d700000|100%| O|  |TAMS 0x000000008d700000, 0x000000008d600000| Untracked 
| 127|0x000000008d700000, 0x000000008d800000, 0x000000008d800000|100%| O|  |TAMS 0x000000008d800000, 0x000000008d700000| Untracked 
| 128|0x000000008d800000, 0x000000008d900000, 0x000000008d900000|100%| O|  |TAMS 0x000000008d900000, 0x000000008d800000| Untracked 
| 129|0x000000008d900000, 0x000000008da00000, 0x000000008da00000|100%| O|  |TAMS 0x000000008da00000, 0x000000008d900000| Untracked 
| 130|0x000000008da00000, 0x000000008db00000, 0x000000008db00000|100%| O|  |TAMS 0x000000008db00000, 0x000000008da00000| Untracked 
| 131|0x000000008db00000, 0x000000008dc00000, 0x000000008dc00000|100%| O|  |TAMS 0x000000008dc00000, 0x000000008db00000| Untracked 
| 132|0x000000008dc00000, 0x000000008dd00000, 0x000000008dd00000|100%| O|  |TAMS 0x000000008dd00000, 0x000000008dc00000| Untracked 
| 133|0x000000008dd00000, 0x000000008de00000, 0x000000008de00000|100%| O|  |TAMS 0x000000008de00000, 0x000000008dd00000| Untracked 
| 134|0x000000008de00000, 0x000000008df00000, 0x000000008df00000|100%| O|  |TAMS 0x000000008df00000, 0x000000008de00000| Untracked 
| 135|0x000000008df00000, 0x000000008e000000, 0x000000008e000000|100%| O|  |TAMS 0x000000008e000000, 0x000000008df00000| Untracked 
| 136|0x000000008e000000, 0x000000008e100000, 0x000000008e100000|100%| O|  |TAMS 0x000000008e100000, 0x000000008e000000| Untracked 
| 137|0x000000008e100000, 0x000000008e200000, 0x000000008e200000|100%| O|  |TAMS 0x000000008e200000, 0x000000008e100000| Untracked 
| 138|0x000000008e200000, 0x000000008e300000, 0x000000008e300000|100%| O|  |TAMS 0x000000008e300000, 0x000000008e200000| Untracked 
| 139|0x000000008e300000, 0x000000008e400000, 0x000000008e400000|100%| O|  |TAMS 0x000000008e400000, 0x000000008e300000| Untracked 
| 140|0x000000008e400000, 0x000000008e500000, 0x000000008e500000|100%| O|  |TAMS 0x000000008e500000, 0x000000008e400000| Untracked 
| 141|0x000000008e500000, 0x000000008e600000, 0x000000008e600000|100%| O|  |TAMS 0x000000008e600000, 0x000000008e500000| Untracked 
| 142|0x000000008e600000, 0x000000008e700000, 0x000000008e700000|100%| O|  |TAMS 0x000000008e700000, 0x000000008e600000| Untracked 
| 143|0x000000008e700000, 0x000000008e800000, 0x000000008e800000|100%| O|  |TAMS 0x000000008e800000, 0x000000008e700000| Untracked 
| 144|0x000000008e800000, 0x000000008e900000, 0x000000008e900000|100%| O|  |TAMS 0x000000008e900000, 0x000000008e800000| Untracked 
| 145|0x000000008e900000, 0x000000008ea00000, 0x000000008ea00000|100%| O|  |TAMS 0x000000008ea00000, 0x000000008e900000| Untracked 
| 146|0x000000008ea00000, 0x000000008eb00000, 0x000000008eb00000|100%| O|  |TAMS 0x000000008eb00000, 0x000000008ea00000| Untracked 
| 147|0x000000008eb00000, 0x000000008ec00000, 0x000000008ec00000|100%| O|  |TAMS 0x000000008ec00000, 0x000000008eb00000| Untracked 
| 148|0x000000008ec00000, 0x000000008ed00000, 0x000000008ed00000|100%| O|  |TAMS 0x000000008ed00000, 0x000000008ec00000| Untracked 
| 149|0x000000008ed00000, 0x000000008ee00000, 0x000000008ee00000|100%| O|  |TAMS 0x000000008ee00000, 0x000000008ed00000| Untracked 
| 150|0x000000008ee00000, 0x000000008ef00000, 0x000000008ef00000|100%| O|  |TAMS 0x000000008ef00000, 0x000000008ee00000| Untracked 
| 151|0x000000008ef00000, 0x000000008f000000, 0x000000008f000000|100%| O|  |TAMS 0x000000008f000000, 0x000000008ef00000| Untracked 
| 152|0x000000008f000000, 0x000000008f100000, 0x000000008f100000|100%| O|  |TAMS 0x000000008f100000, 0x000000008f000000| Untracked 
| 153|0x000000008f100000, 0x000000008f200000, 0x000000008f200000|100%| O|  |TAMS 0x000000008f14a400, 0x000000008f100000| Untracked 
| 154|0x000000008f200000, 0x000000008f300000, 0x000000008f300000|100%| O|  |TAMS 0x000000008f200000, 0x000000008f200000| Untracked 
| 155|0x000000008f300000, 0x000000008f400000, 0x000000008f400000|100%| O|  |TAMS 0x000000008f300000, 0x000000008f300000| Untracked 
| 156|0x000000008f400000, 0x000000008f48e400, 0x000000008f500000| 55%| O|  |TAMS 0x000000008f400000, 0x000000008f400000| Untracked 
| 157|0x000000008f500000, 0x000000008f500000, 0x000000008f600000|  0%| F|  |TAMS 0x000000008f500000, 0x000000008f500000| Untracked 
| 158|0x000000008f600000, 0x000000008f600000, 0x000000008f700000|  0%| F|  |TAMS 0x000000008f600000, 0x000000008f600000| Untracked 
| 159|0x000000008f700000, 0x000000008f700000, 0x000000008f800000|  0%| F|  |TAMS 0x000000008f700000, 0x000000008f700000| Untracked 
| 160|0x000000008f800000, 0x000000008f800000, 0x000000008f900000|  0%| F|  |TAMS 0x000000008f800000, 0x000000008f800000| Untracked 
| 161|0x000000008f900000, 0x000000008f900000, 0x000000008fa00000|  0%| F|  |TAMS 0x000000008f900000, 0x000000008f900000| Untracked 
| 162|0x000000008fa00000, 0x000000008fa00000, 0x000000008fb00000|  0%| F|  |TAMS 0x000000008fa00000, 0x000000008fa00000| Untracked 
| 163|0x000000008fb00000, 0x000000008fb00000, 0x000000008fc00000|  0%| F|  |TAMS 0x000000008fb00000, 0x000000008fb00000| Untracked 
| 164|0x000000008fc00000, 0x000000008fc00000, 0x000000008fd00000|  0%| F|  |TAMS 0x000000008fc00000, 0x000000008fc00000| Untracked 
| 165|0x000000008fd00000, 0x000000008fd00000, 0x000000008fe00000|  0%| F|  |TAMS 0x000000008fd00000, 0x000000008fd00000| Untracked 
| 166|0x000000008fe00000, 0x000000008fe00000, 0x000000008ff00000|  0%| F|  |TAMS 0x000000008fe00000, 0x000000008fe00000| Untracked 
| 167|0x000000008ff00000, 0x000000008ff00000, 0x0000000090000000|  0%| F|  |TAMS 0x000000008ff00000, 0x000000008ff00000| Untracked 
| 168|0x0000000090000000, 0x0000000090000000, 0x0000000090100000|  0%| F|  |TAMS 0x0000000090000000, 0x0000000090000000| Untracked 
| 169|0x0000000090100000, 0x0000000090100000, 0x0000000090200000|  0%| F|  |TAMS 0x0000000090100000, 0x0000000090100000| Untracked 
| 170|0x0000000090200000, 0x0000000090200000, 0x0000000090300000|  0%| F|  |TAMS 0x0000000090200000, 0x0000000090200000| Untracked 
| 171|0x0000000090300000, 0x0000000090300000, 0x0000000090400000|  0%| F|  |TAMS 0x0000000090300000, 0x0000000090300000| Untracked 
| 172|0x0000000090400000, 0x0000000090400000, 0x0000000090500000|  0%| F|  |TAMS 0x0000000090400000, 0x0000000090400000| Untracked 
| 173|0x0000000090500000, 0x0000000090500000, 0x0000000090600000|  0%| F|  |TAMS 0x0000000090500000, 0x0000000090500000| Untracked 
| 174|0x0000000090600000, 0x0000000090600000, 0x0000000090700000|  0%| F|  |TAMS 0x0000000090600000, 0x0000000090600000| Untracked 
| 175|0x0000000090700000, 0x0000000090700000, 0x0000000090800000|  0%| F|  |TAMS 0x0000000090700000, 0x0000000090700000| Untracked 
| 176|0x0000000090800000, 0x0000000090800000, 0x0000000090900000|  0%| F|  |TAMS 0x0000000090800000, 0x0000000090800000| Untracked 
| 177|0x0000000090900000, 0x0000000090900000, 0x0000000090a00000|  0%| F|  |TAMS 0x0000000090900000, 0x0000000090900000| Untracked 
| 178|0x0000000090a00000, 0x0000000090a00000, 0x0000000090b00000|  0%| F|  |TAMS 0x0000000090a00000, 0x0000000090a00000| Untracked 
| 179|0x0000000090b00000, 0x0000000090b00000, 0x0000000090c00000|  0%| F|  |TAMS 0x0000000090b00000, 0x0000000090b00000| Untracked 
| 180|0x0000000090c00000, 0x0000000090c00000, 0x0000000090d00000|  0%| F|  |TAMS 0x0000000090c00000, 0x0000000090c00000| Untracked 
| 181|0x0000000090d00000, 0x0000000090d00000, 0x0000000090e00000|  0%| F|  |TAMS 0x0000000090d00000, 0x0000000090d00000| Untracked 
| 182|0x0000000090e00000, 0x0000000090e00000, 0x0000000090f00000|  0%| F|  |TAMS 0x0000000090e00000, 0x0000000090e00000| Untracked 
| 183|0x0000000090f00000, 0x0000000090f00000, 0x0000000091000000|  0%| F|  |TAMS 0x0000000090f00000, 0x0000000090f00000| Untracked 
| 184|0x0000000091000000, 0x0000000091000000, 0x0000000091100000|  0%| F|  |TAMS 0x0000000091000000, 0x0000000091000000| Untracked 
| 185|0x0000000091100000, 0x00000000911976d0, 0x0000000091200000| 59%| S|CS|TAMS 0x0000000091100000, 0x0000000091100000| Complete 
| 186|0x0000000091200000, 0x0000000091300000, 0x0000000091300000|100%| S|CS|TAMS 0x0000000091200000, 0x0000000091200000| Complete 
| 187|0x0000000091300000, 0x0000000091300000, 0x0000000091400000|  0%| F|  |TAMS 0x0000000091300000, 0x0000000091300000| Untracked 
| 188|0x0000000091400000, 0x0000000091400000, 0x0000000091500000|  0%| F|  |TAMS 0x0000000091400000, 0x0000000091400000| Untracked 
| 189|0x0000000091500000, 0x0000000091500000, 0x0000000091600000|  0%| F|  |TAMS 0x0000000091500000, 0x0000000091500000| Untracked 
| 190|0x0000000091600000, 0x0000000091600000, 0x0000000091700000|  0%| F|  |TAMS 0x0000000091600000, 0x0000000091600000| Untracked 
| 191|0x0000000091700000, 0x0000000091700000, 0x0000000091800000|  0%| F|  |TAMS 0x0000000091700000, 0x0000000091700000| Untracked 
| 192|0x0000000091800000, 0x0000000091800000, 0x0000000091900000|  0%| F|  |TAMS 0x0000000091800000, 0x0000000091800000| Untracked 
| 193|0x0000000091900000, 0x0000000091a00000, 0x0000000091a00000|100%| S|CS|TAMS 0x0000000091900000, 0x0000000091900000| Complete 
| 194|0x0000000091a00000, 0x0000000091b00000, 0x0000000091b00000|100%| S|CS|TAMS 0x0000000091a00000, 0x0000000091a00000| Complete 
| 195|0x0000000091b00000, 0x0000000091c00000, 0x0000000091c00000|100%| S|CS|TAMS 0x0000000091b00000, 0x0000000091b00000| Complete 
| 196|0x0000000091c00000, 0x0000000091d00000, 0x0000000091d00000|100%| S|CS|TAMS 0x0000000091c00000, 0x0000000091c00000| Complete 
| 197|0x0000000091d00000, 0x0000000091e00000, 0x0000000091e00000|100%| S|CS|TAMS 0x0000000091d00000, 0x0000000091d00000| Complete 
| 198|0x0000000091e00000, 0x0000000091e00000, 0x0000000091f00000|  0%| F|  |TAMS 0x0000000091e00000, 0x0000000091e00000| Untracked 
| 199|0x0000000091f00000, 0x0000000091f00000, 0x0000000092000000|  0%| F|  |TAMS 0x0000000091f00000, 0x0000000091f00000| Untracked 
| 200|0x0000000092000000, 0x0000000092000000, 0x0000000092100000|  0%| F|  |TAMS 0x0000000092000000, 0x0000000092000000| Untracked 
| 201|0x0000000092100000, 0x0000000092100000, 0x0000000092200000|  0%| F|  |TAMS 0x0000000092100000, 0x0000000092100000| Untracked 
| 202|0x0000000092200000, 0x0000000092200000, 0x0000000092300000|  0%| F|  |TAMS 0x0000000092200000, 0x0000000092200000| Untracked 
| 203|0x0000000092300000, 0x0000000092300000, 0x0000000092400000|  0%| F|  |TAMS 0x0000000092300000, 0x0000000092300000| Untracked 
| 204|0x0000000092400000, 0x0000000092400000, 0x0000000092500000|  0%| F|  |TAMS 0x0000000092400000, 0x0000000092400000| Untracked 
| 205|0x0000000092500000, 0x0000000092500000, 0x0000000092600000|  0%| F|  |TAMS 0x0000000092500000, 0x0000000092500000| Untracked 
| 206|0x0000000092600000, 0x0000000092600000, 0x0000000092700000|  0%| F|  |TAMS 0x0000000092600000, 0x0000000092600000| Untracked 
| 207|0x0000000092700000, 0x0000000092700000, 0x0000000092800000|  0%| F|  |TAMS 0x0000000092700000, 0x0000000092700000| Untracked 
| 208|0x0000000092800000, 0x0000000092800000, 0x0000000092900000|  0%| F|  |TAMS 0x0000000092800000, 0x0000000092800000| Untracked 
| 209|0x0000000092900000, 0x0000000092900000, 0x0000000092a00000|  0%| F|  |TAMS 0x0000000092900000, 0x0000000092900000| Untracked 
| 210|0x0000000092a00000, 0x0000000092a00000, 0x0000000092b00000|  0%| F|  |TAMS 0x0000000092a00000, 0x0000000092a00000| Untracked 
| 211|0x0000000092b00000, 0x0000000092b00000, 0x0000000092c00000|  0%| F|  |TAMS 0x0000000092b00000, 0x0000000092b00000| Untracked 
| 212|0x0000000092c00000, 0x0000000092c00000, 0x0000000092d00000|  0%| F|  |TAMS 0x0000000092c00000, 0x0000000092c00000| Untracked 
| 213|0x0000000092d00000, 0x0000000092d00000, 0x0000000092e00000|  0%| F|  |TAMS 0x0000000092d00000, 0x0000000092d00000| Untracked 
| 214|0x0000000092e00000, 0x0000000092e00000, 0x0000000092f00000|  0%| F|  |TAMS 0x0000000092e00000, 0x0000000092e00000| Untracked 
| 215|0x0000000092f00000, 0x0000000092f00000, 0x0000000093000000|  0%| F|  |TAMS 0x0000000092f00000, 0x0000000092f00000| Untracked 
| 216|0x0000000093000000, 0x0000000093000000, 0x0000000093100000|  0%| F|  |TAMS 0x0000000093000000, 0x0000000093000000| Untracked 
| 217|0x0000000093100000, 0x0000000093100000, 0x0000000093200000|  0%| F|  |TAMS 0x0000000093100000, 0x0000000093100000| Untracked 
| 218|0x0000000093200000, 0x0000000093200000, 0x0000000093300000|  0%| F|  |TAMS 0x0000000093200000, 0x0000000093200000| Untracked 
| 219|0x0000000093300000, 0x0000000093300000, 0x0000000093400000|  0%| F|  |TAMS 0x0000000093300000, 0x0000000093300000| Untracked 
| 220|0x0000000093400000, 0x0000000093400000, 0x0000000093500000|  0%| F|  |TAMS 0x0000000093400000, 0x0000000093400000| Untracked 
| 221|0x0000000093500000, 0x0000000093500000, 0x0000000093600000|  0%| F|  |TAMS 0x0000000093500000, 0x0000000093500000| Untracked 
| 222|0x0000000093600000, 0x0000000093600000, 0x0000000093700000|  0%| F|  |TAMS 0x0000000093600000, 0x0000000093600000| Untracked 
| 223|0x0000000093700000, 0x0000000093700000, 0x0000000093800000|  0%| F|  |TAMS 0x0000000093700000, 0x0000000093700000| Untracked 
| 224|0x0000000093800000, 0x0000000093800000, 0x0000000093900000|  0%| F|  |TAMS 0x0000000093800000, 0x0000000093800000| Untracked 
| 225|0x0000000093900000, 0x0000000093900000, 0x0000000093a00000|  0%| F|  |TAMS 0x0000000093900000, 0x0000000093900000| Untracked 
| 226|0x0000000093a00000, 0x0000000093a00000, 0x0000000093b00000|  0%| F|  |TAMS 0x0000000093a00000, 0x0000000093a00000| Untracked 
| 227|0x0000000093b00000, 0x0000000093b00000, 0x0000000093c00000|  0%| F|  |TAMS 0x0000000093b00000, 0x0000000093b00000| Untracked 
| 228|0x0000000093c00000, 0x0000000093c00000, 0x0000000093d00000|  0%| F|  |TAMS 0x0000000093c00000, 0x0000000093c00000| Untracked 
| 229|0x0000000093d00000, 0x0000000093d00000, 0x0000000093e00000|  0%| F|  |TAMS 0x0000000093d00000, 0x0000000093d00000| Untracked 
| 230|0x0000000093e00000, 0x0000000093e00000, 0x0000000093f00000|  0%| F|  |TAMS 0x0000000093e00000, 0x0000000093e00000| Untracked 
| 231|0x0000000093f00000, 0x0000000093f00000, 0x0000000094000000|  0%| F|  |TAMS 0x0000000093f00000, 0x0000000093f00000| Untracked 
| 232|0x0000000094000000, 0x0000000094000000, 0x0000000094100000|  0%| F|  |TAMS 0x0000000094000000, 0x0000000094000000| Untracked 
| 233|0x0000000094100000, 0x0000000094100000, 0x0000000094200000|  0%| F|  |TAMS 0x0000000094100000, 0x0000000094100000| Untracked 
| 234|0x0000000094200000, 0x0000000094200000, 0x0000000094300000|  0%| F|  |TAMS 0x0000000094200000, 0x0000000094200000| Untracked 
| 235|0x0000000094300000, 0x0000000094300000, 0x0000000094400000|  0%| F|  |TAMS 0x0000000094300000, 0x0000000094300000| Untracked 
| 236|0x0000000094400000, 0x0000000094400000, 0x0000000094500000|  0%| F|  |TAMS 0x0000000094400000, 0x0000000094400000| Untracked 
| 237|0x0000000094500000, 0x0000000094500000, 0x0000000094600000|  0%| F|  |TAMS 0x0000000094500000, 0x0000000094500000| Untracked 
| 238|0x0000000094600000, 0x0000000094600000, 0x0000000094700000|  0%| F|  |TAMS 0x0000000094600000, 0x0000000094600000| Untracked 
| 239|0x0000000094700000, 0x0000000094700000, 0x0000000094800000|  0%| F|  |TAMS 0x0000000094700000, 0x0000000094700000| Untracked 
| 240|0x0000000094800000, 0x0000000094800000, 0x0000000094900000|  0%| F|  |TAMS 0x0000000094800000, 0x0000000094800000| Untracked 
| 241|0x0000000094900000, 0x0000000094900000, 0x0000000094a00000|  0%| F|  |TAMS 0x0000000094900000, 0x0000000094900000| Untracked 
| 242|0x0000000094a00000, 0x0000000094a00000, 0x0000000094b00000|  0%| F|  |TAMS 0x0000000094a00000, 0x0000000094a00000| Untracked 
| 243|0x0000000094b00000, 0x0000000094b00000, 0x0000000094c00000|  0%| F|  |TAMS 0x0000000094b00000, 0x0000000094b00000| Untracked 
| 244|0x0000000094c00000, 0x0000000094c00000, 0x0000000094d00000|  0%| F|  |TAMS 0x0000000094c00000, 0x0000000094c00000| Untracked 
| 245|0x0000000094d00000, 0x0000000094d00000, 0x0000000094e00000|  0%| F|  |TAMS 0x0000000094d00000, 0x0000000094d00000| Untracked 
| 246|0x0000000094e00000, 0x0000000094e00000, 0x0000000094f00000|  0%| F|  |TAMS 0x0000000094e00000, 0x0000000094e00000| Untracked 
| 247|0x0000000094f00000, 0x0000000094f00000, 0x0000000095000000|  0%| F|  |TAMS 0x0000000094f00000, 0x0000000094f00000| Untracked 
| 248|0x0000000095000000, 0x0000000095000000, 0x0000000095100000|  0%| F|  |TAMS 0x0000000095000000, 0x0000000095000000| Untracked 
| 249|0x0000000095100000, 0x0000000095100000, 0x0000000095200000|  0%| F|  |TAMS 0x0000000095100000, 0x0000000095100000| Untracked 
| 250|0x0000000095200000, 0x0000000095200000, 0x0000000095300000|  0%| F|  |TAMS 0x0000000095200000, 0x0000000095200000| Untracked 
| 251|0x0000000095300000, 0x0000000095300000, 0x0000000095400000|  0%| F|  |TAMS 0x0000000095300000, 0x0000000095300000| Untracked 
| 252|0x0000000095400000, 0x0000000095400000, 0x0000000095500000|  0%| F|  |TAMS 0x0000000095400000, 0x0000000095400000| Untracked 
| 253|0x0000000095500000, 0x0000000095500000, 0x0000000095600000|  0%| F|  |TAMS 0x0000000095500000, 0x0000000095500000| Untracked 
| 254|0x0000000095600000, 0x0000000095600000, 0x0000000095700000|  0%| F|  |TAMS 0x0000000095600000, 0x0000000095600000| Untracked 
| 255|0x0000000095700000, 0x0000000095700000, 0x0000000095800000|  0%| F|  |TAMS 0x0000000095700000, 0x0000000095700000| Untracked 
| 256|0x0000000095800000, 0x0000000095800000, 0x0000000095900000|  0%| F|  |TAMS 0x0000000095800000, 0x0000000095800000| Untracked 
| 257|0x0000000095900000, 0x0000000095900000, 0x0000000095a00000|  0%| F|  |TAMS 0x0000000095900000, 0x0000000095900000| Untracked 
| 258|0x0000000095a00000, 0x0000000095a00000, 0x0000000095b00000|  0%| F|  |TAMS 0x0000000095a00000, 0x0000000095a00000| Untracked 
| 259|0x0000000095b00000, 0x0000000095b00000, 0x0000000095c00000|  0%| F|  |TAMS 0x0000000095b00000, 0x0000000095b00000| Untracked 
| 260|0x0000000095c00000, 0x0000000095c00000, 0x0000000095d00000|  0%| F|  |TAMS 0x0000000095c00000, 0x0000000095c00000| Untracked 
| 261|0x0000000095d00000, 0x0000000095d00000, 0x0000000095e00000|  0%| F|  |TAMS 0x0000000095d00000, 0x0000000095d00000| Untracked 
| 262|0x0000000095e00000, 0x0000000095e00000, 0x0000000095f00000|  0%| F|  |TAMS 0x0000000095e00000, 0x0000000095e00000| Untracked 
| 263|0x0000000095f00000, 0x0000000095f00000, 0x0000000096000000|  0%| F|  |TAMS 0x0000000095f00000, 0x0000000095f00000| Untracked 
| 264|0x0000000096000000, 0x0000000096000000, 0x0000000096100000|  0%| F|  |TAMS 0x0000000096000000, 0x0000000096000000| Untracked 
| 265|0x0000000096100000, 0x0000000096100000, 0x0000000096200000|  0%| F|  |TAMS 0x0000000096100000, 0x0000000096100000| Untracked 
| 266|0x0000000096200000, 0x0000000096200000, 0x0000000096300000|  0%| F|  |TAMS 0x0000000096200000, 0x0000000096200000| Untracked 
| 267|0x0000000096300000, 0x0000000096300000, 0x0000000096400000|  0%| F|  |TAMS 0x0000000096300000, 0x0000000096300000| Untracked 
| 268|0x0000000096400000, 0x0000000096400000, 0x0000000096500000|  0%| F|  |TAMS 0x0000000096400000, 0x0000000096400000| Untracked 
| 269|0x0000000096500000, 0x0000000096500000, 0x0000000096600000|  0%| F|  |TAMS 0x0000000096500000, 0x0000000096500000| Untracked 
| 270|0x0000000096600000, 0x0000000096600000, 0x0000000096700000|  0%| F|  |TAMS 0x0000000096600000, 0x0000000096600000| Untracked 
| 271|0x0000000096700000, 0x0000000096700000, 0x0000000096800000|  0%| F|  |TAMS 0x0000000096700000, 0x0000000096700000| Untracked 
| 272|0x0000000096800000, 0x0000000096800000, 0x0000000096900000|  0%| F|  |TAMS 0x0000000096800000, 0x0000000096800000| Untracked 
| 273|0x0000000096900000, 0x0000000096900000, 0x0000000096a00000|  0%| F|  |TAMS 0x0000000096900000, 0x0000000096900000| Untracked 
| 274|0x0000000096a00000, 0x0000000096a00000, 0x0000000096b00000|  0%| F|  |TAMS 0x0000000096a00000, 0x0000000096a00000| Untracked 
| 275|0x0000000096b00000, 0x0000000096b00000, 0x0000000096c00000|  0%| F|  |TAMS 0x0000000096b00000, 0x0000000096b00000| Untracked 
| 276|0x0000000096c00000, 0x0000000096c00000, 0x0000000096d00000|  0%| F|  |TAMS 0x0000000096c00000, 0x0000000096c00000| Untracked 
| 277|0x0000000096d00000, 0x0000000096d00000, 0x0000000096e00000|  0%| F|  |TAMS 0x0000000096d00000, 0x0000000096d00000| Untracked 
| 278|0x0000000096e00000, 0x0000000096e00000, 0x0000000096f00000|  0%| F|  |TAMS 0x0000000096e00000, 0x0000000096e00000| Untracked 
| 279|0x0000000096f00000, 0x0000000096f00000, 0x0000000097000000|  0%| F|  |TAMS 0x0000000096f00000, 0x0000000096f00000| Untracked 
| 280|0x0000000097000000, 0x0000000097000000, 0x0000000097100000|  0%| F|  |TAMS 0x0000000097000000, 0x0000000097000000| Untracked 
| 281|0x0000000097100000, 0x0000000097100000, 0x0000000097200000|  0%| F|  |TAMS 0x0000000097100000, 0x0000000097100000| Untracked 
| 282|0x0000000097200000, 0x0000000097200000, 0x0000000097300000|  0%| F|  |TAMS 0x0000000097200000, 0x0000000097200000| Untracked 
| 283|0x0000000097300000, 0x0000000097300000, 0x0000000097400000|  0%| F|  |TAMS 0x0000000097300000, 0x0000000097300000| Untracked 
| 284|0x0000000097400000, 0x0000000097400000, 0x0000000097500000|  0%| F|  |TAMS 0x0000000097400000, 0x0000000097400000| Untracked 
| 285|0x0000000097500000, 0x0000000097500000, 0x0000000097600000|  0%| F|  |TAMS 0x0000000097500000, 0x0000000097500000| Untracked 
| 286|0x0000000097600000, 0x0000000097600000, 0x0000000097700000|  0%| F|  |TAMS 0x0000000097600000, 0x0000000097600000| Untracked 
| 287|0x0000000097700000, 0x0000000097700000, 0x0000000097800000|  0%| F|  |TAMS 0x0000000097700000, 0x0000000097700000| Untracked 
| 288|0x0000000097800000, 0x0000000097800000, 0x0000000097900000|  0%| F|  |TAMS 0x0000000097800000, 0x0000000097800000| Untracked 
| 289|0x0000000097900000, 0x0000000097900000, 0x0000000097a00000|  0%| F|  |TAMS 0x0000000097900000, 0x0000000097900000| Untracked 
| 290|0x0000000097a00000, 0x0000000097a00000, 0x0000000097b00000|  0%| F|  |TAMS 0x0000000097a00000, 0x0000000097a00000| Untracked 
| 291|0x0000000097b00000, 0x0000000097b00000, 0x0000000097c00000|  0%| F|  |TAMS 0x0000000097b00000, 0x0000000097b00000| Untracked 
| 292|0x0000000097c00000, 0x0000000097c00000, 0x0000000097d00000|  0%| F|  |TAMS 0x0000000097c00000, 0x0000000097c00000| Untracked 
| 293|0x0000000097d00000, 0x0000000097d00000, 0x0000000097e00000|  0%| F|  |TAMS 0x0000000097d00000, 0x0000000097d00000| Untracked 
| 294|0x0000000097e00000, 0x0000000097e00000, 0x0000000097f00000|  0%| F|  |TAMS 0x0000000097e00000, 0x0000000097e00000| Untracked 
| 295|0x0000000097f00000, 0x0000000098000000, 0x0000000098000000|100%| E|  |TAMS 0x0000000097f00000, 0x0000000097f00000| Complete 
| 296|0x0000000098000000, 0x0000000098100000, 0x0000000098100000|100%| E|CS|TAMS 0x0000000098000000, 0x0000000098000000| Complete 
| 297|0x0000000098100000, 0x0000000098200000, 0x0000000098200000|100%| E|CS|TAMS 0x0000000098100000, 0x0000000098100000| Complete 
| 298|0x0000000098200000, 0x0000000098300000, 0x0000000098300000|100%| E|CS|TAMS 0x0000000098200000, 0x0000000098200000| Complete 
| 299|0x0000000098300000, 0x0000000098400000, 0x0000000098400000|100%| E|CS|TAMS 0x0000000098300000, 0x0000000098300000| Complete 
| 300|0x0000000098400000, 0x0000000098500000, 0x0000000098500000|100%| E|CS|TAMS 0x0000000098400000, 0x0000000098400000| Complete 
| 301|0x0000000098500000, 0x0000000098600000, 0x0000000098600000|100%| E|CS|TAMS 0x0000000098500000, 0x0000000098500000| Complete 
| 302|0x0000000098600000, 0x0000000098700000, 0x0000000098700000|100%| E|CS|TAMS 0x0000000098600000, 0x0000000098600000| Complete 
| 303|0x0000000098700000, 0x0000000098800000, 0x0000000098800000|100%| E|CS|TAMS 0x0000000098700000, 0x0000000098700000| Complete 
| 304|0x0000000098800000, 0x0000000098900000, 0x0000000098900000|100%| E|CS|TAMS 0x0000000098800000, 0x0000000098800000| Complete 
| 305|0x0000000098900000, 0x0000000098a00000, 0x0000000098a00000|100%| E|CS|TAMS 0x0000000098900000, 0x0000000098900000| Complete 
| 306|0x0000000098a00000, 0x0000000098b00000, 0x0000000098b00000|100%| E|CS|TAMS 0x0000000098a00000, 0x0000000098a00000| Complete 
| 307|0x0000000098b00000, 0x0000000098c00000, 0x0000000098c00000|100%| E|CS|TAMS 0x0000000098b00000, 0x0000000098b00000| Complete 
| 308|0x0000000098c00000, 0x0000000098d00000, 0x0000000098d00000|100%| E|CS|TAMS 0x0000000098c00000, 0x0000000098c00000| Complete 
| 309|0x0000000098d00000, 0x0000000098e00000, 0x0000000098e00000|100%| E|CS|TAMS 0x0000000098d00000, 0x0000000098d00000| Complete 

Card table byte_map: [0x000002297e7a0000,0x000002297eb80000] _byte_map_base: 0x000002297e374000

Marking Bits (Prev, Next): (CMBitMap*) 0x0000022978aee948, (CMBitMap*) 0x0000022978aee980
 Prev Bits: [0x000002290f000000, 0x0000022910ea0000)
 Next Bits: [0x0000022910ea0000, 0x0000022912d40000)

Polling page: 0x000002297dd60000

Metaspace:

Usage:
  Non-class:     55.45 MB capacity,    54.81 MB ( 99%) used,   532.13 KB ( <1%) free+waste,   126.00 KB ( <1%) overhead. 
      Class:      7.46 MB capacity,     7.11 MB ( 95%) used,   306.64 KB (  4%) free+waste,    55.69 KB ( <1%) overhead. 
       Both:     62.91 MB capacity,    61.92 MB ( 98%) used,   838.77 KB (  1%) free+waste,   181.69 KB ( <1%) overhead. 

Virtual space:
  Non-class space:       56.00 MB reserved,      55.50 MB (>99%) committed 
      Class space:        1.00 GB reserved,       7.50 MB ( <1%) committed 
             Both:        1.05 GB reserved,      63.00 MB (  6%) committed 

Chunk freelists:
   Non-Class:  51.00 KB
       Class:  7.00 KB
        Both:  58.00 KB

MaxMetaspaceSize: 17179869184.00 GB
CompressedClassSpaceSize: 1.00 GB
Initial GC threshold: 20.80 MB
Current GC threshold: 105.00 MB
CDS: off

CodeHeap 'non-profiled nmethods': size=120064Kb used=10913Kb max_used=10913Kb free=109150Kb
 bounds [0x0000022907ac0000, 0x0000022908580000, 0x000002290f000000]
CodeHeap 'profiled nmethods': size=120000Kb used=30093Kb max_used=32266Kb free=89906Kb
 bounds [0x0000022900590000, 0x0000022902520000, 0x0000022907ac0000]
CodeHeap 'non-nmethods': size=5696Kb used=1255Kb max_used=1319Kb free=4440Kb
 bounds [0x0000022900000000, 0x0000022900270000, 0x0000022900590000]
 total_blobs=14125 nmethods=13611 adapters=422
 compilation: enabled
              stopped_count=0, restarted_count=0
 full_count=0

Compilation events (20 events):
Event: 65.003 Thread 0x0000022914d90800 nmethod 14780 0x0000022907d1c410 code [0x0000022907d1c7a0, 0x0000022907d1e3a0]
Event: 65.003 Thread 0x0000022914d90800 14793       4       org.jetbrains.kotlin.com.intellij.util.SmartList$SingletonIterator::checkCoModification (60 bytes)
Event: 65.004 Thread 0x0000022914d90800 nmethod 14793 0x0000022907b9a210 code [0x0000022907b9a3a0, 0x0000022907b9a438]
Event: 65.004 Thread 0x0000022914d90800 14781       4       org.jetbrains.kotlin.resolve.constants.evaluate.ConstantExpressionEvaluatorVisitor::visitSimpleNameExpression (319 bytes)
Event: 65.066 Thread 0x0000022914d92000 14795       3       org.jetbrains.kotlin.resolve.DescriptorResolver::checkBounds (304 bytes)
Event: 65.068 Thread 0x0000022914d92000 nmethod 14795 0x000002290059c190 code [0x000002290059c640, 0x000002290059ec68]
Event: 65.084 Thread 0x0000022914d90800 nmethod 14781 0x0000022907c10d90 code [0x0000022907c11120, 0x0000022907c12ce0]
Event: 65.085 Thread 0x0000022914d90800 14794       4       org.jetbrains.kotlin.psi.KtValueArgument::getArgumentExpression (47 bytes)
Event: 65.089 Thread 0x0000022914d90800 nmethod 14794 0x0000022907d1bc90 code [0x0000022907d1be60, 0x0000022907d1c0b8]
Event: 65.089 Thread 0x0000022914d90800 14788       4       org.jetbrains.kotlin.resolve.calls.CallExpressionResolver::getSimpleNameExpressionTypeInfo (395 bytes)
Event: 65.116 Thread 0x0000022914d92000 14801       3       org.jetbrains.kotlin.psi.KtFunctionNotStubbed::getTypeConstraints (5 bytes)
Event: 65.116 Thread 0x0000022914d92000 nmethod 14801 0x00000229006f9510 code [0x00000229006f9700, 0x00000229006f9c38]
Event: 65.116 Thread 0x0000022914d92000 14802       3       org.jetbrains.kotlin.psi.KtFunctionNotStubbed::getTypeConstraintList (5 bytes)
Event: 65.117 Thread 0x0000022914d92000 nmethod 14802 0x0000022900903710 code [0x0000022900903920, 0x0000022900903f68]
Event: 65.117 Thread 0x0000022914d92000 14803       3       org.jetbrains.kotlin.psi.KtTypeParameterListOwnerNotStubbed::getTypeConstraintList (11 bytes)
Event: 65.117 Thread 0x0000022914d92000 nmethod 14803 0x000002290063b990 code [0x000002290063bba0, 0x000002290063c188]
Event: 65.117 Thread 0x0000022914d92000 14804       3       org.jetbrains.kotlin.psi.KtFunctionLiteral::hasBody (13 bytes)
Event: 65.117 Thread 0x0000022914d92000 nmethod 14804 0x0000022900d23010 code [0x0000022900d23200, 0x0000022900d236e8]
Event: 65.175 Thread 0x0000022914d92000 14806       2       org.jetbrains.kotlin.resolve.DescriptorResolver::checkBoundsInTypeAlias (76 bytes)
Event: 65.176 Thread 0x0000022914d92000 nmethod 14806 0x000002290063cf10 code [0x000002290063d140, 0x000002290063d558]

GC Heap History (20 events):
Event: 53.363 GC heap before
{Heap before GC invocations=44 (full 0):
 garbage-first heap   total 220160K, used 181518K [0x0000000085800000, 0x0000000100000000)
  region size 1024K, 51 young (52224K), 6 survivors (6144K)
 Metaspace       used 62801K, capacity 63833K, committed 64000K, reserved 1105920K
  class space    used 7270K, capacity 7640K, committed 7680K, reserved 1048576K
}
Event: 53.386 GC heap after
{Heap after GC invocations=45 (full 0):
 garbage-first heap   total 220160K, used 138148K [0x0000000085800000, 0x0000000100000000)
  region size 1024K, 5 young (5120K), 5 survivors (5120K)
 Metaspace       used 62801K, capacity 63833K, committed 64000K, reserved 1105920K
  class space    used 7270K, capacity 7640K, committed 7680K, reserved 1048576K
}
Event: 54.777 GC heap before
{Heap before GC invocations=46 (full 0):
 garbage-first heap   total 220160K, used 184228K [0x0000000085800000, 0x0000000100000000)
  region size 1024K, 50 young (51200K), 5 survivors (5120K)
 Metaspace       used 62824K, capacity 63833K, committed 64000K, reserved 1105920K
  class space    used 7271K, capacity 7640K, committed 7680K, reserved 1048576K
}
Event: 54.799 GC heap after
{Heap after GC invocations=47 (full 0):
 garbage-first heap   total 220160K, used 141553K [0x0000000085800000, 0x0000000100000000)
  region size 1024K, 6 young (6144K), 6 survivors (6144K)
 Metaspace       used 62824K, capacity 63833K, committed 64000K, reserved 1105920K
  class space    used 7271K, capacity 7640K, committed 7680K, reserved 1048576K
}
Event: 55.477 GC heap before
{Heap before GC invocations=47 (full 0):
 garbage-first heap   total 220160K, used 185585K [0x0000000085800000, 0x0000000100000000)
  region size 1024K, 49 young (50176K), 6 survivors (6144K)
 Metaspace       used 62847K, capacity 63904K, committed 64000K, reserved 1105920K
  class space    used 7271K, capacity 7641K, committed 7680K, reserved 1048576K
}
Event: 55.506 GC heap after
{Heap after GC invocations=48 (full 0):
 garbage-first heap   total 264192K, used 144215K [0x0000000085800000, 0x0000000100000000)
  region size 1024K, 6 young (6144K), 6 survivors (6144K)
 Metaspace       used 62847K, capacity 63904K, committed 64000K, reserved 1105920K
  class space    used 7271K, capacity 7641K, committed 7680K, reserved 1048576K
}
Event: 56.985 GC heap before
{Heap before GC invocations=49 (full 0):
 garbage-first heap   total 264192K, used 202583K [0x0000000085800000, 0x0000000100000000)
  region size 1024K, 63 young (64512K), 6 survivors (6144K)
 Metaspace       used 62917K, capacity 63968K, committed 64256K, reserved 1105920K
  class space    used 7271K, capacity 7641K, committed 7680K, reserved 1048576K
}
Event: 57.007 GC heap after
{Heap after GC invocations=50 (full 0):
 garbage-first heap   total 264192K, used 147456K [0x0000000085800000, 0x0000000100000000)
  region size 1024K, 6 young (6144K), 6 survivors (6144K)
 Metaspace       used 62917K, capacity 63968K, committed 64256K, reserved 1105920K
  class space    used 7271K, capacity 7641K, committed 7680K, reserved 1048576K
}
Event: 58.581 GC heap before
{Heap before GC invocations=50 (full 0):
 garbage-first heap   total 264192K, used 207872K [0x0000000085800000, 0x0000000100000000)
  region size 1024K, 65 young (66560K), 6 survivors (6144K)
 Metaspace       used 63040K, capacity 64096K, committed 64256K, reserved 1105920K
  class space    used 7273K, capacity 7641K, committed 7680K, reserved 1048576K
}
Event: 58.638 GC heap after
{Heap after GC invocations=51 (full 0):
 garbage-first heap   total 264192K, used 150404K [0x0000000085800000, 0x0000000100000000)
  region size 1024K, 6 young (6144K), 6 survivors (6144K)
 Metaspace       used 63040K, capacity 64096K, committed 64256K, reserved 1105920K
  class space    used 7273K, capacity 7641K, committed 7680K, reserved 1048576K
}
Event: 60.015 GC heap before
{Heap before GC invocations=52 (full 0):
 garbage-first heap   total 264192K, used 211844K [0x0000000085800000, 0x0000000100000000)
  region size 1024K, 66 young (67584K), 6 survivors (6144K)
 Metaspace       used 63190K, capacity 64227K, committed 64512K, reserved 1105920K
  class space    used 7278K, capacity 7641K, committed 7680K, reserved 1048576K
}
Event: 60.033 GC heap after
{Heap after GC invocations=53 (full 0):
 garbage-first heap   total 264192K, used 153827K [0x0000000085800000, 0x0000000100000000)
  region size 1024K, 7 young (7168K), 7 survivors (7168K)
 Metaspace       used 63190K, capacity 64227K, committed 64512K, reserved 1105920K
  class space    used 7278K, capacity 7641K, committed 7680K, reserved 1048576K
}
Event: 61.148 GC heap before
{Heap before GC invocations=53 (full 0):
 garbage-first heap   total 264192K, used 215267K [0x0000000085800000, 0x0000000100000000)
  region size 1024K, 67 young (68608K), 7 survivors (7168K)
 Metaspace       used 63229K, capacity 64229K, committed 64512K, reserved 1105920K
  class space    used 7278K, capacity 7641K, committed 7680K, reserved 1048576K
}
Event: 61.167 GC heap after
{Heap after GC invocations=54 (full 0):
 garbage-first heap   total 264192K, used 156492K [0x0000000085800000, 0x0000000100000000)
  region size 1024K, 6 young (6144K), 6 survivors (6144K)
 Metaspace       used 63229K, capacity 64229K, committed 64512K, reserved 1105920K
  class space    used 7278K, capacity 7641K, committed 7680K, reserved 1048576K
}
Event: 62.463 GC heap before
{Heap before GC invocations=55 (full 0):
 garbage-first heap   total 264192K, used 217932K [0x0000000085800000, 0x0000000100000000)
  region size 1024K, 66 young (67584K), 6 survivors (6144K)
 Metaspace       used 63327K, capacity 64358K, committed 64512K, reserved 1105920K
  class space    used 7278K, capacity 7641K, committed 7680K, reserved 1048576K
}
Event: 62.496 GC heap after
{Heap after GC invocations=56 (full 0):
 garbage-first heap   total 264192K, used 160465K [0x0000000085800000, 0x0000000100000000)
  region size 1024K, 7 young (7168K), 7 survivors (7168K)
 Metaspace       used 63327K, capacity 64358K, committed 64512K, reserved 1105920K
  class space    used 7278K, capacity 7641K, committed 7680K, reserved 1048576K
}
Event: 63.478 GC heap before
{Heap before GC invocations=56 (full 0):
 garbage-first heap   total 264192K, used 220881K [0x0000000085800000, 0x0000000100000000)
  region size 1024K, 66 young (67584K), 7 survivors (7168K)
 Metaspace       used 63344K, capacity 64358K, committed 64512K, reserved 1105920K
  class space    used 7278K, capacity 7641K, committed 7680K, reserved 1048576K
}
Event: 63.504 GC heap after
{Heap after GC invocations=57 (full 0):
 garbage-first heap   total 264192K, used 164004K [0x0000000085800000, 0x0000000100000000)
  region size 1024K, 7 young (7168K), 7 survivors (7168K)
 Metaspace       used 63344K, capacity 64358K, committed 64512K, reserved 1105920K
  class space    used 7278K, capacity 7641K, committed 7680K, reserved 1048576K
}
Event: 65.011 GC heap before
{Heap before GC invocations=58 (full 0):
 garbage-first heap   total 264192K, used 224420K [0x0000000085800000, 0x0000000100000000)
  region size 1024K, 66 young (67584K), 7 survivors (7168K)
 Metaspace       used 63396K, capacity 64422K, committed 64512K, reserved 1105920K
  class space    used 7278K, capacity 7641K, committed 7680K, reserved 1048576K
}
Event: 65.037 GC heap after
{Heap after GC invocations=59 (full 0):
 garbage-first heap   total 317440K, used 167062K [0x0000000085800000, 0x0000000100000000)
  region size 1024K, 7 young (7168K), 7 survivors (7168K)
 Metaspace       used 63396K, capacity 64422K, committed 64512K, reserved 1105920K
  class space    used 7278K, capacity 7641K, committed 7680K, reserved 1048576K
}

Deoptimization events (20 events):
Event: 60.062 Thread 0x0000022978aad800 Uncommon trap: trap_request=0xfffffff4 fr.pc=0x0000022908099824 relative=0x00000000000000e4
Event: 60.062 Thread 0x0000022978aad800 Uncommon trap: reason=null_check action=make_not_entrant pc=0x0000022908099824 method=org.jetbrains.kotlin.psi.KtPsiUtil.deparenthesizeOnce(Lorg/jetbrains/kotlin/psi/KtExpression;Z)Lorg/jetbrains/kotlin/psi/KtExpression; @ 1 c2
Event: 60.062 Thread 0x0000022978aad800 DEOPT PACKING pc=0x0000022908099824 sp=0x000000976fef7100
Event: 60.062 Thread 0x0000022978aad800 DEOPT UNPACKING pc=0x00000229000085af sp=0x000000976fef7090 mode 2
Event: 60.258 Thread 0x0000022978aad800 Uncommon trap: trap_request=0xffffffbe fr.pc=0x0000022908406944 relative=0x0000000000001dc4
Event: 60.258 Thread 0x0000022978aad800 Uncommon trap: reason=profile_predicate action=maybe_recompile pc=0x0000022908406944 method=org.jetbrains.kotlin.contracts.EffectSystem.recordDefiniteInvocations(Lorg/jetbrains/kotlin/resolve/calls/model/ResolvedCall;Lorg/jetbrains/kotlin/resolve/BindingT
Event: 60.258 Thread 0x0000022978aad800 DEOPT PACKING pc=0x0000022908406944 sp=0x000000976fefc6e0
Event: 60.258 Thread 0x0000022978aad800 DEOPT UNPACKING pc=0x00000229000085af sp=0x000000976fefc6d0 mode 2
Event: 60.706 Thread 0x0000022978aad800 DEOPT PACKING pc=0x00000229022186af sp=0x000000976fef7a80
Event: 60.707 Thread 0x0000022978aad800 DEOPT UNPACKING pc=0x0000022900049d0e sp=0x000000976fef6fa8 mode 0
Event: 60.707 Thread 0x0000022978aad800 DEOPT PACKING pc=0x0000022902219157 sp=0x000000976fef7a40
Event: 60.707 Thread 0x0000022978aad800 DEOPT UNPACKING pc=0x0000022900049d0e sp=0x000000976fef6f28 mode 0
Event: 60.737 Thread 0x0000022978aad800 DEOPT PACKING pc=0x000002290221eed7 sp=0x000000976fefb710
Event: 60.737 Thread 0x0000022978aad800 DEOPT UNPACKING pc=0x0000022900049d0e sp=0x000000976fefac58 mode 0
Event: 61.917 Thread 0x0000022978aad800 Uncommon trap: trap_request=0xffffff7e fr.pc=0x0000022908540cf4 relative=0x0000000000003b94
Event: 61.917 Thread 0x0000022978aad800 Uncommon trap: reason=predicate action=maybe_recompile pc=0x0000022908540cf4 method=org.jetbrains.kotlin.resolve.calls.tower.MemberScopeTowerLevel.collectMembers(Lkotlin/jvm/functions/Function2;)Ljava/util/Collection; @ 178 c2
Event: 61.917 Thread 0x0000022978aad800 DEOPT PACKING pc=0x0000022908540cf4 sp=0x000000976fef8fa0
Event: 61.917 Thread 0x0000022978aad800 DEOPT UNPACKING pc=0x00000229000085af sp=0x000000976fef8fd8 mode 2
Event: 62.454 Thread 0x0000022978aad800 DEOPT PACKING pc=0x00000229024947e6 sp=0x000000976fefc270
Event: 62.454 Thread 0x0000022978aad800 DEOPT UNPACKING pc=0x0000022900049d0e sp=0x000000976fefb748 mode 0

Classes redefined (0 events):
No events

Internal exceptions (20 events):
Event: 36.762 Thread 0x0000022978aad800 Implicit null exception at 0x0000022907c26ad4 to 0x0000022907c2ed48
Event: 36.762 Thread 0x0000022978aad800 Implicit null exception at 0x0000022907c26ad4 to 0x0000022907c2ed48
Event: 36.762 Thread 0x0000022978aad800 Implicit null exception at 0x0000022907c26ad4 to 0x0000022907c2ed48
Event: 36.763 Thread 0x0000022978aad800 Implicit null exception at 0x0000022907c26ad4 to 0x0000022907c2ed48
Event: 36.763 Thread 0x0000022978aad800 Implicit null exception at 0x0000022907c26ad4 to 0x0000022907c2ed48
Event: 36.763 Thread 0x0000022978aad800 Implicit null exception at 0x0000022907c63278 to 0x0000022907c65020
Event: 37.732 Thread 0x0000022978aad800 Implicit null exception at 0x0000022907c67015 to 0x0000022907c67d48
Event: 39.043 Thread 0x0000022978aad800 Implicit null exception at 0x00000229080ad6f7 to 0x00000229080add2c
Event: 41.655 Thread 0x0000022978aad800 Implicit null exception at 0x0000022907fe6cc5 to 0x0000022907fe70c8
Event: 41.655 Thread 0x0000022978aad800 Implicit null exception at 0x0000022907fbdc48 to 0x0000022907fbe00c
Event: 41.655 Thread 0x0000022978aad800 Implicit null exception at 0x0000022907fdd03e to 0x0000022907fdd2d0
Event: 41.655 Thread 0x0000022978aad800 Implicit null exception at 0x0000022907d84cf3 to 0x0000022907d84ea0
Event: 46.337 Thread 0x0000022978aad800 Implicit null exception at 0x00000229082419f1 to 0x0000022908241e34
Event: 46.338 Thread 0x0000022978aad800 Implicit null exception at 0x00000229082419f1 to 0x0000022908241e34
Event: 46.339 Thread 0x0000022978aad800 Implicit null exception at 0x00000229082419f1 to 0x0000022908241e34
Event: 46.446 Thread 0x0000022978aad800 Implicit null exception at 0x00000229082419f1 to 0x0000022908241e34
Event: 50.232 Thread 0x0000022978aad800 Implicit null exception at 0x00000229081de5fa to 0x00000229081deb78
Event: 52.457 Thread 0x0000022978aad800 Implicit null exception at 0x0000022907fab1eb to 0x0000022907fac6e0
Event: 52.824 Thread 0x0000022978aad800 Implicit null exception at 0x00000229083866d8 to 0x0000022908386ffd
Event: 60.062 Thread 0x0000022978aad800 Implicit null exception at 0x000002290809974c to 0x0000022908099814

Events (20 events):
Event: 61.941 Thread 0x000002297f5e0000 flushing nmethod 0x0000022901023410
Event: 61.941 Thread 0x000002297f5e0000 flushing nmethod 0x0000022901027590
Event: 61.941 Thread 0x000002297f5e0000 flushing nmethod 0x0000022901027c10
Event: 61.941 Thread 0x000002297f5e0000 flushing nmethod 0x000002290105c790
Event: 61.941 Thread 0x000002297f5e0000 flushing nmethod 0x000002290108bd90
Event: 61.942 Thread 0x000002297f5e0000 flushing nmethod 0x00000229010b4c10
Event: 61.949 Thread 0x000002297f5e0000 flushing nmethod 0x00000229018cbd90
Event: 61.951 Thread 0x000002297f5e0000 flushing nmethod 0x0000022901b16a10
Event: 61.960 Executing VM operation: CGC_Operation
Event: 61.961 Executing VM operation: CGC_Operation done
Event: 62.463 Executing VM operation: G1CollectForAllocation
Event: 62.496 Executing VM operation: G1CollectForAllocation done
Event: 63.478 Executing VM operation: G1CollectForAllocation
Event: 63.504 Executing VM operation: G1CollectForAllocation done
Event: 64.017 Executing VM operation: CGC_Operation
Event: 64.042 Executing VM operation: CGC_Operation done
Event: 64.377 Executing VM operation: CGC_Operation
Event: 64.384 Executing VM operation: CGC_Operation done
Event: 65.011 Executing VM operation: G1CollectForAllocation
Event: 65.037 Executing VM operation: G1CollectForAllocation done


Dynamic libraries:
0x00007ff7fa940000 - 0x00007ff7fa94a000 	C:\Program Files\Android\Android Studio\jre\bin\java.exe
0x00007ffb08670000 - 0x00007ffb08887000 	C:\WINDOWS\SYSTEM32\ntdll.dll
0x00007ffb06d80000 - 0x00007ffb06e44000 	C:\WINDOWS\System32\KERNEL32.DLL
0x00007ffb05f70000 - 0x00007ffb06315000 	C:\WINDOWS\System32\KERNELBASE.dll
0x00007ffb05c30000 - 0x00007ffb05d41000 	C:\WINDOWS\System32\ucrtbase.dll
0x00007ffae8e00000 - 0x00007ffae8e17000 	C:\Program Files\Android\Android Studio\jre\bin\VCRUNTIME140.dll
0x00007ffae8de0000 - 0x00007ffae8df9000 	C:\Program Files\Android\Android Studio\jre\bin\jli.dll
0x00007ffb070c0000 - 0x00007ffb0726e000 	C:\WINDOWS\System32\USER32.dll
0x00007ffb05f40000 - 0x00007ffb05f66000 	C:\WINDOWS\System32\win32u.dll
0x00007ffb07c40000 - 0x00007ffb07c69000 	C:\WINDOWS\System32\GDI32.dll
0x00007ffb059e0000 - 0x00007ffb05af9000 	C:\WINDOWS\System32\gdi32full.dll
0x00007ffb06320000 - 0x00007ffb063ba000 	C:\WINDOWS\System32\msvcp_win.dll
0x00007ffb04b50000 - 0x00007ffb04de3000 	C:\WINDOWS\WinSxS\amd64_microsoft.windows.common-controls_6595b64144ccf1df_6.0.22621.2506_none_270c5ae97388e100\COMCTL32.dll
0x00007ffb06e60000 - 0x00007ffb06f07000 	C:\WINDOWS\System32\msvcrt.dll
0x00007ffb07fe0000 - 0x00007ffb08011000 	C:\WINDOWS\System32\IMM32.DLL
0x00007ffabfe70000 - 0x00007ffabff0d000 	C:\Program Files\Android\Android Studio\jre\bin\msvcp140.dll
0x00007ffa682d0000 - 0x00007ffa68dd2000 	C:\Program Files\Android\Android Studio\jre\bin\server\jvm.dll
0x00007ffb07b80000 - 0x00007ffb07c31000 	C:\WINDOWS\System32\ADVAPI32.dll
0x00007ffb063c0000 - 0x00007ffb06466000 	C:\WINDOWS\System32\sechost.dll
0x00007ffb06470000 - 0x00007ffb06587000 	C:\WINDOWS\System32\RPCRT4.dll
0x00007ffb06d10000 - 0x00007ffb06d18000 	C:\WINDOWS\System32\PSAPI.DLL
0x00007ffb03c40000 - 0x00007ffb03c4a000 	C:\WINDOWS\SYSTEM32\VERSION.dll
0x00007ffaf8e30000 - 0x00007ffaf8e64000 	C:\WINDOWS\SYSTEM32\WINMM.dll
0x00007ffaebd00000 - 0x00007ffaebd09000 	C:\WINDOWS\SYSTEM32\WSOCK32.dll
0x00007ffb08020000 - 0x00007ffb08091000 	C:\WINDOWS\System32\WS2_32.dll
0x00007ffb03b30000 - 0x00007ffb03b48000 	C:\WINDOWS\SYSTEM32\kernel.appcore.dll
0x00007ffae3310000 - 0x00007ffae3321000 	C:\Program Files\Android\Android Studio\jre\bin\verify.dll
0x00007ffb05220000 - 0x00007ffb05453000 	C:\WINDOWS\SYSTEM32\DBGHELP.DLL
0x00007ffb080a0000 - 0x00007ffb08429000 	C:\WINDOWS\System32\combase.dll
0x00007ffb06a90000 - 0x00007ffb06b67000 	C:\WINDOWS\System32\OLEAUT32.dll
0x00007ffb05020000 - 0x00007ffb05052000 	C:\WINDOWS\SYSTEM32\dbgcore.DLL
0x00007ffb05d50000 - 0x00007ffb05dca000 	C:\WINDOWS\System32\bcryptPrimitives.dll
0x00007ffad4c20000 - 0x00007ffad4c49000 	C:\Program Files\Android\Android Studio\jre\bin\java.dll
0x00007ffae8390000 - 0x00007ffae839b000 	C:\Program Files\Android\Android Studio\jre\bin\jimage.dll
0x00007ffad4120000 - 0x00007ffad4138000 	C:\Program Files\Android\Android Studio\jre\bin\zip.dll
0x00007ffb07320000 - 0x00007ffb07b79000 	C:\WINDOWS\System32\SHELL32.dll
0x00007ffb029e0000 - 0x00007ffb032d4000 	C:\WINDOWS\SYSTEM32\windows.storage.dll
0x00007ffb028a0000 - 0x00007ffb029de000 	C:\WINDOWS\SYSTEM32\wintypes.dll
0x00007ffb06c10000 - 0x00007ffb06d03000 	C:\WINDOWS\System32\SHCORE.dll
0x00007ffb06d20000 - 0x00007ffb06d7e000 	C:\WINDOWS\System32\shlwapi.dll
0x00007ffb05910000 - 0x00007ffb05936000 	C:\WINDOWS\SYSTEM32\profapi.dll
0x00007ffad2ca0000 - 0x00007ffad2cba000 	C:\Program Files\Android\Android Studio\jre\bin\net.dll
0x00007ffafacd0000 - 0x00007ffafae07000 	C:\WINDOWS\SYSTEM32\WINHTTP.dll
0x00007ffb03f90000 - 0x00007ffb03ff9000 	C:\WINDOWS\system32\mswsock.dll
0x00007ffad2c80000 - 0x00007ffad2c94000 	C:\Program Files\Android\Android Studio\jre\bin\nio.dll

dbghelp: loaded successfully - version: 4.0.5 - missing functions: none
symbol engine: initialized successfully - sym options: 0x614 - pdb path: .;C:\Program Files\Android\Android Studio\jre\bin;C:\WINDOWS\SYSTEM32;C:\WINDOWS\WinSxS\amd64_microsoft.windows.common-controls_6595b64144ccf1df_6.0.22621.2506_none_270c5ae97388e100;C:\Program Files\Android\Android Studio\jre\bin\server

VM Arguments:
java_command: org.jetbrains.kotlin.cli.jvm.K2JVMCompiler -Xadd-compiler-builtins -Xbuild-file=C:\Users\MAZENE~2\AppData\Local\Temp\kjps11195091953248904419app_debug.script.xml -classpath C:\Users\Mazenet-Mounika\Documents\Sivasarvana\Catalyst_chit_Employee_app\app\src\main\lib\palmandro-2.0.jar;C:\Users\Mazenet-Mounika\Documents\Sivasarvana\Catalyst_chit_Employee_app\app\src\main\lib\RT_Android_Bluetooth_SDK_20150204.jar;C:\Users\Mazenet-Mounika\.gradle\caches\modules-2\files-2.1\org.jetbrains.kotlin\kotlin-stdlib-jdk7\1.3.21\d207ce2c9bcf17dc8e51bab4dbfdac4d013e7138\kotlin-stdlib-jdk7-1.3.21.jar;C:\Users\Mazenet-Mounika\.gradle\caches\modules-2\files-2.1\org.jetbrains.kotlin\kotlin-stdlib\1.3.21\4bcc2012b84840e19e1e28074284cac908be0295\kotlin-stdlib-1.3.21.jar;C:\Users\Mazenet-Mounika\.gradle\caches\modules-2\files-2.1\org.jetbrains.kotlin\kotlin-stdlib-common\1.3.21\f30e4a9897913e53d778f564110bafa1fef46643\kotlin-stdlib-common-1.3.21.jar;C:\Users\Mazenet-Mounika\.gradle\caches\modules-2\files-2.1\org.jetbrains\annotations\13.0\919f0dfe192fb4e063e7dacadee7f8bb9a2672a9\annotations-13.0.jar;C:\Users\Mazenet-Mounika\.gradle\caches\transforms-2\files-2.1\457910f30872812884c0e38113fa7052\design-28.0.0-api.jar;C:\Users\Mazenet-Mounika\.gradle\caches\transforms-2\files-2.1\86ea8a52be2101b5a5186862133d32fd\SearchableSpinner-1.9-api.jar;C:\Users\Mazenet-Mounika\.gradle\caches\transforms-2\files-2.1\1f1e3be0e08487d3934512eb37c1f840\android-image-cropper-2.7.0-api.jar;C:\Users\Mazenet-Mounika\.gradle\caches\transforms-2\files-2.1\f92a5f638e00289c1066cbeb6b82830c\library-0.2.0-api.jar;C:\Users\Mazenet-Mounika\.gradle\caches\transforms-2\files-2.1\c3454a27f911ef31375f8983cc7603cd\appcompat-v7-28.0.0-api.jar;C:\Users\Mazenet-Mounika\.gradle\caches\transforms-2\files-2.1\a6a9b6a45220421c00d813293801c475\library-1.6-api.jar;C:\Users\Mazenet-Mounika\.gradle\caches\transforms-2\files-2.1\0972ba0d990f5e80b14d659a280e7a08\support-v4-28.0.0-api.jar;C:\Users\Mazenet-Mounika\.gradle\cac
java_class_path (initial): C:\Users\Mazenet-Mounika\.gradle\caches\modules-2\files-2.1\org.jetbrains.kotlin\kotlin-compiler-embeddable\1.3.21\677cc9553b8964c895abc76da9b6a0faea8f671d\kotlin-compiler-embeddable-1.3.21.jar;C:\Users\Mazenet-Mounika\.gradle\caches\modules-2\files-2.1\org.jetbrains.kotlin\kotlin-reflect\1.3.21\d0d5ff2ac2ebd8a42697af41e20fc225a23c5d3b\kotlin-reflect-1.3.21.jar;C:\Users\Mazenet-Mounika\.gradle\caches\modules-2\files-2.1\org.jetbrains.kotlin\kotlin-stdlib\1.3.21\4bcc2012b84840e19e1e28074284cac908be0295\kotlin-stdlib-1.3.21.jar;C:\Users\Mazenet-Mounika\.gradle\caches\modules-2\files-2.1\org.jetbrains.kotlin\kotlin-script-runtime\1.3.21\29363d474ee6fda354900636320a177c7286def9\kotlin-script-runtime-1.3.21.jar;C:\Users\Mazenet-Mounika\.gradle\caches\modules-2\files-2.1\org.jetbrains.intellij.deps\trove4j\1.0.20181211\216c2e14b070f334479d800987affe4054cd563f\trove4j-1.0.20181211.jar;C:\Users\Mazenet-Mounika\.gradle\caches\modules-2\files-2.1\org.jetbrains.kotlin\kotlin-stdlib-common\1.3.21\f30e4a9897913e53d778f564110bafa1fef46643\kotlin-stdlib-common-1.3.21.jar;C:\Users\Mazenet-Mounika\.gradle\caches\modules-2\files-2.1\org.jetbrains\annotations\13.0\919f0dfe192fb4e063e7dacadee7f8bb9a2672a9\annotations-13.0.jar
Launcher Type: SUN_STANDARD

[Global flags]
     intx CICompilerCount                          = 3                                         {product} {ergonomic}
     uint ConcGCThreads                            = 1                                         {product} {ergonomic}
     uint G1ConcRefinementThreads                  = 4                                         {product} {ergonomic}
   size_t G1HeapRegionSize                         = 1048576                                   {product} {ergonomic}
    uintx GCDrainStackTargetSize                   = 64                                        {product} {ergonomic}
   size_t InitialHeapSize                          = 130023424                                 {product} {ergonomic}
   size_t MarkStackSize                            = 4194304                                   {product} {ergonomic}
   size_t MaxHeapSize                              = 2055208960                                {product} {ergonomic}
   size_t MaxNewSize                               = 1233125376                                {product} {ergonomic}
   size_t MinHeapDeltaBytes                        = 1048576                                   {product} {ergonomic}
    uintx NonNMethodCodeHeapSize                   = 5830732                                {pd product} {ergonomic}
    uintx NonProfiledCodeHeapSize                  = 122913754                              {pd product} {ergonomic}
    uintx ProfiledCodeHeapSize                     = 122913754                              {pd product} {ergonomic}
    uintx ReservedCodeCacheSize                    = 251658240                              {pd product} {ergonomic}
     bool SegmentedCodeCache                       = true                                      {product} {ergonomic}
     bool UseCompressedClassPointers               = true                                 {lp64_product} {ergonomic}
     bool UseCompressedOops                        = true                                 {lp64_product} {ergonomic}
     bool UseG1GC                                  = true                                      {product} {ergonomic}
     bool UseLargePagesIndividualAllocation        = false                                  {pd product} {ergonomic}

Logging:
Log output configuration:
 #0: stdout all=warning uptime,level,tags
 #1: stderr all=off uptime,level,tags

Environment Variables:
PATH=C:\Program Files\Common Files\Oracle\Java\javapath;C:\WINDOWS\system32;C:\WINDOWS;C:\WINDOWS\System32\Wbem;C:\WINDOWS\System32\WindowsPowerShell\v1.0\;C:\WINDOWS\System32\OpenSSH\;C:\Program Files\Java\jdk-18.0.2.1\bin;C:\Program Files\Git\cmd;C:\Program Files\Git\bin;C:\srcs\flutter\bin;C:\Users\Mazenet-Mounika\AppData\Local\Microsoft\WindowsApps;C:\Users\Mazenet-Mounika\AppData\Local\GitHubDesktop\bin;C:\Users\Mazenet-Mounika\AppData\Local\Programs\Git\cmd;flutter\bin;
USERNAME=Mazenet-Mounika
OS=Windows_NT
PROCESSOR_IDENTIFIER=Intel64 Family 6 Model 140 Stepping 1, GenuineIntel



---------------  S Y S T E M  ---------------

OS: Windows 11 , 64 bit Build 22621 (10.0.22621.2506)
OS uptime: 3 days 0:43 hours

CPU:total 4 (initial active 4) (2 cores per cpu, 2 threads per core) family 6 model 140 stepping 1 microcode 0xaa, cmov, cx8, fxsr, mmx, sse, sse2, sse3, ssse3, sse4.1, sse4.2, popcnt, avx, avx2, aes, clmul, erms, 3dnowpref, lzcnt, ht, tsc, tscinvbit, bmi1, bmi2, adx, evex, sha, fma

Memory: 4k page, system-wide physical 7834M (194M free)
TotalPageFile size 25536M (AvailPageFile size 6M)
current process WorkingSet (physical memory assigned to process): 414M, peak: 414M
current process commit charge ("private bytes"): 547M, peak: 548M

vm_info: OpenJDK 64-Bit Server VM (11.0.13+0-b1751.21-8125866) for windows-amd64 JRE (11.0.13+0-b1751.21-8125866), built on Feb  2 2022 03:00:22 by "builder" with MS VC++ 14.0 (VS2015)

END.
